# JRE version: 7.0_11-b21
# Java VM: Java HotSpot(TM) 64-Bit Server VM (23.6-b04 mixed mode windows-amd64 compressed oops)
Heap
 PSYoungGen      total 87744K, used 14048K [0x00000000fa000000, 0x0000000100000000, 0x0000000100000000)
  eden space 78720K, 7% used [0x00000000fa000000,0x00000000fa5ef030,0x00000000fece0000)
  from space 9024K, 88% used [0x00000000ff730000,0x00000000ffef9290,0x0000000100000000)
  to   space 9792K, 0% used [0x00000000fece0000,0x00000000fece0000,0x00000000ff670000)
 ParOldGen       total 70720K, used 53001K [0x00000000e8000000, 0x00000000ec510000, 0x00000000fa000000)
  object space 70720K, 74% used [0x00000000e8000000,0x00000000eb3c26f0,0x00000000ec510000)
 PSPermGen       total 100096K, used 62984K [0x00000000e0000000, 0x00000000e61c0000, 0x00000000e8000000)
  object space 100096K, 62% used [0x00000000e0000000,0x00000000e3d82290,0x00000000e61c0000)
GC Heap History (10 events):
Event: 47.451 GC heap before
{Heap before GC invocations=25 (full 1):
 PSYoungGen      total 89216K, used 83203K [0x00000000fa000000, 0x0000000100000000, 0x0000000100000000)
  eden space 80128K, 100% used [0x00000000fa000000,0x00000000fee40000,0x00000000fee40000)
  from space 9088K, 33% used [0x00000000fee40000,0x00000000ff140d40,0x00000000ff720000)
  to   space 8832K, 0% used [0x00000000ff760000,0x00000000ff760000,0x0000000100000000)
 ParOldGen       total 70720K, used 53001K [0x00000000e8000000, 0x00000000ec510000, 0x00000000fa000000)
  object space 70720K, 74% used [0x00000000e8000000,0x00000000eb3c26f0,0x00000000ec510000)
 PSPermGen       total 100096K, used 58096K [0x00000000e0000000, 0x00000000e61c0000, 0x00000000e8000000)
  object space 100096K, 58% used [0x00000000e0000000,0x00000000e38bc388,0x00000000e61c0000)
Event: 47.462 GC heap after
Heap after GC invocations=25 (full 1):
 PSYoungGen      total 88192K, used 4142K [0x00000000fa000000, 0x00000000fff00000, 0x0000000100000000)
  eden space 80384K, 0% used [0x00000000fa000000,0x00000000fa000000,0x00000000fee80000)
  from space 7808K, 53% used [0x00000000ff760000,0x00000000ffb6bae8,0x00000000fff00000)
  to   space 8448K, 0% used [0x00000000fee80000,0x00000000fee80000,0x00000000ff6c0000)
 ParOldGen       total 70720K, used 53001K [0x00000000e8000000, 0x00000000ec510000, 0x00000000fa000000)
  object space 70720K, 74% used [0x00000000e8000000,0x00000000eb3c26f0,0x00000000ec510000)
 PSPermGen       total 100096K, used 58096K [0x00000000e0000000, 0x00000000e61c0000, 0x00000000e8000000)
  object space 100096K, 58% used [0x00000000e0000000,0x00000000e38bc388,0x00000000e61c0000)
}
Event: 63.540 GC heap before
{Heap before GC invocations=26 (full 1):
 PSYoungGen      total 88192K, used 84526K [0x00000000fa000000, 0x00000000fff00000, 0x0000000100000000)
  eden space 80384K, 100% used [0x00000000fa000000,0x00000000fee80000,0x00000000fee80000)
  from space 7808K, 53% used [0x00000000ff760000,0x00000000ffb6bae8,0x00000000fff00000)
  to   space 8448K, 0% used [0x00000000fee80000,0x00000000fee80000,0x00000000ff6c0000)
 ParOldGen       total 70720K, used 53001K [0x00000000e8000000, 0x00000000ec510000, 0x00000000fa000000)
  object space 70720K, 74% used [0x00000000e8000000,0x00000000eb3c26f0,0x00000000ec510000)
 PSPermGen       total 100096K, used 58759K [0x00000000e0000000, 0x00000000e61c0000, 0x00000000e8000000)
  object space 100096K, 58% used [0x00000000e0000000,0x00000000e3961e08,0x00000000e61c0000)
Event: 63.555 GC heap after
Heap after GC invocations=26 (full 1):
 PSYoungGen      total 88832K, used 5374K [0x00000000fa000000, 0x0000000100000000, 0x0000000100000000)
  eden space 80384K, 0% used [0x00000000fa000000,0x00000000fa000000,0x00000000fee80000)
  from space 8448K, 63% used [0x00000000fee80000,0x00000000ff3bfaf8,0x00000000ff6c0000)
  to   space 8448K, 0% used [0x00000000ff7c0000,0x00000000ff7c0000,0x0000000100000000)
 ParOldGen       total 70720K, used 53001K [0x00000000e8000000, 0x00000000ec510000, 0x00000000fa000000)
  object space 70720K, 74% used [0x00000000e8000000,0x00000000eb3c26f0,0x00000000ec510000)
 PSPermGen       total 100096K, used 58759K [0x00000000e0000000, 0x00000000e61c0000, 0x00000000e8000000)
  object space 100096K, 58% used [0x00000000e0000000,0x00000000e3961e08,0x00000000e61c0000)
}
Event: 66.931 GC heap before
{Heap before GC invocations=27 (full 1):
 PSYoungGen      total 88832K, used 85758K [0x00000000fa000000, 0x0000000100000000, 0x0000000100000000)
  eden space 80384K, 100% used [0x00000000fa000000,0x00000000fee80000,0x00000000fee80000)
  from space 8448K, 63% used [0x00000000fee80000,0x00000000ff3bfaf8,0x00000000ff6c0000)
  to   space 8448K, 0% used [0x00000000ff7c0000,0x00000000ff7c0000,0x0000000100000000)
 ParOldGen       total 70720K, used 53001K [0x00000000e8000000, 0x00000000ec510000, 0x00000000fa000000)
  object space 70720K, 74% used [0x00000000e8000000,0x00000000eb3c26f0,0x00000000ec510000)
 PSPermGen       total 100096K, used 59069K [0x00000000e0000000, 0x00000000e61c0000, 0x00000000e8000000)
  object space 100096K, 59% used [0x00000000e0000000,0x00000000e39af458,0x00000000e61c0000)
Event: 66.943 GC heap after
Heap after GC invocations=27 (full 1):
 PSYoungGen      total 89856K, used 5485K [0x00000000fa000000, 0x0000000100000000, 0x0000000100000000)
  eden space 81408K, 0% used [0x00000000fa000000,0x00000000fa000000,0x00000000fef80000)
  from space 8448K, 64% used [0x00000000ff7c0000,0x00000000ffd1b6f0,0x0000000100000000)
  to   space 8448K, 0% used [0x00000000fef80000,0x00000000fef80000,0x00000000ff7c0000)
 ParOldGen       total 70720K, used 53001K [0x00000000e8000000, 0x00000000ec510000, 0x00000000fa000000)
  object space 70720K, 74% used [0x00000000e8000000,0x00000000eb3c26f0,0x00000000ec510000)
 PSPermGen       total 100096K, used 59069K [0x00000000e0000000, 0x00000000e61c0000, 0x00000000e8000000)
  object space 100096K, 59% used [0x00000000e0000000,0x00000000e39af458,0x00000000e61c0000)
}
Event: 82.335 GC heap before
{Heap before GC invocations=28 (full 1):
 PSYoungGen      total 89856K, used 86893K [0x00000000fa000000, 0x0000000100000000, 0x0000000100000000)
  eden space 81408K, 100% used [0x00000000fa000000,0x00000000fef80000,0x00000000fef80000)
  from space 8448K, 64% used [0x00000000ff7c0000,0x00000000ffd1b6f0,0x0000000100000000)
  to   space 8448K, 0% used [0x00000000fef80000,0x00000000fef80000,0x00000000ff7c0000)
 ParOldGen       total 70720K, used 53001K [0x00000000e8000000, 0x00000000ec510000, 0x00000000fa000000)
  object space 70720K, 74% used [0x00000000e8000000,0x00000000eb3c26f0,0x00000000ec510000)
 PSPermGen       total 100096K, used 62563K [0x00000000e0000000, 0x00000000e61c0000, 0x00000000e8000000)
  object space 100096K, 62% used [0x00000000e0000000,0x00000000e3d18c58,0x00000000e61c0000)
Event: 82.351 GC heap after
Heap after GC invocations=28 (full 1):
 PSYoungGen      total 88704K, used 7253K [0x00000000fa000000, 0x0000000100000000, 0x0000000100000000)
  eden space 81408K, 0% used [0x00000000fa000000,0x00000000fa000000,0x00000000fef80000)
  from space 7296K, 99% used [0x00000000fef80000,0x00000000ff695528,0x00000000ff6a0000)
  to   space 9024K, 0% used [0x00000000ff730000,0x00000000ff730000,0x0000000100000000)
 ParOldGen       total 70720K, used 53001K [0x00000000e8000000, 0x00000000ec510000, 0x00000000fa000000)
  object space 70720K, 74% used [0x00000000e8000000,0x00000000eb3c26f0,0x00000000ec510000)
 PSPermGen       total 100096K, used 62563K [0x00000000e0000000, 0x00000000e61c0000, 0x00000000e8000000)
  object space 100096K, 62% used [0x00000000e0000000,0x00000000e3d18c58,0x00000000e61c0000)
}
Event: 114.533 GC heap before
{Heap before GC invocations=29 (full 1):
 PSYoungGen      total 88704K, used 88661K [0x00000000fa000000, 0x0000000100000000, 0x0000000100000000)
  eden space 81408K, 100% used [0x00000000fa000000,0x00000000fef80000,0x00000000fef80000)
  from space 7296K, 99% used [0x00000000fef80000,0x00000000ff695528,0x00000000ff6a0000)
  to   space 9024K, 0% used [0x00000000ff730000,0x00000000ff730000,0x0000000100000000)
 ParOldGen       total 70720K, used 53001K [0x00000000e8000000, 0x00000000ec510000, 0x00000000fa000000)
  object space 70720K, 74% used [0x00000000e8000000,0x00000000eb3c26f0,0x00000000ec510000)
 PSPermGen       total 100096K, used 62979K [0x00000000e0000000, 0x00000000e61c0000, 0x00000000e8000000)
  object space 100096K, 62% used [0x00000000e0000000,0x00000000e3d80ff0,0x00000000e61c0000)
Event: 114.549 GC heap after
Heap after GC invocations=29 (full 1):
 PSYoungGen      total 87744K, used 7972K [0x00000000fa000000, 0x0000000100000000, 0x0000000100000000)
  eden space 78720K, 0% used [0x00000000fa000000,0x00000000fa000000,0x00000000fece0000)
  from space 9024K, 88% used [0x00000000ff730000,0x00000000ffef9290,0x0000000100000000)
  to   space 9792K, 0% used [0x00000000fece0000,0x00000000fece0000,0x00000000ff670000)
 ParOldGen       total 70720K, used 53001K [0x00000000e8000000, 0x00000000ec510000, 0x00000000fa000000)
  object space 70720K, 74% used [0x00000000e8000000,0x00000000eb3c26f0,0x00000000ec510000)
 PSPermGen       total 100096K, used 62979K [0x00000000e0000000, 0x00000000e61c0000, 0x00000000e8000000)
  object space 100096K, 62% used [0x00000000e0000000,0x00000000e3d80ff0,0x00000000e61c0000)
}

