# JRE version: 7.0_11-b21
# Java VM: Java HotSpot(TM) 64-Bit Server VM (23.6-b04 mixed mode windows-amd64 compressed oops)
Heap
 PSYoungGen      total 83520K, used 37480K [0x00000000fa000000, 0x0000000100000000, 0x0000000100000000)
  eden space 69696K, 53% used [0x00000000fa000000,0x00000000fc49a258,0x00000000fe410000)
  from space 13824K, 0% used [0x00000000ff140000,0x00000000ff140000,0x00000000ffec0000)
  to   space 13504K, 0% used [0x00000000fe410000,0x00000000fe410000,0x00000000ff140000)
 ParOldGen       total 82880K, used 50788K [0x00000000e8000000, 0x00000000ed0f0000, 0x00000000fa000000)
  object space 82880K, 61% used [0x00000000e8000000,0x00000000eb199028,0x00000000ed0f0000)
 PSPermGen       total 130496K, used 70920K [0x00000000e0000000, 0x00000000e7f70000, 0x00000000e8000000)
  object space 130496K, 54% used [0x00000000e0000000,0x00000000e4542300,0x00000000e7f70000)
GC Heap History (10 events):
Event: 4132.929 GC heap before
{Heap before GC invocations=149 (full 2):
 PSYoungGen      total 83456K, used 79332K [0x00000000fa000000, 0x0000000100000000, 0x0000000100000000)
  eden space 70208K, 100% used [0x00000000fa000000,0x00000000fe490000,0x00000000fe490000)
  from space 13248K, 68% used [0x00000000ff240000,0x00000000ffb290d0,0x00000000fff30000)
  to   space 14016K, 0% used [0x00000000fe490000,0x00000000fe490000,0x00000000ff240000)
 ParOldGen       total 72256K, used 64404K [0x00000000e8000000, 0x00000000ec690000, 0x00000000fa000000)
  object space 72256K, 89% used [0x00000000e8000000,0x00000000ebee5048,0x00000000ec690000)
 PSPermGen       total 124800K, used 70922K [0x00000000e0000000, 0x00000000e79e0000, 0x00000000e8000000)
  object space 124800K, 56% used [0x00000000e0000000,0x00000000e45428e8,0x00000000e79e0000)
Event: 4132.939 GC heap after
Heap after GC invocations=149 (full 2):
 PSYoungGen      total 79360K, used 9118K [0x00000000fa000000, 0x0000000100000000, 0x0000000100000000)
  eden space 70208K, 0% used [0x00000000fa000000,0x00000000fa000000,0x00000000fe490000)
  from space 9152K, 99% used [0x00000000fe490000,0x00000000fed77890,0x00000000fed80000)
  to   space 14592K, 0% used [0x00000000ff1c0000,0x00000000ff1c0000,0x0000000100000000)
 ParOldGen       total 72256K, used 64404K [0x00000000e8000000, 0x00000000ec690000, 0x00000000fa000000)
  object space 72256K, 89% used [0x00000000e8000000,0x00000000ebee5048,0x00000000ec690000)
 PSPermGen       total 124800K, used 70922K [0x00000000e0000000, 0x00000000e79e0000, 0x00000000e8000000)
  object space 124800K, 56% used [0x00000000e0000000,0x00000000e45428e8,0x00000000e79e0000)
}
Event: 4133.821 GC heap before
{Heap before GC invocations=150 (full 2):
 PSYoungGen      total 79360K, used 79326K [0x00000000fa000000, 0x0000000100000000, 0x0000000100000000)
  eden space 70208K, 100% used [0x00000000fa000000,0x00000000fe490000,0x00000000fe490000)
  from space 9152K, 99% used [0x00000000fe490000,0x00000000fed77890,0x00000000fed80000)
  to   space 14592K, 0% used [0x00000000ff1c0000,0x00000000ff1c0000,0x0000000100000000)
 ParOldGen       total 72256K, used 64404K [0x00000000e8000000, 0x00000000ec690000, 0x00000000fa000000)
  object space 72256K, 89% used [0x00000000e8000000,0x00000000ebee5048,0x00000000ec690000)
 PSPermGen       total 124800K, used 70924K [0x00000000e0000000, 0x00000000e79e0000, 0x00000000e8000000)
  object space 124800K, 56% used [0x00000000e0000000,0x00000000e45433f0,0x00000000e79e0000)
Event: 4133.832 GC heap after
Heap after GC invocations=150 (full 2):
 PSYoungGen      total 83968K, used 7446K [0x00000000fa000000, 0x0000000100000000, 0x0000000100000000)
  eden space 69376K, 0% used [0x00000000fa000000,0x00000000fa000000,0x00000000fe3c0000)
  from space 14592K, 51% used [0x00000000ff1c0000,0x00000000ff9059f0,0x0000000100000000)
  to   space 14336K, 0% used [0x00000000fe3c0000,0x00000000fe3c0000,0x00000000ff1c0000)
 ParOldGen       total 72256K, used 64428K [0x00000000e8000000, 0x00000000ec690000, 0x00000000fa000000)
  object space 72256K, 89% used [0x00000000e8000000,0x00000000ebeeb048,0x00000000ec690000)
 PSPermGen       total 124800K, used 70924K [0x00000000e0000000, 0x00000000e79e0000, 0x00000000e8000000)
  object space 124800K, 56% used [0x00000000e0000000,0x00000000e45433f0,0x00000000e79e0000)
}
Event: 4134.500 GC heap before
{Heap before GC invocations=151 (full 2):
 PSYoungGen      total 83968K, used 76822K [0x00000000fa000000, 0x0000000100000000, 0x0000000100000000)
  eden space 69376K, 100% used [0x00000000fa000000,0x00000000fe3c0000,0x00000000fe3c0000)
  from space 14592K, 51% used [0x00000000ff1c0000,0x00000000ff9059f0,0x0000000100000000)
  to   space 14336K, 0% used [0x00000000fe3c0000,0x00000000fe3c0000,0x00000000ff1c0000)
 ParOldGen       total 72256K, used 64428K [0x00000000e8000000, 0x00000000ec690000, 0x00000000fa000000)
  object space 72256K, 89% used [0x00000000e8000000,0x00000000ebeeb048,0x00000000ec690000)
 PSPermGen       total 124800K, used 70924K [0x00000000e0000000, 0x00000000e79e0000, 0x00000000e8000000)
  object space 124800K, 56% used [0x00000000e0000000,0x00000000e45433f0,0x00000000e79e0000)
Event: 4134.511 GC heap after
Heap after GC invocations=151 (full 2):
 PSYoungGen      total 73408K, used 4016K [0x00000000fa000000, 0x00000000ffec0000, 0x0000000100000000)
  eden space 69376K, 0% used [0x00000000fa000000,0x00000000fa000000,0x00000000fe3c0000)
  from space 4032K, 99% used [0x00000000fe3c0000,0x00000000fe7ac1f8,0x00000000fe7b0000)
  to   space 13824K, 0% used [0x00000000ff140000,0x00000000ff140000,0x00000000ffec0000)
 ParOldGen       total 72256K, used 67884K [0x00000000e8000000, 0x00000000ec690000, 0x00000000fa000000)
  object space 72256K, 93% used [0x00000000e8000000,0x00000000ec24b1a0,0x00000000ec690000)
 PSPermGen       total 124800K, used 70924K [0x00000000e0000000, 0x00000000e79e0000, 0x00000000e8000000)
  object space 124800K, 56% used [0x00000000e0000000,0x00000000e45433f0,0x00000000e79e0000)
}
Event: 4135.069 GC heap before
{Heap before GC invocations=152 (full 2):
 PSYoungGen      total 73408K, used 73392K [0x00000000fa000000, 0x00000000ffec0000, 0x0000000100000000)
  eden space 69376K, 100% used [0x00000000fa000000,0x00000000fe3c0000,0x00000000fe3c0000)
  from space 4032K, 99% used [0x00000000fe3c0000,0x00000000fe7ac1f8,0x00000000fe7b0000)
  to   space 13824K, 0% used [0x00000000ff140000,0x00000000ff140000,0x00000000ffec0000)
 ParOldGen       total 72256K, used 67884K [0x00000000e8000000, 0x00000000ec690000, 0x00000000fa000000)
  object space 72256K, 93% used [0x00000000e8000000,0x00000000ec24b1a0,0x00000000ec690000)
 PSPermGen       total 124800K, used 70924K [0x00000000e0000000, 0x00000000e79e0000, 0x00000000e8000000)
  object space 124800K, 56% used [0x00000000e0000000,0x00000000e45433f0,0x00000000e79e0000)
Event: 4135.082 GC heap after
Heap after GC invocations=152 (full 2):
 PSYoungGen      total 83520K, used 2652K [0x00000000fa000000, 0x0000000100000000, 0x0000000100000000)
  eden space 69696K, 0% used [0x00000000fa000000,0x00000000fa000000,0x00000000fe410000)
  from space 13824K, 19% used [0x00000000ff140000,0x00000000ff3d72a0,0x00000000ffec0000)
  to   space 13504K, 0% used [0x00000000fe410000,0x00000000fe410000,0x00000000ff140000)
 ParOldGen       total 72256K, used 69297K [0x00000000e8000000, 0x00000000ec690000, 0x00000000fa000000)
  object space 72256K, 95% used [0x00000000e8000000,0x00000000ec3ac530,0x00000000ec690000)
 PSPermGen       total 124800K, used 70924K [0x00000000e0000000, 0x00000000e79e0000, 0x00000000e8000000)
  object space 124800K, 56% used [0x00000000e0000000,0x00000000e45433f0,0x00000000e79e0000)
}
Event: 4135.082 GC heap before
{Heap before GC invocations=153 (full 3):
 PSYoungGen      total 83520K, used 2652K [0x00000000fa000000, 0x0000000100000000, 0x0000000100000000)
  eden space 69696K, 0% used [0x00000000fa000000,0x00000000fa000000,0x00000000fe410000)
  from space 13824K, 19% used [0x00000000ff140000,0x00000000ff3d72a0,0x00000000ffec0000)
  to   space 13504K, 0% used [0x00000000fe410000,0x00000000fe410000,0x00000000ff140000)
 ParOldGen       total 72256K, used 69297K [0x00000000e8000000, 0x00000000ec690000, 0x00000000fa000000)
  object space 72256K, 95% used [0x00000000e8000000,0x00000000ec3ac530,0x00000000ec690000)
 PSPermGen       total 124800K, used 70924K [0x00000000e0000000, 0x00000000e79e0000, 0x00000000e8000000)
  object space 124800K, 56% used [0x00000000e0000000,0x00000000e45433f0,0x00000000e79e0000)
Event: 4135.477 GC heap after
Heap after GC invocations=153 (full 3):
 PSYoungGen      total 83520K, used 0K [0x00000000fa000000, 0x0000000100000000, 0x0000000100000000)
  eden space 69696K, 0% used [0x00000000fa000000,0x00000000fa000000,0x00000000fe410000)
  from space 13824K, 0% used [0x00000000ff140000,0x00000000ff140000,0x00000000ffec0000)
  to   space 13504K, 0% used [0x00000000fe410000,0x00000000fe410000,0x00000000ff140000)
 ParOldGen       total 82880K, used 50788K [0x00000000e8000000, 0x00000000ed0f0000, 0x00000000fa000000)
  object space 82880K, 61% used [0x00000000e8000000,0x00000000eb199028,0x00000000ed0f0000)
 PSPermGen       total 130496K, used 70920K [0x00000000e0000000, 0x00000000e7f70000, 0x00000000e8000000)
  object space 130496K, 54% used [0x00000000e0000000,0x00000000e4542300,0x00000000e7f70000)
}

