# JRE version: 7.0_11-b21
# Java VM: Java HotSpot(TM) 64-Bit Server VM (23.6-b04 mixed mode windows-amd64 compressed oops)
Heap
 PSYoungGen      total 56960K, used 6806K [0x00000000fa000000, 0x00000000fe250000, 0x0000000100000000)
  eden space 50368K, 4% used [0x00000000fa000000,0x00000000fa257cf0,0x00000000fd130000)
  from space 6592K, 66% used [0x00000000fdbe0000,0x00000000fe02dc20,0x00000000fe250000)
  to   space 8768K, 0% used [0x00000000fd130000,0x00000000fd130000,0x00000000fd9c0000)
 ParOldGen       total 87872K, used 52218K [0x00000000e8000000, 0x00000000ed5d0000, 0x00000000fa000000)
  object space 87872K, 59% used [0x00000000e8000000,0x00000000eb2fea80,0x00000000ed5d0000)
 PSPermGen       total 123968K, used 69894K [0x00000000e0000000, 0x00000000e7910000, 0x00000000e8000000)
  object space 123968K, 56% used [0x00000000e0000000,0x00000000e4441860,0x00000000e7910000)
GC Heap History (10 events):
Event: 8824.094 GC heap before
{Heap before GC invocations=38 (full 2):
 PSYoungGen      total 63168K, used 63125K [0x00000000fa000000, 0x00000000ff070000, 0x0000000100000000)
  eden space 59456K, 100% used [0x00000000fa000000,0x00000000fda10000,0x00000000fda10000)
  from space 3712K, 98% used [0x00000000fdc10000,0x00000000fdfa5700,0x00000000fdfb0000)
  to   space 11456K, 0% used [0x00000000fe540000,0x00000000fe540000,0x00000000ff070000)
 ParOldGen       total 87872K, used 52218K [0x00000000e8000000, 0x00000000ed5d0000, 0x00000000fa000000)
  object space 87872K, 59% used [0x00000000e8000000,0x00000000eb2fea80,0x00000000ed5d0000)
 PSPermGen       total 123968K, used 69681K [0x00000000e0000000, 0x00000000e7910000, 0x00000000e8000000)
  object space 123968K, 56% used [0x00000000e0000000,0x00000000e440c798,0x00000000e7910000)
Event: 8824.109 GC heap after
Heap after GC invocations=38 (full 2):
 PSYoungGen      total 65792K, used 4026K [0x00000000fa000000, 0x00000000fed60000, 0x0000000100000000)
  eden space 57472K, 0% used [0x00000000fa000000,0x00000000fa000000,0x00000000fd820000)
  from space 8320K, 48% used [0x00000000fe540000,0x00000000fe92e950,0x00000000fed60000)
  to   space 10880K, 0% used [0x00000000fd820000,0x00000000fd820000,0x00000000fe2c0000)
 ParOldGen       total 87872K, used 52218K [0x00000000e8000000, 0x00000000ed5d0000, 0x00000000fa000000)
  object space 87872K, 59% used [0x00000000e8000000,0x00000000eb2fea80,0x00000000ed5d0000)
 PSPermGen       total 123968K, used 69681K [0x00000000e0000000, 0x00000000e7910000, 0x00000000e8000000)
  object space 123968K, 56% used [0x00000000e0000000,0x00000000e440c798,0x00000000e7910000)
}
Event: 8852.774 GC heap before
{Heap before GC invocations=39 (full 2):
 PSYoungGen      total 65792K, used 61498K [0x00000000fa000000, 0x00000000fed60000, 0x0000000100000000)
  eden space 57472K, 100% used [0x00000000fa000000,0x00000000fd820000,0x00000000fd820000)
  from space 8320K, 48% used [0x00000000fe540000,0x00000000fe92e950,0x00000000fed60000)
  to   space 10880K, 0% used [0x00000000fd820000,0x00000000fd820000,0x00000000fe2c0000)
 ParOldGen       total 87872K, used 52218K [0x00000000e8000000, 0x00000000ed5d0000, 0x00000000fa000000)
  object space 87872K, 59% used [0x00000000e8000000,0x00000000eb2fea80,0x00000000ed5d0000)
 PSPermGen       total 123968K, used 69720K [0x00000000e0000000, 0x00000000e7910000, 0x00000000e8000000)
  object space 123968K, 56% used [0x00000000e0000000,0x00000000e4416348,0x00000000e7910000)
Event: 8852.792 GC heap after
Heap after GC invocations=39 (full 2):
 PSYoungGen      total 59648K, used 4089K [0x00000000fa000000, 0x00000000fea60000, 0x0000000100000000)
  eden space 55552K, 0% used [0x00000000fa000000,0x00000000fa000000,0x00000000fd640000)
  from space 4096K, 99% used [0x00000000fd820000,0x00000000fdc1e7a0,0x00000000fdc20000)
  to   space 10304K, 0% used [0x00000000fe050000,0x00000000fe050000,0x00000000fea60000)
 ParOldGen       total 87872K, used 52218K [0x00000000e8000000, 0x00000000ed5d0000, 0x00000000fa000000)
  object space 87872K, 59% used [0x00000000e8000000,0x00000000eb2fea80,0x00000000ed5d0000)
 PSPermGen       total 123968K, used 69720K [0x00000000e0000000, 0x00000000e7910000, 0x00000000e8000000)
  object space 123968K, 56% used [0x00000000e0000000,0x00000000e4416348,0x00000000e7910000)
}
Event: 8872.455 GC heap before
{Heap before GC invocations=40 (full 2):
 PSYoungGen      total 59648K, used 59641K [0x00000000fa000000, 0x00000000fea60000, 0x0000000100000000)
  eden space 55552K, 100% used [0x00000000fa000000,0x00000000fd640000,0x00000000fd640000)
  from space 4096K, 99% used [0x00000000fd820000,0x00000000fdc1e7a0,0x00000000fdc20000)
  to   space 10304K, 0% used [0x00000000fe050000,0x00000000fe050000,0x00000000fea60000)
 ParOldGen       total 87872K, used 52218K [0x00000000e8000000, 0x00000000ed5d0000, 0x00000000fa000000)
  object space 87872K, 59% used [0x00000000e8000000,0x00000000eb2fea80,0x00000000ed5d0000)
 PSPermGen       total 123968K, used 69769K [0x00000000e0000000, 0x00000000e7910000, 0x00000000e8000000)
  object space 123968K, 56% used [0x00000000e0000000,0x00000000e4422500,0x00000000e7910000)
Event: 8872.474 GC heap after
Heap after GC invocations=40 (full 2):
 PSYoungGen      total 61248K, used 4134K [0x00000000fa000000, 0x00000000fe7a0000, 0x0000000100000000)
  eden space 53760K, 0% used [0x00000000fa000000,0x00000000fa000000,0x00000000fd480000)
  from space 7488K, 55% used [0x00000000fe050000,0x00000000fe459850,0x00000000fe7a0000)
  to   space 9792K, 0% used [0x00000000fd480000,0x00000000fd480000,0x00000000fde10000)
 ParOldGen       total 87872K, used 52218K [0x00000000e8000000, 0x00000000ed5d0000, 0x00000000fa000000)
  object space 87872K, 59% used [0x00000000e8000000,0x00000000eb2fea80,0x00000000ed5d0000)
 PSPermGen       total 123968K, used 69769K [0x00000000e0000000, 0x00000000e7910000, 0x00000000e8000000)
  object space 123968K, 56% used [0x00000000e0000000,0x00000000e4422500,0x00000000e7910000)
}
Event: 8884.369 GC heap before
{Heap before GC invocations=41 (full 2):
 PSYoungGen      total 61248K, used 57894K [0x00000000fa000000, 0x00000000fe7a0000, 0x0000000100000000)
  eden space 53760K, 100% used [0x00000000fa000000,0x00000000fd480000,0x00000000fd480000)
  from space 7488K, 55% used [0x00000000fe050000,0x00000000fe459850,0x00000000fe7a0000)
  to   space 9792K, 0% used [0x00000000fd480000,0x00000000fd480000,0x00000000fde10000)
 ParOldGen       total 87872K, used 52218K [0x00000000e8000000, 0x00000000ed5d0000, 0x00000000fa000000)
  object space 87872K, 59% used [0x00000000e8000000,0x00000000eb2fea80,0x00000000ed5d0000)
 PSPermGen       total 123968K, used 69811K [0x00000000e0000000, 0x00000000e7910000, 0x00000000e8000000)
  object space 123968K, 56% used [0x00000000e0000000,0x00000000e442cf68,0x00000000e7910000)
Event: 8884.381 GC heap after
Heap after GC invocations=41 (full 2):
 PSYoungGen      total 56320K, used 4235K [0x00000000fa000000, 0x00000000fe4f0000, 0x0000000100000000)
  eden space 52032K, 0% used [0x00000000fa000000,0x00000000fa000000,0x00000000fd2d0000)
  from space 4288K, 98% used [0x00000000fd480000,0x00000000fd8a2cc8,0x00000000fd8b0000)
  to   space 9280K, 0% used [0x00000000fdbe0000,0x00000000fdbe0000,0x00000000fe4f0000)
 ParOldGen       total 87872K, used 52218K [0x00000000e8000000, 0x00000000ed5d0000, 0x00000000fa000000)
  object space 87872K, 59% used [0x00000000e8000000,0x00000000eb2fea80,0x00000000ed5d0000)
 PSPermGen       total 123968K, used 69811K [0x00000000e0000000, 0x00000000e7910000, 0x00000000e8000000)
  object space 123968K, 56% used [0x00000000e0000000,0x00000000e442cf68,0x00000000e7910000)
}
Event: 8889.676 GC heap before
{Heap before GC invocations=42 (full 2):
 PSYoungGen      total 56320K, used 56267K [0x00000000fa000000, 0x00000000fe4f0000, 0x0000000100000000)
  eden space 52032K, 100% used [0x00000000fa000000,0x00000000fd2d0000,0x00000000fd2d0000)
  from space 4288K, 98% used [0x00000000fd480000,0x00000000fd8a2cc8,0x00000000fd8b0000)
  to   space 9280K, 0% used [0x00000000fdbe0000,0x00000000fdbe0000,0x00000000fe4f0000)
 ParOldGen       total 87872K, used 52218K [0x00000000e8000000, 0x00000000ed5d0000, 0x00000000fa000000)
  object space 87872K, 59% used [0x00000000e8000000,0x00000000eb2fea80,0x00000000ed5d0000)
 PSPermGen       total 123968K, used 69880K [0x00000000e0000000, 0x00000000e7910000, 0x00000000e8000000)
  object space 123968K, 56% used [0x00000000e0000000,0x00000000e443e248,0x00000000e7910000)
Event: 8889.688 GC heap after
Heap after GC invocations=42 (full 2):
 PSYoungGen      total 56960K, used 4407K [0x00000000fa000000, 0x00000000fe250000, 0x0000000100000000)
  eden space 50368K, 0% used [0x00000000fa000000,0x00000000fa000000,0x00000000fd130000)
  from space 6592K, 66% used [0x00000000fdbe0000,0x00000000fe02dc20,0x00000000fe250000)
  to   space 8768K, 0% used [0x00000000fd130000,0x00000000fd130000,0x00000000fd9c0000)
 ParOldGen       total 87872K, used 52218K [0x00000000e8000000, 0x00000000ed5d0000, 0x00000000fa000000)
  object space 87872K, 59% used [0x00000000e8000000,0x00000000eb2fea80,0x00000000ed5d0000)
 PSPermGen       total 123968K, used 69880K [0x00000000e0000000, 0x00000000e7910000, 0x00000000e8000000)
  object space 123968K, 56% used [0x00000000e0000000,0x00000000e443e248,0x00000000e7910000)
}

