# JRE version: 7.0_11-b21
# Java VM: Java HotSpot(TM) 64-Bit Server VM (23.6-b04 mixed mode windows-amd64 compressed oops)
Heap
 PSYoungGen      total 90176K, used 2753K [0x00000000fa000000, 0x0000000100000000, 0x0000000100000000)
  eden space 87936K, 3% used [0x00000000fa000000,0x00000000fa2b0578,0x00000000ff5e0000)
  from space 2240K, 0% used [0x00000000ffdd0000,0x00000000ffdd0000,0x0000000100000000)
  to   space 5184K, 0% used [0x00000000ff5e0000,0x00000000ff5e0000,0x00000000ffaf0000)
 ParOldGen       total 89856K, used 52714K [0x00000000e8000000, 0x00000000ed7c0000, 0x00000000fa000000)
  object space 89856K, 58% used [0x00000000e8000000,0x00000000eb37a9f0,0x00000000ed7c0000)
 PSPermGen       total 122624K, used 62436K [0x00000000e0000000, 0x00000000e77c0000, 0x00000000e8000000)
  object space 122624K, 50% used [0x00000000e0000000,0x00000000e3cf91d0,0x00000000e77c0000)
GC Heap History (10 events):
Event: 255.513 GC heap before
{Heap before GC invocations=74 (full 1):
 PSYoungGen      total 95808K, used 94459K [0x00000000fa000000, 0x00000000fffc0000, 0x0000000100000000)
  eden space 93696K, 100% used [0x00000000fa000000,0x00000000ffb80000,0x00000000ffb80000)
  from space 2112K, 36% used [0x00000000ffdb0000,0x00000000ffe6ed88,0x00000000fffc0000)
  to   space 2176K, 0% used [0x00000000ffb80000,0x00000000ffb80000,0x00000000ffda0000)
 ParOldGen       total 67328K, used 57764K [0x00000000e8000000, 0x00000000ec1c0000, 0x00000000fa000000)
  object space 67328K, 85% used [0x00000000e8000000,0x00000000eb869270,0x00000000ec1c0000)
 PSPermGen       total 100416K, used 61972K [0x00000000e0000000, 0x00000000e6210000, 0x00000000e8000000)
  object space 100416K, 61% used [0x00000000e0000000,0x00000000e3c85250,0x00000000e6210000)
Event: 255.517 GC heap after
Heap after GC invocations=74 (full 1):
 PSYoungGen      total 95872K, used 741K [0x00000000fa000000, 0x00000000fffd0000, 0x0000000100000000)
  eden space 93696K, 0% used [0x00000000fa000000,0x00000000fa000000,0x00000000ffb80000)
  from space 2176K, 34% used [0x00000000ffb80000,0x00000000ffc396e8,0x00000000ffda0000)
  to   space 2048K, 0% used [0x00000000ffdd0000,0x00000000ffdd0000,0x00000000fffd0000)
 ParOldGen       total 67328K, used 57809K [0x00000000e8000000, 0x00000000ec1c0000, 0x00000000fa000000)
  object space 67328K, 85% used [0x00000000e8000000,0x00000000eb8747e8,0x00000000ec1c0000)
 PSPermGen       total 100416K, used 61972K [0x00000000e0000000, 0x00000000e6210000, 0x00000000e8000000)
  object space 100416K, 61% used [0x00000000e0000000,0x00000000e3c85250,0x00000000e6210000)
}
Event: 256.772 GC heap before
{Heap before GC invocations=75 (full 1):
 PSYoungGen      total 95872K, used 94437K [0x00000000fa000000, 0x00000000fffd0000, 0x0000000100000000)
  eden space 93696K, 100% used [0x00000000fa000000,0x00000000ffb80000,0x00000000ffb80000)
  from space 2176K, 34% used [0x00000000ffb80000,0x00000000ffc396e8,0x00000000ffda0000)
  to   space 2048K, 0% used [0x00000000ffdd0000,0x00000000ffdd0000,0x00000000fffd0000)
 ParOldGen       total 67328K, used 57809K [0x00000000e8000000, 0x00000000ec1c0000, 0x00000000fa000000)
  object space 67328K, 85% used [0x00000000e8000000,0x00000000eb8747e8,0x00000000ec1c0000)
 PSPermGen       total 100416K, used 61972K [0x00000000e0000000, 0x00000000e6210000, 0x00000000e8000000)
  object space 100416K, 61% used [0x00000000e0000000,0x00000000e3c85348,0x00000000e6210000)
Event: 256.777 GC heap after
Heap after GC invocations=75 (full 1):
 PSYoungGen      total 96064K, used 649K [0x00000000fa000000, 0x00000000fffc0000, 0x0000000100000000)
  eden space 94080K, 0% used [0x00000000fa000000,0x00000000fa000000,0x00000000ffbe0000)
  from space 1984K, 32% used [0x00000000ffdd0000,0x00000000ffe72610,0x00000000fffc0000)
  to   space 1984K, 0% used [0x00000000ffbe0000,0x00000000ffbe0000,0x00000000ffdd0000)
 ParOldGen       total 67328K, used 57846K [0x00000000e8000000, 0x00000000ec1c0000, 0x00000000fa000000)
  object space 67328K, 85% used [0x00000000e8000000,0x00000000eb87db00,0x00000000ec1c0000)
 PSPermGen       total 100416K, used 61972K [0x00000000e0000000, 0x00000000e6210000, 0x00000000e8000000)
  object space 100416K, 61% used [0x00000000e0000000,0x00000000e3c85348,0x00000000e6210000)
}
Event: 311.121 GC heap before
{Heap before GC invocations=76 (full 1):
 PSYoungGen      total 96064K, used 94729K [0x00000000fa000000, 0x00000000fffc0000, 0x0000000100000000)
  eden space 94080K, 100% used [0x00000000fa000000,0x00000000ffbe0000,0x00000000ffbe0000)
  from space 1984K, 32% used [0x00000000ffdd0000,0x00000000ffe72610,0x00000000fffc0000)
  to   space 1984K, 0% used [0x00000000ffbe0000,0x00000000ffbe0000,0x00000000ffdd0000)
 ParOldGen       total 67328K, used 57846K [0x00000000e8000000, 0x00000000ec1c0000, 0x00000000fa000000)
  object space 67328K, 85% used [0x00000000e8000000,0x00000000eb87db00,0x00000000ec1c0000)
 PSPermGen       total 100416K, used 62251K [0x00000000e0000000, 0x00000000e6210000, 0x00000000e8000000)
  object space 100416K, 61% used [0x00000000e0000000,0x00000000e3ccac88,0x00000000e6210000)
Event: 311.127 GC heap after
Heap after GC invocations=76 (full 1):
 PSYoungGen      total 96064K, used 1979K [0x00000000fa000000, 0x0000000100000000, 0x0000000100000000)
  eden space 94080K, 0% used [0x00000000fa000000,0x00000000fa000000,0x00000000ffbe0000)
  from space 1984K, 99% used [0x00000000ffbe0000,0x00000000ffdcee10,0x00000000ffdd0000)
  to   space 2240K, 0% used [0x00000000ffdd0000,0x00000000ffdd0000,0x0000000100000000)
 ParOldGen       total 67328K, used 59006K [0x00000000e8000000, 0x00000000ec1c0000, 0x00000000fa000000)
  object space 67328K, 87% used [0x00000000e8000000,0x00000000eb99fbb8,0x00000000ec1c0000)
 PSPermGen       total 100416K, used 62251K [0x00000000e0000000, 0x00000000e6210000, 0x00000000e8000000)
  object space 100416K, 61% used [0x00000000e0000000,0x00000000e3ccac88,0x00000000e6210000)
}
Event: 357.254 GC heap before
{Heap before GC invocations=77 (full 1):
 PSYoungGen      total 96064K, used 96059K [0x00000000fa000000, 0x0000000100000000, 0x0000000100000000)
  eden space 94080K, 100% used [0x00000000fa000000,0x00000000ffbe0000,0x00000000ffbe0000)
  from space 1984K, 99% used [0x00000000ffbe0000,0x00000000ffdcee10,0x00000000ffdd0000)
  to   space 2240K, 0% used [0x00000000ffdd0000,0x00000000ffdd0000,0x0000000100000000)
 ParOldGen       total 67328K, used 59006K [0x00000000e8000000, 0x00000000ec1c0000, 0x00000000fa000000)
  object space 67328K, 87% used [0x00000000e8000000,0x00000000eb99fbb8,0x00000000ec1c0000)
 PSPermGen       total 100416K, used 62442K [0x00000000e0000000, 0x00000000e6210000, 0x00000000e8000000)
  object space 100416K, 62% used [0x00000000e0000000,0x00000000e3cfaa60,0x00000000e6210000)
Event: 357.264 GC heap after
Heap after GC invocations=77 (full 1):
 PSYoungGen      total 90176K, used 2216K [0x00000000fa000000, 0x0000000100000000, 0x0000000100000000)
  eden space 87936K, 0% used [0x00000000fa000000,0x00000000fa000000,0x00000000ff5e0000)
  from space 2240K, 98% used [0x00000000ffdd0000,0x00000000ffffa2c0,0x0000000100000000)
  to   space 5184K, 0% used [0x00000000ff5e0000,0x00000000ff5e0000,0x00000000ffaf0000)
 ParOldGen       total 67328K, used 65056K [0x00000000e8000000, 0x00000000ec1c0000, 0x00000000fa000000)
  object space 67328K, 96% used [0x00000000e8000000,0x00000000ebf883e8,0x00000000ec1c0000)
 PSPermGen       total 100416K, used 62442K [0x00000000e0000000, 0x00000000e6210000, 0x00000000e8000000)
  object space 100416K, 62% used [0x00000000e0000000,0x00000000e3cfaa60,0x00000000e6210000)
}
Event: 357.264 GC heap before
{Heap before GC invocations=78 (full 2):
 PSYoungGen      total 90176K, used 2216K [0x00000000fa000000, 0x0000000100000000, 0x0000000100000000)
  eden space 87936K, 0% used [0x00000000fa000000,0x00000000fa000000,0x00000000ff5e0000)
  from space 2240K, 98% used [0x00000000ffdd0000,0x00000000ffffa2c0,0x0000000100000000)
  to   space 5184K, 0% used [0x00000000ff5e0000,0x00000000ff5e0000,0x00000000ffaf0000)
 ParOldGen       total 67328K, used 65056K [0x00000000e8000000, 0x00000000ec1c0000, 0x00000000fa000000)
  object space 67328K, 96% used [0x00000000e8000000,0x00000000ebf883e8,0x00000000ec1c0000)
 PSPermGen       total 100416K, used 62442K [0x00000000e0000000, 0x00000000e6210000, 0x00000000e8000000)
  object space 100416K, 62% used [0x00000000e0000000,0x00000000e3cfaa60,0x00000000e6210000)
Event: 357.711 GC heap after
Heap after GC invocations=78 (full 2):
 PSYoungGen      total 90176K, used 0K [0x00000000fa000000, 0x0000000100000000, 0x0000000100000000)
  eden space 87936K, 0% used [0x00000000fa000000,0x00000000fa000000,0x00000000ff5e0000)
  from space 2240K, 0% used [0x00000000ffdd0000,0x00000000ffdd0000,0x0000000100000000)
  to   space 5184K, 0% used [0x00000000ff5e0000,0x00000000ff5e0000,0x00000000ffaf0000)
 ParOldGen       total 89856K, used 52714K [0x00000000e8000000, 0x00000000ed7c0000, 0x00000000fa000000)
  object space 89856K, 58% used [0x00000000e8000000,0x00000000eb37a9f0,0x00000000ed7c0000)
 PSPermGen       total 122624K, used 62434K [0x00000000e0000000, 0x00000000e77c0000, 0x00000000e8000000)
  object space 122624K, 50% used [0x00000000e0000000,0x00000000e3cf8b80,0x00000000e77c0000)
}

