# JRE version: 7.0_11-b21
# Java VM: Java HotSpot(TM) 64-Bit Server VM (23.6-b04 mixed mode windows-amd64 compressed oops)
Heap
 PSYoungGen      total 31424K, used 574K [0x00000000fa000000, 0x00000000fcf40000, 0x0000000100000000)
  eden space 28352K, 2% used [0x00000000fa000000,0x00000000fa08fb10,0x00000000fbbb0000)
  from space 3072K, 0% used [0x00000000fc940000,0x00000000fc940000,0x00000000fcc40000)
  to   space 2880K, 0% used [0x00000000fcc70000,0x00000000fcc70000,0x00000000fcf40000)
 ParOldGen       total 102400K, used 55520K [0x00000000e8000000, 0x00000000ee400000, 0x00000000fa000000)
  object space 102400K, 54% used [0x00000000e8000000,0x00000000eb6383e8,0x00000000ee400000)
 PSPermGen       total 129600K, used 64530K [0x00000000e0000000, 0x00000000e7e90000, 0x00000000e8000000)
  object space 129600K, 49% used [0x00000000e0000000,0x00000000e3f04bc0,0x00000000e7e90000)
GC Heap History (10 events):
Event: 19571.390 GC heap before
{Heap before GC invocations=253 (full 1):
 PSYoungGen      total 35392K, used 31936K [0x00000000fa000000, 0x00000000fd590000, 0x0000000100000000)
  eden space 31872K, 100% used [0x00000000fa000000,0x00000000fbf20000,0x00000000fbf20000)
  from space 3520K, 1% used [0x00000000fceb0000,0x00000000fcec0000,0x00000000fd220000)
  to   space 3392K, 0% used [0x00000000fd240000,0x00000000fd240000,0x00000000fd590000)
 ParOldGen       total 72768K, used 64151K [0x00000000e8000000, 0x00000000ec710000, 0x00000000fa000000)
  object space 72768K, 88% used [0x00000000e8000000,0x00000000ebea5d50,0x00000000ec710000)
 PSPermGen       total 108480K, used 64551K [0x00000000e0000000, 0x00000000e69f0000, 0x00000000e8000000)
  object space 108480K, 59% used [0x00000000e0000000,0x00000000e3f09fd8,0x00000000e69f0000)
Event: 19571.397 GC heap after
Heap after GC invocations=253 (full 1):
 PSYoungGen      total 30976K, used 32K [0x00000000fa000000, 0x00000000fd250000, 0x0000000100000000)
  eden space 30912K, 0% used [0x00000000fa000000,0x00000000fa000000,0x00000000fbe30000)
  from space 64K, 50% used [0x00000000fd240000,0x00000000fd248000,0x00000000fd250000)
  to   space 3328K, 0% used [0x00000000fcbd0000,0x00000000fcbd0000,0x00000000fcf10000)
 ParOldGen       total 72768K, used 64159K [0x00000000e8000000, 0x00000000ec710000, 0x00000000fa000000)
  object space 72768K, 88% used [0x00000000e8000000,0x00000000ebea7d50,0x00000000ec710000)
 PSPermGen       total 108480K, used 64551K [0x00000000e0000000, 0x00000000e69f0000, 0x00000000e8000000)
  object space 108480K, 59% used [0x00000000e0000000,0x00000000e3f09fd8,0x00000000e69f0000)
}
Event: 20122.995 GC heap before
{Heap before GC invocations=254 (full 1):
 PSYoungGen      total 30976K, used 30944K [0x00000000fa000000, 0x00000000fd250000, 0x0000000100000000)
  eden space 30912K, 100% used [0x00000000fa000000,0x00000000fbe30000,0x00000000fbe30000)
  from space 64K, 50% used [0x00000000fd240000,0x00000000fd248000,0x00000000fd250000)
  to   space 3328K, 0% used [0x00000000fcbd0000,0x00000000fcbd0000,0x00000000fcf10000)
 ParOldGen       total 72768K, used 64159K [0x00000000e8000000, 0x00000000ec710000, 0x00000000fa000000)
  object space 72768K, 88% used [0x00000000e8000000,0x00000000ebea7d50,0x00000000ec710000)
 PSPermGen       total 108480K, used 64553K [0x00000000e0000000, 0x00000000e69f0000, 0x00000000e8000000)
  object space 108480K, 59% used [0x00000000e0000000,0x00000000e3f0a590,0x00000000e69f0000)
Event: 20122.999 GC heap after
Heap after GC invocations=254 (full 1):
 PSYoungGen      total 33344K, used 32K [0x00000000fa000000, 0x00000000fd250000, 0x0000000100000000)
  eden space 30016K, 0% used [0x00000000fa000000,0x00000000fa000000,0x00000000fbd50000)
  from space 3328K, 0% used [0x00000000fcbd0000,0x00000000fcbd8000,0x00000000fcf10000)
  to   space 3200K, 0% used [0x00000000fcf30000,0x00000000fcf30000,0x00000000fd250000)
 ParOldGen       total 72768K, used 64159K [0x00000000e8000000, 0x00000000ec710000, 0x00000000fa000000)
  object space 72768K, 88% used [0x00000000e8000000,0x00000000ebea7d50,0x00000000ec710000)
 PSPermGen       total 108480K, used 64553K [0x00000000e0000000, 0x00000000e69f0000, 0x00000000e8000000)
  object space 108480K, 59% used [0x00000000e0000000,0x00000000e3f0a590,0x00000000e69f0000)
}
Event: 20668.083 GC heap before
{Heap before GC invocations=255 (full 1):
 PSYoungGen      total 33344K, used 30048K [0x00000000fa000000, 0x00000000fd250000, 0x0000000100000000)
  eden space 30016K, 100% used [0x00000000fa000000,0x00000000fbd50000,0x00000000fbd50000)
  from space 3328K, 0% used [0x00000000fcbd0000,0x00000000fcbd8000,0x00000000fcf10000)
  to   space 3200K, 0% used [0x00000000fcf30000,0x00000000fcf30000,0x00000000fd250000)
 ParOldGen       total 72768K, used 64159K [0x00000000e8000000, 0x00000000ec710000, 0x00000000fa000000)
  object space 72768K, 88% used [0x00000000e8000000,0x00000000ebea7d50,0x00000000ec710000)
 PSPermGen       total 108480K, used 64553K [0x00000000e0000000, 0x00000000e69f0000, 0x00000000e8000000)
  object space 108480K, 59% used [0x00000000e0000000,0x00000000e3f0a590,0x00000000e69f0000)
Event: 20668.098 GC heap after
Heap after GC invocations=255 (full 1):
 PSYoungGen      total 29248K, used 64K [0x00000000fa000000, 0x00000000fcf40000, 0x0000000100000000)
  eden space 29184K, 0% used [0x00000000fa000000,0x00000000fa000000,0x00000000fbc80000)
  from space 64K, 100% used [0x00000000fcf30000,0x00000000fcf40000,0x00000000fcf40000)
  to   space 3072K, 0% used [0x00000000fc940000,0x00000000fc940000,0x00000000fcc40000)
 ParOldGen       total 72768K, used 64159K [0x00000000e8000000, 0x00000000ec710000, 0x00000000fa000000)
  object space 72768K, 88% used [0x00000000e8000000,0x00000000ebea7d50,0x00000000ec710000)
 PSPermGen       total 108480K, used 64553K [0x00000000e0000000, 0x00000000e69f0000, 0x00000000e8000000)
  object space 108480K, 59% used [0x00000000e0000000,0x00000000e3f0a590,0x00000000e69f0000)
}
Event: 20878.929 GC heap before
{Heap before GC invocations=256 (full 1):
 PSYoungGen      total 29248K, used 29248K [0x00000000fa000000, 0x00000000fcf40000, 0x0000000100000000)
  eden space 29184K, 100% used [0x00000000fa000000,0x00000000fbc80000,0x00000000fbc80000)
  from space 64K, 100% used [0x00000000fcf30000,0x00000000fcf40000,0x00000000fcf40000)
  to   space 3072K, 0% used [0x00000000fc940000,0x00000000fc940000,0x00000000fcc40000)
 ParOldGen       total 72768K, used 64159K [0x00000000e8000000, 0x00000000ec710000, 0x00000000fa000000)
  object space 72768K, 88% used [0x00000000e8000000,0x00000000ebea7d50,0x00000000ec710000)
 PSPermGen       total 108480K, used 64581K [0x00000000e0000000, 0x00000000e69f0000, 0x00000000e8000000)
  object space 108480K, 59% used [0x00000000e0000000,0x00000000e3f115b8,0x00000000e69f0000)
Event: 20878.945 GC heap after
Heap after GC invocations=256 (full 1):
 PSYoungGen      total 31424K, used 489K [0x00000000fa000000, 0x00000000fcf40000, 0x0000000100000000)
  eden space 28352K, 0% used [0x00000000fa000000,0x00000000fa000000,0x00000000fbbb0000)
  from space 3072K, 15% used [0x00000000fc940000,0x00000000fc9ba610,0x00000000fcc40000)
  to   space 2880K, 0% used [0x00000000fcc70000,0x00000000fcc70000,0x00000000fcf40000)
 ParOldGen       total 76224K, used 75370K [0x00000000e8000000, 0x00000000eca70000, 0x00000000fa000000)
  object space 76224K, 98% used [0x00000000e8000000,0x00000000ec99aa40,0x00000000eca70000)
 PSPermGen       total 108480K, used 64581K [0x00000000e0000000, 0x00000000e69f0000, 0x00000000e8000000)
  object space 108480K, 59% used [0x00000000e0000000,0x00000000e3f115b8,0x00000000e69f0000)
}
Event: 20878.945 GC heap before
{Heap before GC invocations=257 (full 2):
 PSYoungGen      total 31424K, used 489K [0x00000000fa000000, 0x00000000fcf40000, 0x0000000100000000)
  eden space 28352K, 0% used [0x00000000fa000000,0x00000000fa000000,0x00000000fbbb0000)
  from space 3072K, 15% used [0x00000000fc940000,0x00000000fc9ba610,0x00000000fcc40000)
  to   space 2880K, 0% used [0x00000000fcc70000,0x00000000fcc70000,0x00000000fcf40000)
 ParOldGen       total 76224K, used 75370K [0x00000000e8000000, 0x00000000eca70000, 0x00000000fa000000)
  object space 76224K, 98% used [0x00000000e8000000,0x00000000ec99aa40,0x00000000eca70000)
 PSPermGen       total 108480K, used 64581K [0x00000000e0000000, 0x00000000e69f0000, 0x00000000e8000000)
  object space 108480K, 59% used [0x00000000e0000000,0x00000000e3f115b8,0x00000000e69f0000)
Event: 20879.359 GC heap after
Heap after GC invocations=257 (full 2):
 PSYoungGen      total 31424K, used 0K [0x00000000fa000000, 0x00000000fcf40000, 0x0000000100000000)
  eden space 28352K, 0% used [0x00000000fa000000,0x00000000fa000000,0x00000000fbbb0000)
  from space 3072K, 0% used [0x00000000fc940000,0x00000000fc940000,0x00000000fcc40000)
  to   space 2880K, 0% used [0x00000000fcc70000,0x00000000fcc70000,0x00000000fcf40000)
 ParOldGen       total 102400K, used 55520K [0x00000000e8000000, 0x00000000ee400000, 0x00000000fa000000)
  object space 102400K, 54% used [0x00000000e8000000,0x00000000eb6383e8,0x00000000ee400000)
 PSPermGen       total 129600K, used 64530K [0x00000000e0000000, 0x00000000e7e90000, 0x00000000e8000000)
  object space 129600K, 49% used [0x00000000e0000000,0x00000000e3f04bc0,0x00000000e7e90000)
}

