# JRE version: 7.0_11-b21
# Java VM: Java HotSpot(TM) 64-Bit Server VM (23.6-b04 mixed mode windows-amd64 compressed oops)
Heap
 PSYoungGen      total 41856K, used 8605K [0x00000000fa000000, 0x00000000fcd00000, 0x0000000100000000)
  eden space 39296K, 21% used [0x00000000fa000000,0x00000000fa8677e0,0x00000000fc660000)
  from space 2560K, 0% used [0x00000000fc660000,0x00000000fc660000,0x00000000fc8e0000)
  to   space 3392K, 0% used [0x00000000fc9b0000,0x00000000fc9b0000,0x00000000fcd00000)
 ParOldGen       total 87104K, used 52847K [0x00000000e8000000, 0x00000000ed510000, 0x00000000fa000000)
  object space 87104K, 60% used [0x00000000e8000000,0x00000000eb39bed0,0x00000000ed510000)
 PSPermGen       total 128960K, used 71610K [0x00000000e0000000, 0x00000000e7df0000, 0x00000000e8000000)
  object space 128960K, 55% used [0x00000000e0000000,0x00000000e45eeb38,0x00000000e7df0000)
GC Heap History (10 events):
Event: 2007.040 GC heap before
{Heap before GC invocations=91 (full 1):
 PSYoungGen      total 45120K, used 41856K [0x00000000fa000000, 0x00000000fd100000, 0x0000000100000000)
  eden space 41728K, 100% used [0x00000000fa000000,0x00000000fc8c0000,0x00000000fc8c0000)
  from space 3392K, 3% used [0x00000000fca70000,0x00000000fca90000,0x00000000fcdc0000)
  to   space 3200K, 0% used [0x00000000fcde0000,0x00000000fcde0000,0x00000000fd100000)
 ParOldGen       total 68160K, used 66592K [0x00000000e8000000, 0x00000000ec290000, 0x00000000fa000000)
  object space 68160K, 97% used [0x00000000e8000000,0x00000000ec1080e0,0x00000000ec290000)
 PSPermGen       total 100160K, used 71624K [0x00000000e0000000, 0x00000000e61d0000, 0x00000000e8000000)
  object space 100160K, 71% used [0x00000000e0000000,0x00000000e45f20e0,0x00000000e61d0000)
Event: 2007.044 GC heap after
Heap after GC invocations=91 (full 1):
 PSYoungGen      total 40448K, used 96K [0x00000000fa000000, 0x00000000fce00000, 0x0000000100000000)
  eden space 40320K, 0% used [0x00000000fa000000,0x00000000fa000000,0x00000000fc760000)
  from space 128K, 75% used [0x00000000fcde0000,0x00000000fcdf8000,0x00000000fce00000)
  to   space 2944K, 0% used [0x00000000fc840000,0x00000000fc840000,0x00000000fcb20000)
 ParOldGen       total 68160K, used 66592K [0x00000000e8000000, 0x00000000ec290000, 0x00000000fa000000)
  object space 68160K, 97% used [0x00000000e8000000,0x00000000ec1080e0,0x00000000ec290000)
 PSPermGen       total 100160K, used 71624K [0x00000000e0000000, 0x00000000e61d0000, 0x00000000e8000000)
  object space 100160K, 71% used [0x00000000e0000000,0x00000000e45f20e0,0x00000000e61d0000)
}
Event: 2007.711 GC heap before
{Heap before GC invocations=92 (full 1):
 PSYoungGen      total 40448K, used 40416K [0x00000000fa000000, 0x00000000fce00000, 0x0000000100000000)
  eden space 40320K, 100% used [0x00000000fa000000,0x00000000fc760000,0x00000000fc760000)
  from space 128K, 75% used [0x00000000fcde0000,0x00000000fcdf8000,0x00000000fce00000)
  to   space 2944K, 0% used [0x00000000fc840000,0x00000000fc840000,0x00000000fcb20000)
 ParOldGen       total 68160K, used 66592K [0x00000000e8000000, 0x00000000ec290000, 0x00000000fa000000)
  object space 68160K, 97% used [0x00000000e8000000,0x00000000ec1080e0,0x00000000ec290000)
 PSPermGen       total 100160K, used 71624K [0x00000000e0000000, 0x00000000e61d0000, 0x00000000e8000000)
  object space 100160K, 71% used [0x00000000e0000000,0x00000000e45f20e0,0x00000000e61d0000)
Event: 2007.715 GC heap after
Heap after GC invocations=92 (full 1):
 PSYoungGen      total 41920K, used 96K [0x00000000fa000000, 0x00000000fcdf0000, 0x0000000100000000)
  eden space 38976K, 0% used [0x00000000fa000000,0x00000000fa000000,0x00000000fc610000)
  from space 2944K, 3% used [0x00000000fc840000,0x00000000fc858000,0x00000000fcb20000)
  to   space 2752K, 0% used [0x00000000fcb40000,0x00000000fcb40000,0x00000000fcdf0000)
 ParOldGen       total 68160K, used 66592K [0x00000000e8000000, 0x00000000ec290000, 0x00000000fa000000)
  object space 68160K, 97% used [0x00000000e8000000,0x00000000ec1080e0,0x00000000ec290000)
 PSPermGen       total 100160K, used 71624K [0x00000000e0000000, 0x00000000e61d0000, 0x00000000e8000000)
  object space 100160K, 71% used [0x00000000e0000000,0x00000000e45f20e0,0x00000000e61d0000)
}
Event: 2008.268 GC heap before
{Heap before GC invocations=93 (full 1):
 PSYoungGen      total 41920K, used 39072K [0x00000000fa000000, 0x00000000fcdf0000, 0x0000000100000000)
  eden space 38976K, 100% used [0x00000000fa000000,0x00000000fc610000,0x00000000fc610000)
  from space 2944K, 3% used [0x00000000fc840000,0x00000000fc858000,0x00000000fcb20000)
  to   space 2752K, 0% used [0x00000000fcb40000,0x00000000fcb40000,0x00000000fcdf0000)
 ParOldGen       total 68160K, used 66592K [0x00000000e8000000, 0x00000000ec290000, 0x00000000fa000000)
  object space 68160K, 97% used [0x00000000e8000000,0x00000000ec1080e0,0x00000000ec290000)
 PSPermGen       total 100160K, used 71624K [0x00000000e0000000, 0x00000000e61d0000, 0x00000000e8000000)
  object space 100160K, 71% used [0x00000000e0000000,0x00000000e45f20e0,0x00000000e61d0000)
Event: 2008.272 GC heap after
Heap after GC invocations=93 (full 1):
 PSYoungGen      total 37824K, used 128K [0x00000000fa000000, 0x00000000fcb60000, 0x0000000100000000)
  eden space 37696K, 0% used [0x00000000fa000000,0x00000000fa000000,0x00000000fc4d0000)
  from space 128K, 100% used [0x00000000fcb40000,0x00000000fcb60000,0x00000000fcb60000)
  to   space 2560K, 0% used [0x00000000fc660000,0x00000000fc660000,0x00000000fc8e0000)
 ParOldGen       total 68160K, used 66600K [0x00000000e8000000, 0x00000000ec290000, 0x00000000fa000000)
  object space 68160K, 97% used [0x00000000e8000000,0x00000000ec10a0e0,0x00000000ec290000)
 PSPermGen       total 100160K, used 71624K [0x00000000e0000000, 0x00000000e61d0000, 0x00000000e8000000)
  object space 100160K, 71% used [0x00000000e0000000,0x00000000e45f20e0,0x00000000e61d0000)
}
Event: 2009.344 GC heap before
{Heap before GC invocations=94 (full 1):
 PSYoungGen      total 37824K, used 37823K [0x00000000fa000000, 0x00000000fcb60000, 0x0000000100000000)
  eden space 37696K, 99% used [0x00000000fa000000,0x00000000fc4cff50,0x00000000fc4d0000)
  from space 128K, 100% used [0x00000000fcb40000,0x00000000fcb60000,0x00000000fcb60000)
  to   space 2560K, 0% used [0x00000000fc660000,0x00000000fc660000,0x00000000fc8e0000)
 ParOldGen       total 68160K, used 66600K [0x00000000e8000000, 0x00000000ec290000, 0x00000000fa000000)
  object space 68160K, 97% used [0x00000000e8000000,0x00000000ec10a0e0,0x00000000ec290000)
 PSPermGen       total 100160K, used 71655K [0x00000000e0000000, 0x00000000e61d0000, 0x00000000e8000000)
  object space 100160K, 71% used [0x00000000e0000000,0x00000000e45f9d30,0x00000000e61d0000)
Event: 2009.356 GC heap after
Heap after GC invocations=94 (full 1):
 PSYoungGen      total 41856K, used 2560K [0x00000000fa000000, 0x00000000fcd00000, 0x0000000100000000)
  eden space 39296K, 0% used [0x00000000fa000000,0x00000000fa000000,0x00000000fc660000)
  from space 2560K, 100% used [0x00000000fc660000,0x00000000fc8e0000,0x00000000fc8e0000)
  to   space 3392K, 0% used [0x00000000fc9b0000,0x00000000fc9b0000,0x00000000fcd00000)
 ParOldGen       total 68160K, used 67262K [0x00000000e8000000, 0x00000000ec290000, 0x00000000fa000000)
  object space 68160K, 98% used [0x00000000e8000000,0x00000000ec1af890,0x00000000ec290000)
 PSPermGen       total 100160K, used 71655K [0x00000000e0000000, 0x00000000e61d0000, 0x00000000e8000000)
  object space 100160K, 71% used [0x00000000e0000000,0x00000000e45f9d30,0x00000000e61d0000)
}
Event: 2009.356 GC heap before
{Heap before GC invocations=95 (full 2):
 PSYoungGen      total 41856K, used 2560K [0x00000000fa000000, 0x00000000fcd00000, 0x0000000100000000)
  eden space 39296K, 0% used [0x00000000fa000000,0x00000000fa000000,0x00000000fc660000)
  from space 2560K, 100% used [0x00000000fc660000,0x00000000fc8e0000,0x00000000fc8e0000)
  to   space 3392K, 0% used [0x00000000fc9b0000,0x00000000fc9b0000,0x00000000fcd00000)
 ParOldGen       total 68160K, used 67262K [0x00000000e8000000, 0x00000000ec290000, 0x00000000fa000000)
  object space 68160K, 98% used [0x00000000e8000000,0x00000000ec1af890,0x00000000ec290000)
 PSPermGen       total 100160K, used 71655K [0x00000000e0000000, 0x00000000e61d0000, 0x00000000e8000000)
  object space 100160K, 71% used [0x00000000e0000000,0x00000000e45f9d30,0x00000000e61d0000)
Event: 2009.838 GC heap after
Heap after GC invocations=95 (full 2):
 PSYoungGen      total 41856K, used 0K [0x00000000fa000000, 0x00000000fcd00000, 0x0000000100000000)
  eden space 39296K, 0% used [0x00000000fa000000,0x00000000fa000000,0x00000000fc660000)
  from space 2560K, 0% used [0x00000000fc660000,0x00000000fc660000,0x00000000fc8e0000)
  to   space 3392K, 0% used [0x00000000fc9b0000,0x00000000fc9b0000,0x00000000fcd00000)
 ParOldGen       total 87104K, used 52847K [0x00000000e8000000, 0x00000000ed510000, 0x00000000fa000000)
  object space 87104K, 60% used [0x00000000e8000000,0x00000000eb39bed0,0x00000000ed510000)
 PSPermGen       total 128960K, used 71601K [0x00000000e0000000, 0x00000000e7df0000, 0x00000000e8000000)
  object space 128960K, 55% used [0x00000000e0000000,0x00000000e45ec518,0x00000000e7df0000)
}

