# JRE version: 7.0_11-b21
# Java VM: Java HotSpot(TM) 64-Bit Server VM (23.6-b04 mixed mode windows-amd64 compressed oops)
Heap
 PSYoungGen      total 93120K, used 2857K [0x00000000fa000000, 0x00000000fff50000, 0x0000000100000000)
  eden space 89536K, 1% used [0x00000000fa000000,0x00000000fa105198,0x00000000ff770000)
  from space 3584K, 50% used [0x00000000ffbd0000,0x00000000ffd955b0,0x00000000fff50000)
  to   space 4032K, 0% used [0x00000000ff770000,0x00000000ff770000,0x00000000ffb60000)
 ParOldGen       total 97472K, used 64531K [0x00000000e8000000, 0x00000000edf30000, 0x00000000fa000000)
  object space 97472K, 66% used [0x00000000e8000000,0x00000000ebf04e88,0x00000000edf30000)
 PSPermGen       total 126336K, used 73274K [0x00000000e0000000, 0x00000000e7b60000, 0x00000000e8000000)
  object space 126336K, 57% used [0x00000000e0000000,0x00000000e478e9a8,0x00000000e7b60000)
GC Heap History (10 events):
Event: 13314.621 GC heap before
{Heap before GC invocations=272 (full 2):
 PSYoungGen      total 87808K, used 84170K [0x00000000fa000000, 0x00000000ffed0000, 0x0000000100000000)
  eden space 82624K, 100% used [0x00000000fa000000,0x00000000ff0b0000,0x00000000ff0b0000)
  from space 5184K, 29% used [0x00000000ff0b0000,0x00000000ff232858,0x00000000ff5c0000)
  to   space 4992K, 0% used [0x00000000ff9f0000,0x00000000ff9f0000,0x00000000ffed0000)
 ParOldGen       total 97472K, used 64371K [0x00000000e8000000, 0x00000000edf30000, 0x00000000fa000000)
  object space 97472K, 66% used [0x00000000e8000000,0x00000000ebedce88,0x00000000edf30000)
 PSPermGen       total 126336K, used 73203K [0x00000000e0000000, 0x00000000e7b60000, 0x00000000e8000000)
  object space 126336K, 57% used [0x00000000e0000000,0x00000000e477cec8,0x00000000e7b60000)
Event: 13314.629 GC heap after
Heap after GC invocations=272 (full 2):
 PSYoungGen      total 89920K, used 1360K [0x00000000fa000000, 0x00000000ffd90000, 0x0000000100000000)
  eden space 86208K, 0% used [0x00000000fa000000,0x00000000fa000000,0x00000000ff430000)
  from space 3712K, 36% used [0x00000000ff9f0000,0x00000000ffb440d0,0x00000000ffd90000)
  to   space 4800K, 0% used [0x00000000ff430000,0x00000000ff430000,0x00000000ff8e0000)
 ParOldGen       total 97472K, used 64387K [0x00000000e8000000, 0x00000000edf30000, 0x00000000fa000000)
  object space 97472K, 66% used [0x00000000e8000000,0x00000000ebee0e88,0x00000000edf30000)
 PSPermGen       total 126336K, used 73203K [0x00000000e0000000, 0x00000000e7b60000, 0x00000000e8000000)
  object space 126336K, 57% used [0x00000000e0000000,0x00000000e477cec8,0x00000000e7b60000)
}
Event: 13607.699 GC heap before
{Heap before GC invocations=273 (full 2):
 PSYoungGen      total 89920K, used 87568K [0x00000000fa000000, 0x00000000ffd90000, 0x0000000100000000)
  eden space 86208K, 100% used [0x00000000fa000000,0x00000000ff430000,0x00000000ff430000)
  from space 3712K, 36% used [0x00000000ff9f0000,0x00000000ffb440d0,0x00000000ffd90000)
  to   space 4800K, 0% used [0x00000000ff430000,0x00000000ff430000,0x00000000ff8e0000)
 ParOldGen       total 97472K, used 64387K [0x00000000e8000000, 0x00000000edf30000, 0x00000000fa000000)
  object space 97472K, 66% used [0x00000000e8000000,0x00000000ebee0e88,0x00000000edf30000)
 PSPermGen       total 126336K, used 73212K [0x00000000e0000000, 0x00000000e7b60000, 0x00000000e8000000)
  object space 126336K, 57% used [0x00000000e0000000,0x00000000e477f3d8,0x00000000e7b60000)
Event: 13607.705 GC heap after
Heap after GC invocations=273 (full 2):
 PSYoungGen      total 91008K, used 1050K [0x00000000fa000000, 0x0000000100000000, 0x0000000100000000)
  eden space 86208K, 0% used [0x00000000fa000000,0x00000000fa000000,0x00000000ff430000)
  from space 4800K, 21% used [0x00000000ff430000,0x00000000ff536af0,0x00000000ff8e0000)
  to   space 4672K, 0% used [0x00000000ffb70000,0x00000000ffb70000,0x0000000100000000)
 ParOldGen       total 97472K, used 64467K [0x00000000e8000000, 0x00000000edf30000, 0x00000000fa000000)
  object space 97472K, 66% used [0x00000000e8000000,0x00000000ebef4e88,0x00000000edf30000)
 PSPermGen       total 126336K, used 73212K [0x00000000e0000000, 0x00000000e7b60000, 0x00000000e8000000)
  object space 126336K, 57% used [0x00000000e0000000,0x00000000e477f3d8,0x00000000e7b60000)
}
Event: 13702.553 GC heap before
{Heap before GC invocations=274 (full 2):
 PSYoungGen      total 91008K, used 87258K [0x00000000fa000000, 0x0000000100000000, 0x0000000100000000)
  eden space 86208K, 100% used [0x00000000fa000000,0x00000000ff430000,0x00000000ff430000)
  from space 4800K, 21% used [0x00000000ff430000,0x00000000ff536af0,0x00000000ff8e0000)
  to   space 4672K, 0% used [0x00000000ffb70000,0x00000000ffb70000,0x0000000100000000)
 ParOldGen       total 97472K, used 64467K [0x00000000e8000000, 0x00000000edf30000, 0x00000000fa000000)
  object space 97472K, 66% used [0x00000000e8000000,0x00000000ebef4e88,0x00000000edf30000)
 PSPermGen       total 126336K, used 73229K [0x00000000e0000000, 0x00000000e7b60000, 0x00000000e8000000)
  object space 126336K, 57% used [0x00000000e0000000,0x00000000e4783460,0x00000000e7b60000)
Event: 13702.559 GC heap after
Heap after GC invocations=274 (full 2):
 PSYoungGen      total 92480K, used 1362K [0x00000000fa000000, 0x00000000fff40000, 0x0000000100000000)
  eden space 88576K, 0% used [0x00000000fa000000,0x00000000fa000000,0x00000000ff680000)
  from space 3904K, 34% used [0x00000000ffb70000,0x00000000ffcc4aa0,0x00000000fff40000)
  to   space 4480K, 0% used [0x00000000ff680000,0x00000000ff680000,0x00000000ffae0000)
 ParOldGen       total 97472K, used 64531K [0x00000000e8000000, 0x00000000edf30000, 0x00000000fa000000)
  object space 97472K, 66% used [0x00000000e8000000,0x00000000ebf04e88,0x00000000edf30000)
 PSPermGen       total 126336K, used 73229K [0x00000000e0000000, 0x00000000e7b60000, 0x00000000e8000000)
  object space 126336K, 57% used [0x00000000e0000000,0x00000000e4783460,0x00000000e7b60000)
}
Event: 13723.136 GC heap before
{Heap before GC invocations=275 (full 2):
 PSYoungGen      total 92480K, used 89938K [0x00000000fa000000, 0x00000000fff40000, 0x0000000100000000)
  eden space 88576K, 100% used [0x00000000fa000000,0x00000000ff680000,0x00000000ff680000)
  from space 3904K, 34% used [0x00000000ffb70000,0x00000000ffcc4aa0,0x00000000fff40000)
  to   space 4480K, 0% used [0x00000000ff680000,0x00000000ff680000,0x00000000ffae0000)
 ParOldGen       total 97472K, used 64531K [0x00000000e8000000, 0x00000000edf30000, 0x00000000fa000000)
  object space 97472K, 66% used [0x00000000e8000000,0x00000000ebf04e88,0x00000000edf30000)
 PSPermGen       total 126336K, used 73253K [0x00000000e0000000, 0x00000000e7b60000, 0x00000000e8000000)
  object space 126336K, 57% used [0x00000000e0000000,0x00000000e4789580,0x00000000e7b60000)
Event: 13723.142 GC heap after
Heap after GC invocations=275 (full 2):
 PSYoungGen      total 93056K, used 1575K [0x00000000fa000000, 0x0000000100000000, 0x0000000100000000)
  eden space 88576K, 0% used [0x00000000fa000000,0x00000000fa000000,0x00000000ff680000)
  from space 4480K, 35% used [0x00000000ff680000,0x00000000ff809ca0,0x00000000ffae0000)
  to   space 4288K, 0% used [0x00000000ffbd0000,0x00000000ffbd0000,0x0000000100000000)
 ParOldGen       total 97472K, used 64531K [0x00000000e8000000, 0x00000000edf30000, 0x00000000fa000000)
  object space 97472K, 66% used [0x00000000e8000000,0x00000000ebf04e88,0x00000000edf30000)
 PSPermGen       total 126336K, used 73253K [0x00000000e0000000, 0x00000000e7b60000, 0x00000000e8000000)
  object space 126336K, 57% used [0x00000000e0000000,0x00000000e4789580,0x00000000e7b60000)
}
Event: 13911.692 GC heap before
{Heap before GC invocations=276 (full 2):
 PSYoungGen      total 93056K, used 90151K [0x00000000fa000000, 0x0000000100000000, 0x0000000100000000)
  eden space 88576K, 100% used [0x00000000fa000000,0x00000000ff680000,0x00000000ff680000)
  from space 4480K, 35% used [0x00000000ff680000,0x00000000ff809ca0,0x00000000ffae0000)
  to   space 4288K, 0% used [0x00000000ffbd0000,0x00000000ffbd0000,0x0000000100000000)
 ParOldGen       total 97472K, used 64531K [0x00000000e8000000, 0x00000000edf30000, 0x00000000fa000000)
  object space 97472K, 66% used [0x00000000e8000000,0x00000000ebf04e88,0x00000000edf30000)
 PSPermGen       total 126336K, used 73274K [0x00000000e0000000, 0x00000000e7b60000, 0x00000000e8000000)
  object space 126336K, 57% used [0x00000000e0000000,0x00000000e478e9a8,0x00000000e7b60000)
Event: 13911.705 GC heap after
Heap after GC invocations=276 (full 2):
 PSYoungGen      total 93120K, used 1813K [0x00000000fa000000, 0x00000000fff50000, 0x0000000100000000)
  eden space 89536K, 0% used [0x00000000fa000000,0x00000000fa000000,0x00000000ff770000)
  from space 3584K, 50% used [0x00000000ffbd0000,0x00000000ffd955b0,0x00000000fff50000)
  to   space 4032K, 0% used [0x00000000ff770000,0x00000000ff770000,0x00000000ffb60000)
 ParOldGen       total 97472K, used 64531K [0x00000000e8000000, 0x00000000edf30000, 0x00000000fa000000)
  object space 97472K, 66% used [0x00000000e8000000,0x00000000ebf04e88,0x00000000edf30000)
 PSPermGen       total 126336K, used 73274K [0x00000000e0000000, 0x00000000e7b60000, 0x00000000e8000000)
  object space 126336K, 57% used [0x00000000e0000000,0x00000000e478e9a8,0x00000000e7b60000)
}

