# JRE version: 7.0_11-b21
# Java VM: Java HotSpot(TM) 64-Bit Server VM (23.6-b04 mixed mode windows-amd64 compressed oops)
Heap
 PSYoungGen      total 30016K, used 9520K [0x00000000fa000000, 0x00000000fc180000, 0x0000000100000000)
  eden space 26112K, 26% used [0x00000000fa000000,0x00000000fa6bc0d8,0x00000000fb980000)
  from space 3904K, 67% used [0x00000000fb980000,0x00000000fbc10078,0x00000000fbd50000)
  to   space 3840K, 0% used [0x00000000fbdc0000,0x00000000fbdc0000,0x00000000fc180000)
 ParOldGen       total 97408K, used 59396K [0x00000000e8000000, 0x00000000edf20000, 0x00000000fa000000)
  object space 97408K, 60% used [0x00000000e8000000,0x00000000eba01140,0x00000000edf20000)
 PSPermGen       total 118656K, used 65528K [0x00000000e0000000, 0x00000000e73e0000, 0x00000000e8000000)
  object space 118656K, 55% used [0x00000000e0000000,0x00000000e3ffe018,0x00000000e73e0000)
GC Heap History (10 events):
Event: 59700.980 GC heap before
{Heap before GC invocations=181 (full 2):
 PSYoungGen      total 29440K, used 28205K [0x00000000fa000000, 0x00000000fc130000, 0x0000000100000000)
  eden space 25280K, 100% used [0x00000000fa000000,0x00000000fb8b0000,0x00000000fb8b0000)
  from space 4160K, 70% used [0x00000000fbd20000,0x00000000fbffb408,0x00000000fc130000)
  to   space 4352K, 0% used [0x00000000fb8b0000,0x00000000fb8b0000,0x00000000fbcf0000)
 ParOldGen       total 97408K, used 59126K [0x00000000e8000000, 0x00000000edf20000, 0x00000000fa000000)
  object space 97408K, 60% used [0x00000000e8000000,0x00000000eb9bd8b8,0x00000000edf20000)
 PSPermGen       total 118656K, used 65377K [0x00000000e0000000, 0x00000000e73e0000, 0x00000000e8000000)
  object space 118656K, 55% used [0x00000000e0000000,0x00000000e3fd87f0,0x00000000e73e0000)
Event: 59700.988 GC heap after
Heap after GC invocations=181 (full 2):
 PSYoungGen      total 29632K, used 2844K [0x00000000fa000000, 0x00000000fc150000, 0x0000000100000000)
  eden space 25280K, 0% used [0x00000000fa000000,0x00000000fa000000,0x00000000fb8b0000)
  from space 4352K, 65% used [0x00000000fb8b0000,0x00000000fbb773f8,0x00000000fbcf0000)
  to   space 4224K, 0% used [0x00000000fbd30000,0x00000000fbd30000,0x00000000fc150000)
 ParOldGen       total 97408K, used 59158K [0x00000000e8000000, 0x00000000edf20000, 0x00000000fa000000)
  object space 97408K, 60% used [0x00000000e8000000,0x00000000eb9c58b8,0x00000000edf20000)
 PSPermGen       total 118656K, used 65377K [0x00000000e0000000, 0x00000000e73e0000, 0x00000000e8000000)
  object space 118656K, 55% used [0x00000000e0000000,0x00000000e3fd87f0,0x00000000e73e0000)
}
Event: 59704.568 GC heap before
{Heap before GC invocations=182 (full 2):
 PSYoungGen      total 29632K, used 28124K [0x00000000fa000000, 0x00000000fc150000, 0x0000000100000000)
  eden space 25280K, 100% used [0x00000000fa000000,0x00000000fb8b0000,0x00000000fb8b0000)
  from space 4352K, 65% used [0x00000000fb8b0000,0x00000000fbb773f8,0x00000000fbcf0000)
  to   space 4224K, 0% used [0x00000000fbd30000,0x00000000fbd30000,0x00000000fc150000)
 ParOldGen       total 97408K, used 59158K [0x00000000e8000000, 0x00000000edf20000, 0x00000000fa000000)
  object space 97408K, 60% used [0x00000000e8000000,0x00000000eb9c58b8,0x00000000edf20000)
 PSPermGen       total 118656K, used 65507K [0x00000000e0000000, 0x00000000e73e0000, 0x00000000e8000000)
  object space 118656K, 55% used [0x00000000e0000000,0x00000000e3ff8f30,0x00000000e73e0000)
Event: 59704.575 GC heap after
Heap after GC invocations=182 (full 2):
 PSYoungGen      total 29952K, used 2912K [0x00000000fa000000, 0x00000000fc150000, 0x0000000100000000)
  eden space 25728K, 0% used [0x00000000fa000000,0x00000000fa000000,0x00000000fb920000)
  from space 4224K, 68% used [0x00000000fbd30000,0x00000000fc008078,0x00000000fc150000)
  to   space 4160K, 0% used [0x00000000fb920000,0x00000000fb920000,0x00000000fbd30000)
 ParOldGen       total 97408K, used 59206K [0x00000000e8000000, 0x00000000edf20000, 0x00000000fa000000)
  object space 97408K, 60% used [0x00000000e8000000,0x00000000eb9d18b8,0x00000000edf20000)
 PSPermGen       total 118656K, used 65507K [0x00000000e0000000, 0x00000000e73e0000, 0x00000000e8000000)
  object space 118656K, 55% used [0x00000000e0000000,0x00000000e3ff8f30,0x00000000e73e0000)
}
Event: 59721.290 GC heap before
{Heap before GC invocations=183 (full 2):
 PSYoungGen      total 29952K, used 28640K [0x00000000fa000000, 0x00000000fc150000, 0x0000000100000000)
  eden space 25728K, 100% used [0x00000000fa000000,0x00000000fb920000,0x00000000fb920000)
  from space 4224K, 68% used [0x00000000fbd30000,0x00000000fc008078,0x00000000fc150000)
  to   space 4160K, 0% used [0x00000000fb920000,0x00000000fb920000,0x00000000fbd30000)
 ParOldGen       total 97408K, used 59206K [0x00000000e8000000, 0x00000000edf20000, 0x00000000fa000000)
  object space 97408K, 60% used [0x00000000e8000000,0x00000000eb9d18b8,0x00000000edf20000)
 PSPermGen       total 118656K, used 65517K [0x00000000e0000000, 0x00000000e73e0000, 0x00000000e8000000)
  object space 118656K, 55% used [0x00000000e0000000,0x00000000e3ffb788,0x00000000e73e0000)
Event: 59721.299 GC heap after
Heap after GC invocations=183 (full 2):
 PSYoungGen      total 29888K, used 2768K [0x00000000fa000000, 0x00000000fc170000, 0x0000000100000000)
  eden space 25728K, 0% used [0x00000000fa000000,0x00000000fa000000,0x00000000fb920000)
  from space 4160K, 66% used [0x00000000fb920000,0x00000000fbbd4088,0x00000000fbd30000)
  to   space 4032K, 0% used [0x00000000fbd80000,0x00000000fbd80000,0x00000000fc170000)
 ParOldGen       total 97408K, used 59254K [0x00000000e8000000, 0x00000000edf20000, 0x00000000fa000000)
  object space 97408K, 60% used [0x00000000e8000000,0x00000000eb9dd8c8,0x00000000edf20000)
 PSPermGen       total 118656K, used 65517K [0x00000000e0000000, 0x00000000e73e0000, 0x00000000e8000000)
  object space 118656K, 55% used [0x00000000e0000000,0x00000000e3ffb788,0x00000000e73e0000)
}
Event: 59749.350 GC heap before
{Heap before GC invocations=184 (full 2):
 PSYoungGen      total 29888K, used 28496K [0x00000000fa000000, 0x00000000fc170000, 0x0000000100000000)
  eden space 25728K, 100% used [0x00000000fa000000,0x00000000fb920000,0x00000000fb920000)
  from space 4160K, 66% used [0x00000000fb920000,0x00000000fbbd4088,0x00000000fbd30000)
  to   space 4032K, 0% used [0x00000000fbd80000,0x00000000fbd80000,0x00000000fc170000)
 ParOldGen       total 97408K, used 59254K [0x00000000e8000000, 0x00000000edf20000, 0x00000000fa000000)
  object space 97408K, 60% used [0x00000000e8000000,0x00000000eb9dd8c8,0x00000000edf20000)
 PSPermGen       total 118656K, used 65524K [0x00000000e0000000, 0x00000000e73e0000, 0x00000000e8000000)
  object space 118656K, 55% used [0x00000000e0000000,0x00000000e3ffd148,0x00000000e73e0000)
Event: 59749.360 GC heap after
Heap after GC invocations=184 (full 2):
 PSYoungGen      total 29824K, used 2861K [0x00000000fa000000, 0x00000000fc120000, 0x0000000100000000)
  eden space 26112K, 0% used [0x00000000fa000000,0x00000000fa000000,0x00000000fb980000)
  from space 3712K, 77% used [0x00000000fbd80000,0x00000000fc04b408,0x00000000fc120000)
  to   space 3904K, 0% used [0x00000000fb980000,0x00000000fb980000,0x00000000fbd50000)
 ParOldGen       total 97408K, used 59270K [0x00000000e8000000, 0x00000000edf20000, 0x00000000fa000000)
  object space 97408K, 60% used [0x00000000e8000000,0x00000000eb9e18c8,0x00000000edf20000)
 PSPermGen       total 118656K, used 65524K [0x00000000e0000000, 0x00000000e73e0000, 0x00000000e8000000)
  object space 118656K, 55% used [0x00000000e0000000,0x00000000e3ffd148,0x00000000e73e0000)
}
Event: 59752.922 GC heap before
{Heap before GC invocations=185 (full 2):
 PSYoungGen      total 29824K, used 28973K [0x00000000fa000000, 0x00000000fc120000, 0x0000000100000000)
  eden space 26112K, 100% used [0x00000000fa000000,0x00000000fb980000,0x00000000fb980000)
  from space 3712K, 77% used [0x00000000fbd80000,0x00000000fc04b408,0x00000000fc120000)
  to   space 3904K, 0% used [0x00000000fb980000,0x00000000fb980000,0x00000000fbd50000)
 ParOldGen       total 97408K, used 59270K [0x00000000e8000000, 0x00000000edf20000, 0x00000000fa000000)
  object space 97408K, 60% used [0x00000000e8000000,0x00000000eb9e18c8,0x00000000edf20000)
 PSPermGen       total 118656K, used 65526K [0x00000000e0000000, 0x00000000e73e0000, 0x00000000e8000000)
  object space 118656K, 55% used [0x00000000e0000000,0x00000000e3ffda30,0x00000000e73e0000)
Event: 59752.928 GC heap after
Heap after GC invocations=185 (full 2):
 PSYoungGen      total 30016K, used 2624K [0x00000000fa000000, 0x00000000fc180000, 0x0000000100000000)
  eden space 26112K, 0% used [0x00000000fa000000,0x00000000fa000000,0x00000000fb980000)
  from space 3904K, 67% used [0x00000000fb980000,0x00000000fbc10078,0x00000000fbd50000)
  to   space 3840K, 0% used [0x00000000fbdc0000,0x00000000fbdc0000,0x00000000fc180000)
 ParOldGen       total 97408K, used 59396K [0x00000000e8000000, 0x00000000edf20000, 0x00000000fa000000)
  object space 97408K, 60% used [0x00000000e8000000,0x00000000eba01140,0x00000000edf20000)
 PSPermGen       total 118656K, used 65526K [0x00000000e0000000, 0x00000000e73e0000, 0x00000000e8000000)
  object space 118656K, 55% used [0x00000000e0000000,0x00000000e3ffda30,0x00000000e73e0000)
}

