# JRE version: 7.0_11-b21
# Java VM: Java HotSpot(TM) 64-Bit Server VM (23.6-b04 mixed mode windows-amd64 compressed oops)
Heap
 PSYoungGen      total 49728K, used 4801K [0x00000000fa000000, 0x00000000fdaf0000, 0x0000000100000000)
  eden space 40384K, 5% used [0x00000000fa000000,0x00000000fa209180,0x00000000fc770000)
  from space 9344K, 29% used [0x00000000fd1d0000,0x00000000fd4775a0,0x00000000fdaf0000)
  to   space 9984K, 0% used [0x00000000fc770000,0x00000000fc770000,0x00000000fd130000)
 ParOldGen       total 89984K, used 71230K [0x00000000e8000000, 0x00000000ed7e0000, 0x00000000fa000000)
  object space 89984K, 79% used [0x00000000e8000000,0x00000000ec58fa78,0x00000000ed7e0000)
 PSPermGen       total 124352K, used 74241K [0x00000000e0000000, 0x00000000e7970000, 0x00000000e8000000)
  object space 124352K, 59% used [0x00000000e0000000,0x00000000e4880628,0x00000000e7970000)
GC Heap History (10 events):
Event: 12559.558 GC heap before
{Heap before GC invocations=240 (full 2):
 PSYoungGen      total 49344K, used 37838K [0x00000000fa000000, 0x00000000fdeb0000, 0x0000000100000000)
  eden space 36096K, 100% used [0x00000000fa000000,0x00000000fc340000,0x00000000fc340000)
  from space 13248K, 13% used [0x00000000fc340000,0x00000000fc4f3968,0x00000000fd030000)
  to   space 12864K, 0% used [0x00000000fd220000,0x00000000fd220000,0x00000000fdeb0000)
 ParOldGen       total 89984K, used 71230K [0x00000000e8000000, 0x00000000ed7e0000, 0x00000000fa000000)
  object space 89984K, 79% used [0x00000000e8000000,0x00000000ec58fa78,0x00000000ed7e0000)
 PSPermGen       total 124352K, used 74210K [0x00000000e0000000, 0x00000000e7970000, 0x00000000e8000000)
  object space 124352K, 59% used [0x00000000e0000000,0x00000000e4878aa8,0x00000000e7970000)
Event: 12559.563 GC heap after
Heap after GC invocations=240 (full 2):
 PSYoungGen      total 49408K, used 2054K [0x00000000fa000000, 0x00000000fdd40000, 0x0000000100000000)
  eden space 38016K, 0% used [0x00000000fa000000,0x00000000fa000000,0x00000000fc520000)
  from space 11392K, 18% used [0x00000000fd220000,0x00000000fd4218c8,0x00000000fdd40000)
  to   space 12352K, 0% used [0x00000000fc520000,0x00000000fc520000,0x00000000fd130000)
 ParOldGen       total 89984K, used 71230K [0x00000000e8000000, 0x00000000ed7e0000, 0x00000000fa000000)
  object space 89984K, 79% used [0x00000000e8000000,0x00000000ec58fa78,0x00000000ed7e0000)
 PSPermGen       total 124352K, used 74210K [0x00000000e0000000, 0x00000000e7970000, 0x00000000e8000000)
  object space 124352K, 59% used [0x00000000e0000000,0x00000000e4878aa8,0x00000000e7970000)
}
Event: 12578.031 GC heap before
{Heap before GC invocations=241 (full 2):
 PSYoungGen      total 49408K, used 40070K [0x00000000fa000000, 0x00000000fdd40000, 0x0000000100000000)
  eden space 38016K, 100% used [0x00000000fa000000,0x00000000fc520000,0x00000000fc520000)
  from space 11392K, 18% used [0x00000000fd220000,0x00000000fd4218c8,0x00000000fdd40000)
  to   space 12352K, 0% used [0x00000000fc520000,0x00000000fc520000,0x00000000fd130000)
 ParOldGen       total 89984K, used 71230K [0x00000000e8000000, 0x00000000ed7e0000, 0x00000000fa000000)
  object space 89984K, 79% used [0x00000000e8000000,0x00000000ec58fa78,0x00000000ed7e0000)
 PSPermGen       total 124352K, used 74216K [0x00000000e0000000, 0x00000000e7970000, 0x00000000e8000000)
  object space 124352K, 59% used [0x00000000e0000000,0x00000000e487a188,0x00000000e7970000)
Event: 12578.039 GC heap after
Heap after GC invocations=241 (full 2):
 PSYoungGen      total 50368K, used 2517K [0x00000000fa000000, 0x00000000fddc0000, 0x0000000100000000)
  eden space 38016K, 0% used [0x00000000fa000000,0x00000000fa000000,0x00000000fc520000)
  from space 12352K, 20% used [0x00000000fc520000,0x00000000fc795420,0x00000000fd130000)
  to   space 11776K, 0% used [0x00000000fd240000,0x00000000fd240000,0x00000000fddc0000)
 ParOldGen       total 89984K, used 71230K [0x00000000e8000000, 0x00000000ed7e0000, 0x00000000fa000000)
  object space 89984K, 79% used [0x00000000e8000000,0x00000000ec58fa78,0x00000000ed7e0000)
 PSPermGen       total 124352K, used 74216K [0x00000000e0000000, 0x00000000e7970000, 0x00000000e8000000)
  object space 124352K, 59% used [0x00000000e0000000,0x00000000e487a188,0x00000000e7970000)
}
Event: 12618.094 GC heap before
{Heap before GC invocations=242 (full 2):
 PSYoungGen      total 50368K, used 40533K [0x00000000fa000000, 0x00000000fddc0000, 0x0000000100000000)
  eden space 38016K, 100% used [0x00000000fa000000,0x00000000fc520000,0x00000000fc520000)
  from space 12352K, 20% used [0x00000000fc520000,0x00000000fc795420,0x00000000fd130000)
  to   space 11776K, 0% used [0x00000000fd240000,0x00000000fd240000,0x00000000fddc0000)
 ParOldGen       total 89984K, used 71230K [0x00000000e8000000, 0x00000000ed7e0000, 0x00000000fa000000)
  object space 89984K, 79% used [0x00000000e8000000,0x00000000ec58fa78,0x00000000ed7e0000)
 PSPermGen       total 124352K, used 74218K [0x00000000e0000000, 0x00000000e7970000, 0x00000000e8000000)
  object space 124352K, 59% used [0x00000000e0000000,0x00000000e487aa78,0x00000000e7970000)
Event: 12618.109 GC heap after
Heap after GC invocations=242 (full 2):
 PSYoungGen      total 49792K, used 2517K [0x00000000fa000000, 0x00000000fdc70000, 0x0000000100000000)
  eden space 39360K, 0% used [0x00000000fa000000,0x00000000fa000000,0x00000000fc670000)
  from space 10432K, 24% used [0x00000000fd240000,0x00000000fd4b5420,0x00000000fdc70000)
  to   space 11264K, 0% used [0x00000000fc670000,0x00000000fc670000,0x00000000fd170000)
 ParOldGen       total 89984K, used 71230K [0x00000000e8000000, 0x00000000ed7e0000, 0x00000000fa000000)
  object space 89984K, 79% used [0x00000000e8000000,0x00000000ec58fa78,0x00000000ed7e0000)
 PSPermGen       total 124352K, used 74218K [0x00000000e0000000, 0x00000000e7970000, 0x00000000e8000000)
  object space 124352K, 59% used [0x00000000e0000000,0x00000000e487aa78,0x00000000e7970000)
}
Event: 12651.586 GC heap before
{Heap before GC invocations=243 (full 2):
 PSYoungGen      total 49792K, used 41877K [0x00000000fa000000, 0x00000000fdc70000, 0x0000000100000000)
  eden space 39360K, 100% used [0x00000000fa000000,0x00000000fc670000,0x00000000fc670000)
  from space 10432K, 24% used [0x00000000fd240000,0x00000000fd4b5420,0x00000000fdc70000)
  to   space 11264K, 0% used [0x00000000fc670000,0x00000000fc670000,0x00000000fd170000)
 ParOldGen       total 89984K, used 71230K [0x00000000e8000000, 0x00000000ed7e0000, 0x00000000fa000000)
  object space 89984K, 79% used [0x00000000e8000000,0x00000000ec58fa78,0x00000000ed7e0000)
 PSPermGen       total 124352K, used 74228K [0x00000000e0000000, 0x00000000e7970000, 0x00000000e8000000)
  object space 124352K, 59% used [0x00000000e0000000,0x00000000e487d240,0x00000000e7970000)
Event: 12651.595 GC heap after
Heap after GC invocations=243 (full 2):
 PSYoungGen      total 50624K, used 3741K [0x00000000fa000000, 0x00000000fdc10000, 0x0000000100000000)
  eden space 39360K, 0% used [0x00000000fa000000,0x00000000fa000000,0x00000000fc670000)
  from space 11264K, 33% used [0x00000000fc670000,0x00000000fca17708,0x00000000fd170000)
  to   space 10496K, 0% used [0x00000000fd1d0000,0x00000000fd1d0000,0x00000000fdc10000)
 ParOldGen       total 89984K, used 71230K [0x00000000e8000000, 0x00000000ed7e0000, 0x00000000fa000000)
  object space 89984K, 79% used [0x00000000e8000000,0x00000000ec58fa78,0x00000000ed7e0000)
 PSPermGen       total 124352K, used 74228K [0x00000000e0000000, 0x00000000e7970000, 0x00000000e8000000)
  object space 124352K, 59% used [0x00000000e0000000,0x00000000e487d240,0x00000000e7970000)
}
Event: 12667.223 GC heap before
{Heap before GC invocations=244 (full 2):
 PSYoungGen      total 50624K, used 43101K [0x00000000fa000000, 0x00000000fdc10000, 0x0000000100000000)
  eden space 39360K, 100% used [0x00000000fa000000,0x00000000fc670000,0x00000000fc670000)
  from space 11264K, 33% used [0x00000000fc670000,0x00000000fca17708,0x00000000fd170000)
  to   space 10496K, 0% used [0x00000000fd1d0000,0x00000000fd1d0000,0x00000000fdc10000)
 ParOldGen       total 89984K, used 71230K [0x00000000e8000000, 0x00000000ed7e0000, 0x00000000fa000000)
  object space 89984K, 79% used [0x00000000e8000000,0x00000000ec58fa78,0x00000000ed7e0000)
 PSPermGen       total 124352K, used 74241K [0x00000000e0000000, 0x00000000e7970000, 0x00000000e8000000)
  object space 124352K, 59% used [0x00000000e0000000,0x00000000e4880628,0x00000000e7970000)
Event: 12667.238 GC heap after
Heap after GC invocations=244 (full 2):
 PSYoungGen      total 49728K, used 2717K [0x00000000fa000000, 0x00000000fdaf0000, 0x0000000100000000)
  eden space 40384K, 0% used [0x00000000fa000000,0x00000000fa000000,0x00000000fc770000)
  from space 9344K, 29% used [0x00000000fd1d0000,0x00000000fd4775a0,0x00000000fdaf0000)
  to   space 9984K, 0% used [0x00000000fc770000,0x00000000fc770000,0x00000000fd130000)
 ParOldGen       total 89984K, used 71230K [0x00000000e8000000, 0x00000000ed7e0000, 0x00000000fa000000)
  object space 89984K, 79% used [0x00000000e8000000,0x00000000ec58fa78,0x00000000ed7e0000)
 PSPermGen       total 124352K, used 74241K [0x00000000e0000000, 0x00000000e7970000, 0x00000000e8000000)
  object space 124352K, 59% used [0x00000000e0000000,0x00000000e4880628,0x00000000e7970000)
}

