# JRE version: 7.0_11-b21
# Java VM: Java HotSpot(TM) 64-Bit Server VM (23.6-b04 mixed mode windows-amd64 compressed oops)
Heap
 PSYoungGen      total 83776K, used 7883K [0x00000000fa000000, 0x00000000fff60000, 0x0000000100000000)
  eden space 71232K, 3% used [0x00000000fa000000,0x00000000fa26edc8,0x00000000fe590000)
  from space 12544K, 42% used [0x00000000fe590000,0x00000000fead4130,0x00000000ff1d0000)
  to   space 11840K, 0% used [0x00000000ff3d0000,0x00000000ff3d0000,0x00000000fff60000)
 ParOldGen       total 69184K, used 48990K [0x00000000e8000000, 0x00000000ec390000, 0x00000000fa000000)
  object space 69184K, 70% used [0x00000000e8000000,0x00000000eafd78a0,0x00000000ec390000)
 PSPermGen       total 98816K, used 62447K [0x00000000e0000000, 0x00000000e6080000, 0x00000000e8000000)
  object space 98816K, 63% used [0x00000000e0000000,0x00000000e3cfbf20,0x00000000e6080000)
GC Heap History (10 events):
Event: 30.186 GC heap before
{Heap before GC invocations=24 (full 1):
 PSYoungGen      total 81536K, used 81522K [0x00000000fa000000, 0x0000000100000000, 0x0000000100000000)
  eden space 69376K, 100% used [0x00000000fa000000,0x00000000fe3c0000,0x00000000fe3c0000)
  from space 12160K, 99% used [0x00000000ff420000,0x00000000ffffc8d0,0x0000000100000000)
  to   space 14464K, 0% used [0x00000000fe3c0000,0x00000000fe3c0000,0x00000000ff1e0000)
 ParOldGen       total 69184K, used 41229K [0x00000000e8000000, 0x00000000ec390000, 0x00000000fa000000)
  object space 69184K, 59% used [0x00000000e8000000,0x00000000ea843790,0x00000000ec390000)
 PSPermGen       total 98816K, used 55798K [0x00000000e0000000, 0x00000000e6080000, 0x00000000e8000000)
  object space 98816K, 56% used [0x00000000e0000000,0x00000000e367dac8,0x00000000e6080000)
Event: 30.239 GC heap after
Heap after GC invocations=24 (full 1):
 PSYoungGen      total 83840K, used 2002K [0x00000000fa000000, 0x0000000100000000, 0x0000000100000000)
  eden space 69376K, 0% used [0x00000000fa000000,0x00000000fa000000,0x00000000fe3c0000)
  from space 14464K, 13% used [0x00000000fe3c0000,0x00000000fe5b4908,0x00000000ff1e0000)
  to   space 14336K, 0% used [0x00000000ff200000,0x00000000ff200000,0x0000000100000000)
 ParOldGen       total 69184K, used 48990K [0x00000000e8000000, 0x00000000ec390000, 0x00000000fa000000)
  object space 69184K, 70% used [0x00000000e8000000,0x00000000eafd78a0,0x00000000ec390000)
 PSPermGen       total 98816K, used 55798K [0x00000000e0000000, 0x00000000e6080000, 0x00000000e8000000)
  object space 98816K, 56% used [0x00000000e0000000,0x00000000e367dac8,0x00000000e6080000)
}
Event: 34.492 GC heap before
{Heap before GC invocations=25 (full 1):
 PSYoungGen      total 83840K, used 71378K [0x00000000fa000000, 0x0000000100000000, 0x0000000100000000)
  eden space 69376K, 100% used [0x00000000fa000000,0x00000000fe3c0000,0x00000000fe3c0000)
  from space 14464K, 13% used [0x00000000fe3c0000,0x00000000fe5b4908,0x00000000ff1e0000)
  to   space 14336K, 0% used [0x00000000ff200000,0x00000000ff200000,0x0000000100000000)
 ParOldGen       total 69184K, used 48990K [0x00000000e8000000, 0x00000000ec390000, 0x00000000fa000000)
  object space 69184K, 70% used [0x00000000e8000000,0x00000000eafd78a0,0x00000000ec390000)
 PSPermGen       total 98816K, used 57976K [0x00000000e0000000, 0x00000000e6080000, 0x00000000e8000000)
  object space 98816K, 58% used [0x00000000e0000000,0x00000000e389e060,0x00000000e6080000)
Event: 34.504 GC heap after
Heap after GC invocations=25 (full 1):
 PSYoungGen      total 82688K, used 3881K [0x00000000fa000000, 0x00000000ffee0000, 0x0000000100000000)
  eden space 69504K, 0% used [0x00000000fa000000,0x00000000fa000000,0x00000000fe3e0000)
  from space 13184K, 29% used [0x00000000ff200000,0x00000000ff5ca4f8,0x00000000ffee0000)
  to   space 13824K, 0% used [0x00000000fe3e0000,0x00000000fe3e0000,0x00000000ff160000)
 ParOldGen       total 69184K, used 48990K [0x00000000e8000000, 0x00000000ec390000, 0x00000000fa000000)
  object space 69184K, 70% used [0x00000000e8000000,0x00000000eafd78a0,0x00000000ec390000)
 PSPermGen       total 98816K, used 57976K [0x00000000e0000000, 0x00000000e6080000, 0x00000000e8000000)
  object space 98816K, 58% used [0x00000000e0000000,0x00000000e389e060,0x00000000e6080000)
}
Event: 37.840 GC heap before
{Heap before GC invocations=26 (full 1):
 PSYoungGen      total 82688K, used 73379K [0x00000000fa000000, 0x00000000ffee0000, 0x0000000100000000)
  eden space 69504K, 99% used [0x00000000fa000000,0x00000000fe3dea48,0x00000000fe3e0000)
  from space 13184K, 29% used [0x00000000ff200000,0x00000000ff5ca4f8,0x00000000ffee0000)
  to   space 13824K, 0% used [0x00000000fe3e0000,0x00000000fe3e0000,0x00000000ff160000)
 ParOldGen       total 69184K, used 48990K [0x00000000e8000000, 0x00000000ec390000, 0x00000000fa000000)
  object space 69184K, 70% used [0x00000000e8000000,0x00000000eafd78a0,0x00000000ec390000)
 PSPermGen       total 98816K, used 61706K [0x00000000e0000000, 0x00000000e6080000, 0x00000000e8000000)
  object space 98816K, 62% used [0x00000000e0000000,0x00000000e3c42858,0x00000000e6080000)
Event: 37.850 GC heap after
Heap after GC invocations=26 (full 1):
 PSYoungGen      total 83328K, used 4044K [0x00000000fa000000, 0x00000000fff80000, 0x0000000100000000)
  eden space 69504K, 0% used [0x00000000fa000000,0x00000000fa000000,0x00000000fe3e0000)
  from space 13824K, 29% used [0x00000000fe3e0000,0x00000000fe7d3118,0x00000000ff160000)
  to   space 13248K, 0% used [0x00000000ff290000,0x00000000ff290000,0x00000000fff80000)
 ParOldGen       total 69184K, used 48990K [0x00000000e8000000, 0x00000000ec390000, 0x00000000fa000000)
  object space 69184K, 70% used [0x00000000e8000000,0x00000000eafd78a0,0x00000000ec390000)
 PSPermGen       total 98816K, used 61706K [0x00000000e0000000, 0x00000000e6080000, 0x00000000e8000000)
  object space 98816K, 62% used [0x00000000e0000000,0x00000000e3c42858,0x00000000e6080000)
}
Event: 62.644 GC heap before
{Heap before GC invocations=27 (full 1):
 PSYoungGen      total 83328K, used 73548K [0x00000000fa000000, 0x00000000fff80000, 0x0000000100000000)
  eden space 69504K, 100% used [0x00000000fa000000,0x00000000fe3e0000,0x00000000fe3e0000)
  from space 13824K, 29% used [0x00000000fe3e0000,0x00000000fe7d3118,0x00000000ff160000)
  to   space 13248K, 0% used [0x00000000ff290000,0x00000000ff290000,0x00000000fff80000)
 ParOldGen       total 69184K, used 48990K [0x00000000e8000000, 0x00000000ec390000, 0x00000000fa000000)
  object space 69184K, 70% used [0x00000000e8000000,0x00000000eafd78a0,0x00000000ec390000)
 PSPermGen       total 98816K, used 62121K [0x00000000e0000000, 0x00000000e6080000, 0x00000000e8000000)
  object space 98816K, 62% used [0x00000000e0000000,0x00000000e3caa6b8,0x00000000e6080000)
Event: 62.661 GC heap after
Heap after GC invocations=27 (full 1):
 PSYoungGen      total 83008K, used 4978K [0x00000000fa000000, 0x00000000ffe10000, 0x0000000100000000)
  eden space 71232K, 0% used [0x00000000fa000000,0x00000000fa000000,0x00000000fe590000)
  from space 11776K, 42% used [0x00000000ff290000,0x00000000ff76ca10,0x00000000ffe10000)
  to   space 12544K, 0% used [0x00000000fe590000,0x00000000fe590000,0x00000000ff1d0000)
 ParOldGen       total 69184K, used 48990K [0x00000000e8000000, 0x00000000ec390000, 0x00000000fa000000)
  object space 69184K, 70% used [0x00000000e8000000,0x00000000eafd78a0,0x00000000ec390000)
 PSPermGen       total 98816K, used 62121K [0x00000000e0000000, 0x00000000e6080000, 0x00000000e8000000)
  object space 98816K, 62% used [0x00000000e0000000,0x00000000e3caa6b8,0x00000000e6080000)
}
Event: 93.415 GC heap before
{Heap before GC invocations=28 (full 1):
 PSYoungGen      total 83008K, used 76210K [0x00000000fa000000, 0x00000000ffe10000, 0x0000000100000000)
  eden space 71232K, 100% used [0x00000000fa000000,0x00000000fe590000,0x00000000fe590000)
  from space 11776K, 42% used [0x00000000ff290000,0x00000000ff76ca10,0x00000000ffe10000)
  to   space 12544K, 0% used [0x00000000fe590000,0x00000000fe590000,0x00000000ff1d0000)
 ParOldGen       total 69184K, used 48990K [0x00000000e8000000, 0x00000000ec390000, 0x00000000fa000000)
  object space 69184K, 70% used [0x00000000e8000000,0x00000000eafd78a0,0x00000000ec390000)
 PSPermGen       total 98816K, used 62444K [0x00000000e0000000, 0x00000000e6080000, 0x00000000e8000000)
  object space 98816K, 63% used [0x00000000e0000000,0x00000000e3cfb068,0x00000000e6080000)
Event: 93.429 GC heap after
Heap after GC invocations=28 (full 1):
 PSYoungGen      total 83776K, used 5392K [0x00000000fa000000, 0x00000000fff60000, 0x0000000100000000)
  eden space 71232K, 0% used [0x00000000fa000000,0x00000000fa000000,0x00000000fe590000)
  from space 12544K, 42% used [0x00000000fe590000,0x00000000fead4130,0x00000000ff1d0000)
  to   space 11840K, 0% used [0x00000000ff3d0000,0x00000000ff3d0000,0x00000000fff60000)
 ParOldGen       total 69184K, used 48990K [0x00000000e8000000, 0x00000000ec390000, 0x00000000fa000000)
  object space 69184K, 70% used [0x00000000e8000000,0x00000000eafd78a0,0x00000000ec390000)
 PSPermGen       total 98816K, used 62444K [0x00000000e0000000, 0x00000000e6080000, 0x00000000e8000000)
  object space 98816K, 63% used [0x00000000e0000000,0x00000000e3cfb068,0x00000000e6080000)
}

