# JRE version: 7.0_11-b21
# Java VM: Java HotSpot(TM) 64-Bit Server VM (23.6-b04 mixed mode windows-amd64 compressed oops)
Heap
 PSYoungGen      total 88448K, used 7421K [0x00000000fa000000, 0x00000000ffeb0000, 0x0000000100000000)
  eden space 79808K, 3% used [0x00000000fa000000,0x00000000fa306ab0,0x00000000fedf0000)
  from space 8640K, 50% used [0x00000000ff640000,0x00000000ffa78a78,0x00000000ffeb0000)
  to   space 8512K, 0% used [0x00000000fedf0000,0x00000000fedf0000,0x00000000ff640000)
 ParOldGen       total 69440K, used 54216K [0x00000000e8000000, 0x00000000ec3d0000, 0x00000000fa000000)
  object space 69440K, 78% used [0x00000000e8000000,0x00000000eb4f2398,0x00000000ec3d0000)
 PSPermGen       total 96256K, used 62588K [0x00000000e0000000, 0x00000000e5e00000, 0x00000000e8000000)
  object space 96256K, 65% used [0x00000000e0000000,0x00000000e3d1f288,0x00000000e5e00000)
GC Heap History (10 events):
Event: 54.706 GC heap before
{Heap before GC invocations=31 (full 1):
 PSYoungGen      total 85504K, used 77127K [0x00000000fa000000, 0x00000000ffee0000, 0x0000000100000000)
  eden space 74240K, 100% used [0x00000000fa000000,0x00000000fe880000,0x00000000fe880000)
  from space 11264K, 25% used [0x00000000fe880000,0x00000000feb51e10,0x00000000ff380000)
  to   space 10816K, 0% used [0x00000000ff450000,0x00000000ff450000,0x00000000ffee0000)
 ParOldGen       total 69440K, used 54216K [0x00000000e8000000, 0x00000000ec3d0000, 0x00000000fa000000)
  object space 69440K, 78% used [0x00000000e8000000,0x00000000eb4f2398,0x00000000ec3d0000)
 PSPermGen       total 96256K, used 61673K [0x00000000e0000000, 0x00000000e5e00000, 0x00000000e8000000)
  object space 96256K, 64% used [0x00000000e0000000,0x00000000e3c3a7a8,0x00000000e5e00000)
Event: 54.720 GC heap after
Heap after GC invocations=31 (full 1):
 PSYoungGen      total 86528K, used 2999K [0x00000000fa000000, 0x00000000ffe90000, 0x0000000100000000)
  eden space 76032K, 0% used [0x00000000fa000000,0x00000000fa000000,0x00000000fea40000)
  from space 10496K, 28% used [0x00000000ff450000,0x00000000ff73de00,0x00000000ffe90000)
  to   space 10304K, 0% used [0x00000000fea40000,0x00000000fea40000,0x00000000ff450000)
 ParOldGen       total 69440K, used 54216K [0x00000000e8000000, 0x00000000ec3d0000, 0x00000000fa000000)
  object space 69440K, 78% used [0x00000000e8000000,0x00000000eb4f2398,0x00000000ec3d0000)
 PSPermGen       total 96256K, used 61673K [0x00000000e0000000, 0x00000000e5e00000, 0x00000000e8000000)
  object space 96256K, 64% used [0x00000000e0000000,0x00000000e3c3a7a8,0x00000000e5e00000)
}
Event: 57.413 GC heap before
{Heap before GC invocations=32 (full 1):
 PSYoungGen      total 86528K, used 79031K [0x00000000fa000000, 0x00000000ffe90000, 0x0000000100000000)
  eden space 76032K, 100% used [0x00000000fa000000,0x00000000fea40000,0x00000000fea40000)
  from space 10496K, 28% used [0x00000000ff450000,0x00000000ff73de00,0x00000000ffe90000)
  to   space 10304K, 0% used [0x00000000fea40000,0x00000000fea40000,0x00000000ff450000)
 ParOldGen       total 69440K, used 54216K [0x00000000e8000000, 0x00000000ec3d0000, 0x00000000fa000000)
  object space 69440K, 78% used [0x00000000e8000000,0x00000000eb4f2398,0x00000000ec3d0000)
 PSPermGen       total 96256K, used 61675K [0x00000000e0000000, 0x00000000e5e00000, 0x00000000e8000000)
  object space 96256K, 64% used [0x00000000e0000000,0x00000000e3c3ae28,0x00000000e5e00000)
Event: 57.423 GC heap after
Heap after GC invocations=32 (full 1):
 PSYoungGen      total 86336K, used 3207K [0x00000000fa000000, 0x00000000ffef0000, 0x0000000100000000)
  eden space 76032K, 0% used [0x00000000fa000000,0x00000000fa000000,0x00000000fea40000)
  from space 10304K, 31% used [0x00000000fea40000,0x00000000fed61e10,0x00000000ff450000)
  to   space 9856K, 0% used [0x00000000ff550000,0x00000000ff550000,0x00000000ffef0000)
 ParOldGen       total 69440K, used 54216K [0x00000000e8000000, 0x00000000ec3d0000, 0x00000000fa000000)
  object space 69440K, 78% used [0x00000000e8000000,0x00000000eb4f2398,0x00000000ec3d0000)
 PSPermGen       total 96256K, used 61675K [0x00000000e0000000, 0x00000000e5e00000, 0x00000000e8000000)
  object space 96256K, 64% used [0x00000000e0000000,0x00000000e3c3ae28,0x00000000e5e00000)
}
Event: 60.134 GC heap before
{Heap before GC invocations=33 (full 1):
 PSYoungGen      total 86336K, used 79239K [0x00000000fa000000, 0x00000000ffef0000, 0x0000000100000000)
  eden space 76032K, 100% used [0x00000000fa000000,0x00000000fea40000,0x00000000fea40000)
  from space 10304K, 31% used [0x00000000fea40000,0x00000000fed61e10,0x00000000ff450000)
  to   space 9856K, 0% used [0x00000000ff550000,0x00000000ff550000,0x00000000ffef0000)
 ParOldGen       total 69440K, used 54216K [0x00000000e8000000, 0x00000000ec3d0000, 0x00000000fa000000)
  object space 69440K, 78% used [0x00000000e8000000,0x00000000eb4f2398,0x00000000ec3d0000)
 PSPermGen       total 96256K, used 61676K [0x00000000e0000000, 0x00000000e5e00000, 0x00000000e8000000)
  object space 96256K, 64% used [0x00000000e0000000,0x00000000e3c3b278,0x00000000e5e00000)
Event: 60.142 GC heap after
Heap after GC invocations=33 (full 1):
 PSYoungGen      total 87488K, used 3431K [0x00000000fa000000, 0x00000000ffe90000, 0x0000000100000000)
  eden space 78016K, 0% used [0x00000000fa000000,0x00000000fa000000,0x00000000fec30000)
  from space 9472K, 36% used [0x00000000ff550000,0x00000000ff8a9e10,0x00000000ffe90000)
  to   space 9344K, 0% used [0x00000000fec30000,0x00000000fec30000,0x00000000ff550000)
 ParOldGen       total 69440K, used 54216K [0x00000000e8000000, 0x00000000ec3d0000, 0x00000000fa000000)
  object space 69440K, 78% used [0x00000000e8000000,0x00000000eb4f2398,0x00000000ec3d0000)
 PSPermGen       total 96256K, used 61676K [0x00000000e0000000, 0x00000000e5e00000, 0x00000000e8000000)
  object space 96256K, 64% used [0x00000000e0000000,0x00000000e3c3b278,0x00000000e5e00000)
}
Event: 98.461 GC heap before
{Heap before GC invocations=34 (full 1):
 PSYoungGen      total 87488K, used 81447K [0x00000000fa000000, 0x00000000ffe90000, 0x0000000100000000)
  eden space 78016K, 100% used [0x00000000fa000000,0x00000000fec30000,0x00000000fec30000)
  from space 9472K, 36% used [0x00000000ff550000,0x00000000ff8a9e10,0x00000000ffe90000)
  to   space 9344K, 0% used [0x00000000fec30000,0x00000000fec30000,0x00000000ff550000)
 ParOldGen       total 69440K, used 54216K [0x00000000e8000000, 0x00000000ec3d0000, 0x00000000fa000000)
  object space 69440K, 78% used [0x00000000e8000000,0x00000000eb4f2398,0x00000000ec3d0000)
 PSPermGen       total 96256K, used 62011K [0x00000000e0000000, 0x00000000e5e00000, 0x00000000e8000000)
  object space 96256K, 64% used [0x00000000e0000000,0x00000000e3c8edb8,0x00000000e5e00000)
Event: 98.473 GC heap after
Heap after GC invocations=34 (full 1):
 PSYoungGen      total 87360K, used 3716K [0x00000000fa000000, 0x00000000ffee0000, 0x0000000100000000)
  eden space 78016K, 0% used [0x00000000fa000000,0x00000000fa000000,0x00000000fec30000)
  from space 9344K, 39% used [0x00000000fec30000,0x00000000fefd1350,0x00000000ff550000)
  to   space 8832K, 0% used [0x00000000ff640000,0x00000000ff640000,0x00000000ffee0000)
 ParOldGen       total 69440K, used 54216K [0x00000000e8000000, 0x00000000ec3d0000, 0x00000000fa000000)
  object space 69440K, 78% used [0x00000000e8000000,0x00000000eb4f2398,0x00000000ec3d0000)
 PSPermGen       total 96256K, used 62011K [0x00000000e0000000, 0x00000000e5e00000, 0x00000000e8000000)
  object space 96256K, 64% used [0x00000000e0000000,0x00000000e3c8edb8,0x00000000e5e00000)
}
Event: 171.087 GC heap before
{Heap before GC invocations=35 (full 1):
 PSYoungGen      total 87360K, used 81732K [0x00000000fa000000, 0x00000000ffee0000, 0x0000000100000000)
  eden space 78016K, 100% used [0x00000000fa000000,0x00000000fec30000,0x00000000fec30000)
  from space 9344K, 39% used [0x00000000fec30000,0x00000000fefd1350,0x00000000ff550000)
  to   space 8832K, 0% used [0x00000000ff640000,0x00000000ff640000,0x00000000ffee0000)
 ParOldGen       total 69440K, used 54216K [0x00000000e8000000, 0x00000000ec3d0000, 0x00000000fa000000)
  object space 69440K, 78% used [0x00000000e8000000,0x00000000eb4f2398,0x00000000ec3d0000)
 PSPermGen       total 96256K, used 62587K [0x00000000e0000000, 0x00000000e5e00000, 0x00000000e8000000)
  object space 96256K, 65% used [0x00000000e0000000,0x00000000e3d1ef90,0x00000000e5e00000)
Event: 171.100 GC heap after
Heap after GC invocations=35 (full 1):
 PSYoungGen      total 88448K, used 4322K [0x00000000fa000000, 0x00000000ffeb0000, 0x0000000100000000)
  eden space 79808K, 0% used [0x00000000fa000000,0x00000000fa000000,0x00000000fedf0000)
  from space 8640K, 50% used [0x00000000ff640000,0x00000000ffa78a78,0x00000000ffeb0000)
  to   space 8512K, 0% used [0x00000000fedf0000,0x00000000fedf0000,0x00000000ff640000)
 ParOldGen       total 69440K, used 54216K [0x00000000e8000000, 0x00000000ec3d0000, 0x00000000fa000000)
  object space 69440K, 78% used [0x00000000e8000000,0x00000000eb4f2398,0x00000000ec3d0000)
 PSPermGen       total 96256K, used 62587K [0x00000000e0000000, 0x00000000e5e00000, 0x00000000e8000000)
  object space 96256K, 65% used [0x00000000e0000000,0x00000000e3d1ef90,0x00000000e5e00000)
}

