# JRE version: 7.0_11-b21
# Java VM: Java HotSpot(TM) 64-Bit Server VM (23.6-b04 mixed mode windows-amd64 compressed oops)
Heap
 PSYoungGen      total 79680K, used 12344K [0x00000000fa000000, 0x0000000100000000, 0x0000000100000000)
  eden space 60736K, 4% used [0x00000000fa000000,0x00000000fa26e7e8,0x00000000fdb50000)
  from space 18944K, 52% used [0x00000000fed10000,0x00000000ff6afb10,0x00000000fff90000)
  to   space 18176K, 0% used [0x00000000fdb50000,0x00000000fdb50000,0x00000000fed10000)
 ParOldGen       total 71040K, used 44378K [0x00000000e8000000, 0x00000000ec560000, 0x00000000fa000000)
  object space 71040K, 62% used [0x00000000e8000000,0x00000000eab568e0,0x00000000ec560000)
 PSPermGen       total 98496K, used 62327K [0x00000000e0000000, 0x00000000e6030000, 0x00000000e8000000)
  object space 98496K, 63% used [0x00000000e0000000,0x00000000e3cde938,0x00000000e6030000)
GC Heap History (10 events):
Event: 54.252 GC heap before
{Heap before GC invocations=33 (full 1):
 PSYoungGen      total 72896K, used 72847K [0x00000000fa000000, 0x0000000100000000, 0x0000000100000000)
  eden space 60672K, 100% used [0x00000000fa000000,0x00000000fdb40000,0x00000000fdb40000)
  from space 12224K, 99% used [0x00000000fdb40000,0x00000000fe723e40,0x00000000fe730000)
  to   space 18944K, 0% used [0x00000000fed80000,0x00000000fed80000,0x0000000100000000)
 ParOldGen       total 71040K, used 41562K [0x00000000e8000000, 0x00000000ec560000, 0x00000000fa000000)
  object space 71040K, 58% used [0x00000000e8000000,0x00000000ea896978,0x00000000ec560000)
 PSPermGen       total 98496K, used 61674K [0x00000000e0000000, 0x00000000e6030000, 0x00000000e8000000)
  object space 98496K, 62% used [0x00000000e0000000,0x00000000e3c3a980,0x00000000e6030000)
Event: 54.297 GC heap after
Heap after GC invocations=33 (full 1):
 PSYoungGen      total 79104K, used 12335K [0x00000000fa000000, 0x0000000100000000, 0x0000000100000000)
  eden space 60160K, 0% used [0x00000000fa000000,0x00000000fa000000,0x00000000fdac0000)
  from space 18944K, 65% used [0x00000000fed80000,0x00000000ff98be40,0x0000000100000000)
  to   space 19072K, 0% used [0x00000000fdac0000,0x00000000fdac0000,0x00000000fed60000)
 ParOldGen       total 71040K, used 41562K [0x00000000e8000000, 0x00000000ec560000, 0x00000000fa000000)
  object space 71040K, 58% used [0x00000000e8000000,0x00000000ea896978,0x00000000ec560000)
 PSPermGen       total 98496K, used 61674K [0x00000000e0000000, 0x00000000e6030000, 0x00000000e8000000)
  object space 98496K, 62% used [0x00000000e0000000,0x00000000e3c3a980,0x00000000e6030000)
}
Event: 56.398 GC heap before
{Heap before GC invocations=34 (full 1):
 PSYoungGen      total 79104K, used 72495K [0x00000000fa000000, 0x0000000100000000, 0x0000000100000000)
  eden space 60160K, 100% used [0x00000000fa000000,0x00000000fdac0000,0x00000000fdac0000)
  from space 18944K, 65% used [0x00000000fed80000,0x00000000ff98be40,0x0000000100000000)
  to   space 19072K, 0% used [0x00000000fdac0000,0x00000000fdac0000,0x00000000fed60000)
 ParOldGen       total 71040K, used 41562K [0x00000000e8000000, 0x00000000ec560000, 0x00000000fa000000)
  object space 71040K, 58% used [0x00000000e8000000,0x00000000ea896978,0x00000000ec560000)
 PSPermGen       total 98496K, used 61674K [0x00000000e0000000, 0x00000000e6030000, 0x00000000e8000000)
  object space 98496K, 62% used [0x00000000e0000000,0x00000000e3c3ab10,0x00000000e6030000)
Event: 56.420 GC heap after
Heap after GC invocations=34 (full 1):
 PSYoungGen      total 72704K, used 12511K [0x00000000fa000000, 0x0000000100000000, 0x0000000100000000)
  eden space 60160K, 0% used [0x00000000fa000000,0x00000000fa000000,0x00000000fdac0000)
  from space 12544K, 99% used [0x00000000fdac0000,0x00000000fe6f7e50,0x00000000fe700000)
  to   space 19200K, 0% used [0x00000000fed40000,0x00000000fed40000,0x0000000100000000)
 ParOldGen       total 71040K, used 41562K [0x00000000e8000000, 0x00000000ec560000, 0x00000000fa000000)
  object space 71040K, 58% used [0x00000000e8000000,0x00000000ea896978,0x00000000ec560000)
 PSPermGen       total 98496K, used 61674K [0x00000000e0000000, 0x00000000e6030000, 0x00000000e8000000)
  object space 98496K, 62% used [0x00000000e0000000,0x00000000e3c3ab10,0x00000000e6030000)
}
Event: 58.066 GC heap before
{Heap before GC invocations=35 (full 1):
 PSYoungGen      total 72704K, used 72671K [0x00000000fa000000, 0x0000000100000000, 0x0000000100000000)
  eden space 60160K, 100% used [0x00000000fa000000,0x00000000fdac0000,0x00000000fdac0000)
  from space 12544K, 99% used [0x00000000fdac0000,0x00000000fe6f7e50,0x00000000fe700000)
  to   space 19200K, 0% used [0x00000000fed40000,0x00000000fed40000,0x0000000100000000)
 ParOldGen       total 71040K, used 41562K [0x00000000e8000000, 0x00000000ec560000, 0x00000000fa000000)
  object space 71040K, 58% used [0x00000000e8000000,0x00000000ea896978,0x00000000ec560000)
 PSPermGen       total 98496K, used 61676K [0x00000000e0000000, 0x00000000e6030000, 0x00000000e8000000)
  object space 98496K, 62% used [0x00000000e0000000,0x00000000e3c3b080,0x00000000e6030000)
Event: 58.101 GC heap after
Heap after GC invocations=35 (full 1):
 PSYoungGen      total 79168K, used 12287K [0x00000000fa000000, 0x0000000100000000, 0x0000000100000000)
  eden space 59968K, 0% used [0x00000000fa000000,0x00000000fa000000,0x00000000fda90000)
  from space 19200K, 63% used [0x00000000fed40000,0x00000000ff93fe50,0x0000000100000000)
  to   space 19136K, 0% used [0x00000000fda90000,0x00000000fda90000,0x00000000fed40000)
 ParOldGen       total 71040K, used 41570K [0x00000000e8000000, 0x00000000ec560000, 0x00000000fa000000)
  object space 71040K, 58% used [0x00000000e8000000,0x00000000ea898978,0x00000000ec560000)
 PSPermGen       total 98496K, used 61676K [0x00000000e0000000, 0x00000000e6030000, 0x00000000e8000000)
  object space 98496K, 62% used [0x00000000e0000000,0x00000000e3c3b080,0x00000000e6030000)
}
Event: 60.867 GC heap before
{Heap before GC invocations=36 (full 1):
 PSYoungGen      total 79168K, used 72255K [0x00000000fa000000, 0x0000000100000000, 0x0000000100000000)
  eden space 59968K, 100% used [0x00000000fa000000,0x00000000fda90000,0x00000000fda90000)
  from space 19200K, 63% used [0x00000000fed40000,0x00000000ff93fe50,0x0000000100000000)
  to   space 19136K, 0% used [0x00000000fda90000,0x00000000fda90000,0x00000000fed40000)
 ParOldGen       total 71040K, used 41570K [0x00000000e8000000, 0x00000000ec560000, 0x00000000fa000000)
  object space 71040K, 58% used [0x00000000e8000000,0x00000000ea898978,0x00000000ec560000)
 PSPermGen       total 98496K, used 61825K [0x00000000e0000000, 0x00000000e6030000, 0x00000000e8000000)
  object space 98496K, 62% used [0x00000000e0000000,0x00000000e3c60558,0x00000000e6030000)
Event: 60.890 GC heap after
Heap after GC invocations=36 (full 1):
 PSYoungGen      total 72064K, used 12032K [0x00000000fa000000, 0x00000000fff90000, 0x0000000100000000)
  eden space 59968K, 0% used [0x00000000fa000000,0x00000000fa000000,0x00000000fda90000)
  from space 12096K, 99% used [0x00000000fda90000,0x00000000fe6503a8,0x00000000fe660000)
  to   space 18944K, 0% used [0x00000000fed10000,0x00000000fed10000,0x00000000fff90000)
 ParOldGen       total 71040K, used 42594K [0x00000000e8000000, 0x00000000ec560000, 0x00000000fa000000)
  object space 71040K, 59% used [0x00000000e8000000,0x00000000ea9988e0,0x00000000ec560000)
 PSPermGen       total 98496K, used 61825K [0x00000000e0000000, 0x00000000e6030000, 0x00000000e8000000)
  object space 98496K, 62% used [0x00000000e0000000,0x00000000e3c60558,0x00000000e6030000)
}
Event: 101.843 GC heap before
{Heap before GC invocations=37 (full 1):
 PSYoungGen      total 72064K, used 72000K [0x00000000fa000000, 0x00000000fff90000, 0x0000000100000000)
  eden space 59968K, 100% used [0x00000000fa000000,0x00000000fda90000,0x00000000fda90000)
  from space 12096K, 99% used [0x00000000fda90000,0x00000000fe6503a8,0x00000000fe660000)
  to   space 18944K, 0% used [0x00000000fed10000,0x00000000fed10000,0x00000000fff90000)
 ParOldGen       total 71040K, used 42594K [0x00000000e8000000, 0x00000000ec560000, 0x00000000fa000000)
  object space 71040K, 59% used [0x00000000e8000000,0x00000000ea9988e0,0x00000000ec560000)
 PSPermGen       total 98496K, used 62153K [0x00000000e0000000, 0x00000000e6030000, 0x00000000e8000000)
  object space 98496K, 63% used [0x00000000e0000000,0x00000000e3cb2708,0x00000000e6030000)
Event: 101.861 GC heap after
Heap after GC invocations=37 (full 1):
 PSYoungGen      total 79680K, used 9854K [0x00000000fa000000, 0x0000000100000000, 0x0000000100000000)
  eden space 60736K, 0% used [0x00000000fa000000,0x00000000fa000000,0x00000000fdb50000)
  from space 18944K, 52% used [0x00000000fed10000,0x00000000ff6afb10,0x00000000fff90000)
  to   space 18176K, 0% used [0x00000000fdb50000,0x00000000fdb50000,0x00000000fed10000)
 ParOldGen       total 71040K, used 44378K [0x00000000e8000000, 0x00000000ec560000, 0x00000000fa000000)
  object space 71040K, 62% used [0x00000000e8000000,0x00000000eab568e0,0x00000000ec560000)
 PSPermGen       total 98496K, used 62153K [0x00000000e0000000, 0x00000000e6030000, 0x00000000e8000000)
  object space 98496K, 63% used [0x00000000e0000000,0x00000000e3cb2708,0x00000000e6030000)
}

