# JRE version: 7.0_11-b21
# Java VM: Java HotSpot(TM) 64-Bit Server VM (23.6-b04 mixed mode windows-amd64 compressed oops)
Heap
 PSYoungGen      total 90304K, used 23971K [0x00000000fa000000, 0x0000000100000000, 0x0000000100000000)
  eden space 83328K, 22% used [0x00000000fa000000,0x00000000fb21d098,0x00000000ff160000)
  from space 6976K, 77% used [0x00000000ff930000,0x00000000ffe7bba0,0x0000000100000000)
  to   space 7488K, 0% used [0x00000000ff160000,0x00000000ff160000,0x00000000ff8b0000)
 ParOldGen       total 69504K, used 65944K [0x00000000e8000000, 0x00000000ec3e0000, 0x00000000fa000000)
  object space 69504K, 94% used [0x00000000e8000000,0x00000000ec0663c8,0x00000000ec3e0000)
 PSPermGen       total 99264K, used 65932K [0x00000000e0000000, 0x00000000e60f0000, 0x00000000e8000000)
  object space 99264K, 66% used [0x00000000e0000000,0x00000000e40630b0,0x00000000e60f0000)
GC Heap History (10 events):
Event: 915.490 GC heap before
{Heap before GC invocations=233 (full 1):
 PSYoungGen      total 91136K, used 88921K [0x00000000fa000000, 0x0000000100000000, 0x0000000100000000)
  eden space 84800K, 100% used [0x00000000fa000000,0x00000000ff2d0000,0x00000000ff2d0000)
  from space 6336K, 65% used [0x00000000ff2d0000,0x00000000ff6d6770,0x00000000ff900000)
  to   space 6592K, 0% used [0x00000000ff990000,0x00000000ff990000,0x0000000100000000)
 ParOldGen       total 69504K, used 65936K [0x00000000e8000000, 0x00000000ec3e0000, 0x00000000fa000000)
  object space 69504K, 94% used [0x00000000e8000000,0x00000000ec0643c8,0x00000000ec3e0000)
 PSPermGen       total 99264K, used 65896K [0x00000000e0000000, 0x00000000e60f0000, 0x00000000e8000000)
  object space 99264K, 66% used [0x00000000e0000000,0x00000000e405a308,0x00000000e60f0000)
Event: 915.505 GC heap after
Heap after GC invocations=233 (full 1):
 PSYoungGen      total 91328K, used 4089K [0x00000000fa000000, 0x0000000100000000, 0x0000000100000000)
  eden space 84736K, 0% used [0x00000000fa000000,0x00000000fa000000,0x00000000ff2c0000)
  from space 6592K, 62% used [0x00000000ff990000,0x00000000ffd8e770,0x0000000100000000)
  to   space 6784K, 0% used [0x00000000ff2c0000,0x00000000ff2c0000,0x00000000ff960000)
 ParOldGen       total 69504K, used 65936K [0x00000000e8000000, 0x00000000ec3e0000, 0x00000000fa000000)
  object space 69504K, 94% used [0x00000000e8000000,0x00000000ec0643c8,0x00000000ec3e0000)
 PSPermGen       total 99264K, used 65896K [0x00000000e0000000, 0x00000000e60f0000, 0x00000000e8000000)
  object space 99264K, 66% used [0x00000000e0000000,0x00000000e405a308,0x00000000e60f0000)
}
Event: 917.209 GC heap before
{Heap before GC invocations=234 (full 1):
 PSYoungGen      total 91328K, used 88825K [0x00000000fa000000, 0x0000000100000000, 0x0000000100000000)
  eden space 84736K, 100% used [0x00000000fa000000,0x00000000ff2c0000,0x00000000ff2c0000)
  from space 6592K, 62% used [0x00000000ff990000,0x00000000ffd8e770,0x0000000100000000)
  to   space 6784K, 0% used [0x00000000ff2c0000,0x00000000ff2c0000,0x00000000ff960000)
 ParOldGen       total 69504K, used 65936K [0x00000000e8000000, 0x00000000ec3e0000, 0x00000000fa000000)
  object space 69504K, 94% used [0x00000000e8000000,0x00000000ec0643c8,0x00000000ec3e0000)
 PSPermGen       total 99264K, used 65896K [0x00000000e0000000, 0x00000000e60f0000, 0x00000000e8000000)
  object space 99264K, 66% used [0x00000000e0000000,0x00000000e405a308,0x00000000e60f0000)
Event: 917.220 GC heap after
Heap after GC invocations=234 (full 1):
 PSYoungGen      total 88896K, used 4121K [0x00000000fa000000, 0x0000000100000000, 0x0000000100000000)
  eden space 84736K, 0% used [0x00000000fa000000,0x00000000fa000000,0x00000000ff2c0000)
  from space 4160K, 99% used [0x00000000ff2c0000,0x00000000ff6c6770,0x00000000ff6d0000)
  to   space 6912K, 0% used [0x00000000ff940000,0x00000000ff940000,0x0000000100000000)
 ParOldGen       total 69504K, used 65936K [0x00000000e8000000, 0x00000000ec3e0000, 0x00000000fa000000)
  object space 69504K, 94% used [0x00000000e8000000,0x00000000ec0643c8,0x00000000ec3e0000)
 PSPermGen       total 99264K, used 65896K [0x00000000e0000000, 0x00000000e60f0000, 0x00000000e8000000)
  object space 99264K, 66% used [0x00000000e0000000,0x00000000e405a308,0x00000000e60f0000)
}
Event: 918.848 GC heap before
{Heap before GC invocations=235 (full 1):
 PSYoungGen      total 88896K, used 88857K [0x00000000fa000000, 0x0000000100000000, 0x0000000100000000)
  eden space 84736K, 100% used [0x00000000fa000000,0x00000000ff2c0000,0x00000000ff2c0000)
  from space 4160K, 99% used [0x00000000ff2c0000,0x00000000ff6c6770,0x00000000ff6d0000)
  to   space 6912K, 0% used [0x00000000ff940000,0x00000000ff940000,0x0000000100000000)
 ParOldGen       total 69504K, used 65936K [0x00000000e8000000, 0x00000000ec3e0000, 0x00000000fa000000)
  object space 69504K, 94% used [0x00000000e8000000,0x00000000ec0643c8,0x00000000ec3e0000)
 PSPermGen       total 99264K, used 65896K [0x00000000e0000000, 0x00000000e60f0000, 0x00000000e8000000)
  object space 99264K, 66% used [0x00000000e0000000,0x00000000e405a308,0x00000000e60f0000)
Event: 918.859 GC heap after
Heap after GC invocations=235 (full 1):
 PSYoungGen      total 91264K, used 4121K [0x00000000fa000000, 0x0000000100000000, 0x0000000100000000)
  eden space 84352K, 0% used [0x00000000fa000000,0x00000000fa000000,0x00000000ff260000)
  from space 6912K, 59% used [0x00000000ff940000,0x00000000ffd46770,0x0000000100000000)
  to   space 6976K, 0% used [0x00000000ff260000,0x00000000ff260000,0x00000000ff930000)
 ParOldGen       total 69504K, used 65936K [0x00000000e8000000, 0x00000000ec3e0000, 0x00000000fa000000)
  object space 69504K, 94% used [0x00000000e8000000,0x00000000ec0643c8,0x00000000ec3e0000)
 PSPermGen       total 99264K, used 65896K [0x00000000e0000000, 0x00000000e60f0000, 0x00000000e8000000)
  object space 99264K, 66% used [0x00000000e0000000,0x00000000e405a308,0x00000000e60f0000)
}
Event: 920.591 GC heap before
{Heap before GC invocations=236 (full 1):
 PSYoungGen      total 91264K, used 88473K [0x00000000fa000000, 0x0000000100000000, 0x0000000100000000)
  eden space 84352K, 100% used [0x00000000fa000000,0x00000000ff260000,0x00000000ff260000)
  from space 6912K, 59% used [0x00000000ff940000,0x00000000ffd46770,0x0000000100000000)
  to   space 6976K, 0% used [0x00000000ff260000,0x00000000ff260000,0x00000000ff930000)
 ParOldGen       total 69504K, used 65936K [0x00000000e8000000, 0x00000000ec3e0000, 0x00000000fa000000)
  object space 69504K, 94% used [0x00000000e8000000,0x00000000ec0643c8,0x00000000ec3e0000)
 PSPermGen       total 99264K, used 65896K [0x00000000e0000000, 0x00000000e60f0000, 0x00000000e8000000)
  object space 99264K, 66% used [0x00000000e0000000,0x00000000e405a308,0x00000000e60f0000)
Event: 920.607 GC heap after
Heap after GC invocations=236 (full 1):
 PSYoungGen      total 91328K, used 4089K [0x00000000fa000000, 0x0000000100000000, 0x0000000100000000)
  eden space 84352K, 0% used [0x00000000fa000000,0x00000000fa000000,0x00000000ff260000)
  from space 6976K, 58% used [0x00000000ff260000,0x00000000ff65e770,0x00000000ff930000)
  to   space 6976K, 0% used [0x00000000ff930000,0x00000000ff930000,0x0000000100000000)
 ParOldGen       total 69504K, used 65936K [0x00000000e8000000, 0x00000000ec3e0000, 0x00000000fa000000)
  object space 69504K, 94% used [0x00000000e8000000,0x00000000ec0643c8,0x00000000ec3e0000)
 PSPermGen       total 99264K, used 65896K [0x00000000e0000000, 0x00000000e60f0000, 0x00000000e8000000)
  object space 99264K, 66% used [0x00000000e0000000,0x00000000e405a308,0x00000000e60f0000)
}
Event: 946.543 GC heap before
{Heap before GC invocations=237 (full 1):
 PSYoungGen      total 91328K, used 88441K [0x00000000fa000000, 0x0000000100000000, 0x0000000100000000)
  eden space 84352K, 100% used [0x00000000fa000000,0x00000000ff260000,0x00000000ff260000)
  from space 6976K, 58% used [0x00000000ff260000,0x00000000ff65e770,0x00000000ff930000)
  to   space 6976K, 0% used [0x00000000ff930000,0x00000000ff930000,0x0000000100000000)
 ParOldGen       total 69504K, used 65936K [0x00000000e8000000, 0x00000000ec3e0000, 0x00000000fa000000)
  object space 69504K, 94% used [0x00000000e8000000,0x00000000ec0643c8,0x00000000ec3e0000)
 PSPermGen       total 99264K, used 65928K [0x00000000e0000000, 0x00000000e60f0000, 0x00000000e8000000)
  object space 99264K, 66% used [0x00000000e0000000,0x00000000e40622b0,0x00000000e60f0000)
Event: 946.558 GC heap after
Heap after GC invocations=237 (full 1):
 PSYoungGen      total 90304K, used 5422K [0x00000000fa000000, 0x0000000100000000, 0x0000000100000000)
  eden space 83328K, 0% used [0x00000000fa000000,0x00000000fa000000,0x00000000ff160000)
  from space 6976K, 77% used [0x00000000ff930000,0x00000000ffe7bba0,0x0000000100000000)
  to   space 7488K, 0% used [0x00000000ff160000,0x00000000ff160000,0x00000000ff8b0000)
 ParOldGen       total 69504K, used 65944K [0x00000000e8000000, 0x00000000ec3e0000, 0x00000000fa000000)
  object space 69504K, 94% used [0x00000000e8000000,0x00000000ec0663c8,0x00000000ec3e0000)
 PSPermGen       total 99264K, used 65928K [0x00000000e0000000, 0x00000000e60f0000, 0x00000000e8000000)
  object space 99264K, 66% used [0x00000000e0000000,0x00000000e40622b0,0x00000000e60f0000)
}

