# JRE version: 7.0_11-b21
# Java VM: Java HotSpot(TM) 64-Bit Server VM (23.6-b04 mixed mode windows-amd64 compressed oops)
Heap
 PSYoungGen      total 76864K, used 19257K [0x00000000fa000000, 0x0000000100000000, 0x0000000100000000)
  eden space 65664K, 12% used [0x00000000fa000000,0x00000000fa7e95b0,0x00000000fe020000)
  from space 11200K, 99% used [0x00000000fe020000,0x00000000feb05000,0x00000000feb10000)
  to   space 16640K, 0% used [0x00000000fefc0000,0x00000000fefc0000,0x0000000100000000)
 ParOldGen       total 69952K, used 50422K [0x00000000e8000000, 0x00000000ec450000, 0x00000000fa000000)
  object space 69952K, 72% used [0x00000000e8000000,0x00000000eb13d938,0x00000000ec450000)
 PSPermGen       total 98560K, used 62885K [0x00000000e0000000, 0x00000000e6040000, 0x00000000e8000000)
  object space 98560K, 63% used [0x00000000e0000000,0x00000000e3d69530,0x00000000e6040000)
GC Heap History (10 events):
Event: 99.819 GC heap before
{Heap before GC invocations=28 (full 1):
 PSYoungGen      total 83776K, used 81531K [0x00000000fa000000, 0x0000000100000000, 0x0000000100000000)
  eden space 71168K, 100% used [0x00000000fa000000,0x00000000fe580000,0x00000000fe580000)
  from space 12608K, 82% used [0x00000000ff3b0000,0x00000000ffdcee08,0x0000000100000000)
  to   space 13568K, 0% used [0x00000000fe580000,0x00000000fe580000,0x00000000ff2c0000)
 ParOldGen       total 69952K, used 50414K [0x00000000e8000000, 0x00000000ec450000, 0x00000000fa000000)
  object space 69952K, 72% used [0x00000000e8000000,0x00000000eb13b938,0x00000000ec450000)
 PSPermGen       total 98560K, used 62149K [0x00000000e0000000, 0x00000000e6040000, 0x00000000e8000000)
  object space 98560K, 63% used [0x00000000e0000000,0x00000000e3cb1720,0x00000000e6040000)
Event: 99.848 GC heap after
Heap after GC invocations=28 (full 1):
 PSYoungGen      total 81664K, used 10479K [0x00000000fa000000, 0x0000000100000000, 0x0000000100000000)
  eden space 71168K, 0% used [0x00000000fa000000,0x00000000fa000000,0x00000000fe580000)
  from space 10496K, 99% used [0x00000000fe580000,0x00000000fefbbd08,0x00000000fefc0000)
  to   space 14336K, 0% used [0x00000000ff200000,0x00000000ff200000,0x0000000100000000)
 ParOldGen       total 69952K, used 50414K [0x00000000e8000000, 0x00000000ec450000, 0x00000000fa000000)
  object space 69952K, 72% used [0x00000000e8000000,0x00000000eb13b938,0x00000000ec450000)
 PSPermGen       total 98560K, used 62149K [0x00000000e0000000, 0x00000000e6040000, 0x00000000e8000000)
  object space 98560K, 63% used [0x00000000e0000000,0x00000000e3cb1720,0x00000000e6040000)
}
Event: 164.678 GC heap before
{Heap before GC invocations=29 (full 1):
 PSYoungGen      total 81664K, used 81647K [0x00000000fa000000, 0x0000000100000000, 0x0000000100000000)
  eden space 71168K, 100% used [0x00000000fa000000,0x00000000fe580000,0x00000000fe580000)
  from space 10496K, 99% used [0x00000000fe580000,0x00000000fefbbd08,0x00000000fefc0000)
  to   space 14336K, 0% used [0x00000000ff200000,0x00000000ff200000,0x0000000100000000)
 ParOldGen       total 69952K, used 50414K [0x00000000e8000000, 0x00000000ec450000, 0x00000000fa000000)
  object space 69952K, 72% used [0x00000000e8000000,0x00000000eb13b938,0x00000000ec450000)
 PSPermGen       total 98560K, used 62713K [0x00000000e0000000, 0x00000000e6040000, 0x00000000e8000000)
  object space 98560K, 63% used [0x00000000e0000000,0x00000000e3d3e660,0x00000000e6040000)
Event: 164.696 GC heap after
Heap after GC invocations=29 (full 1):
 PSYoungGen      total 82432K, used 10983K [0x00000000fa000000, 0x0000000100000000, 0x0000000100000000)
  eden space 68096K, 0% used [0x00000000fa000000,0x00000000fa000000,0x00000000fe280000)
  from space 14336K, 76% used [0x00000000ff200000,0x00000000ffcb9ed8,0x0000000100000000)
  to   space 15104K, 0% used [0x00000000fe280000,0x00000000fe280000,0x00000000ff140000)
 ParOldGen       total 69952K, used 50414K [0x00000000e8000000, 0x00000000ec450000, 0x00000000fa000000)
  object space 69952K, 72% used [0x00000000e8000000,0x00000000eb13b938,0x00000000ec450000)
 PSPermGen       total 98560K, used 62713K [0x00000000e0000000, 0x00000000e6040000, 0x00000000e8000000)
  object space 98560K, 63% used [0x00000000e0000000,0x00000000e3d3e660,0x00000000e6040000)
}
Event: 236.981 GC heap before
{Heap before GC invocations=30 (full 1):
 PSYoungGen      total 82432K, used 79079K [0x00000000fa000000, 0x0000000100000000, 0x0000000100000000)
  eden space 68096K, 100% used [0x00000000fa000000,0x00000000fe280000,0x00000000fe280000)
  from space 14336K, 76% used [0x00000000ff200000,0x00000000ffcb9ed8,0x0000000100000000)
  to   space 15104K, 0% used [0x00000000fe280000,0x00000000fe280000,0x00000000ff140000)
 ParOldGen       total 69952K, used 50414K [0x00000000e8000000, 0x00000000ec450000, 0x00000000fa000000)
  object space 69952K, 72% used [0x00000000e8000000,0x00000000eb13b938,0x00000000ec450000)
 PSPermGen       total 98560K, used 62794K [0x00000000e0000000, 0x00000000e6040000, 0x00000000e8000000)
  object space 98560K, 63% used [0x00000000e0000000,0x00000000e3d52948,0x00000000e6040000)
Event: 236.999 GC heap after
Heap after GC invocations=30 (full 1):
 PSYoungGen      total 79296K, used 11171K [0x00000000fa000000, 0x0000000100000000, 0x0000000100000000)
  eden space 68096K, 0% used [0x00000000fa000000,0x00000000fa000000,0x00000000fe280000)
  from space 11200K, 99% used [0x00000000fe280000,0x00000000fed68f38,0x00000000fed70000)
  to   space 15744K, 0% used [0x00000000ff0a0000,0x00000000ff0a0000,0x0000000100000000)
 ParOldGen       total 69952K, used 50422K [0x00000000e8000000, 0x00000000ec450000, 0x00000000fa000000)
  object space 69952K, 72% used [0x00000000e8000000,0x00000000eb13d938,0x00000000ec450000)
 PSPermGen       total 98560K, used 62794K [0x00000000e0000000, 0x00000000e6040000, 0x00000000e8000000)
  object space 98560K, 63% used [0x00000000e0000000,0x00000000e3d52948,0x00000000e6040000)
}
Event: 279.492 GC heap before
{Heap before GC invocations=31 (full 1):
 PSYoungGen      total 79296K, used 79267K [0x00000000fa000000, 0x0000000100000000, 0x0000000100000000)
  eden space 68096K, 100% used [0x00000000fa000000,0x00000000fe280000,0x00000000fe280000)
  from space 11200K, 99% used [0x00000000fe280000,0x00000000fed68f38,0x00000000fed70000)
  to   space 15744K, 0% used [0x00000000ff0a0000,0x00000000ff0a0000,0x0000000100000000)
 ParOldGen       total 69952K, used 50422K [0x00000000e8000000, 0x00000000ec450000, 0x00000000fa000000)
  object space 69952K, 72% used [0x00000000e8000000,0x00000000eb13d938,0x00000000ec450000)
 PSPermGen       total 98560K, used 62838K [0x00000000e0000000, 0x00000000e6040000, 0x00000000e8000000)
  object space 98560K, 63% used [0x00000000e0000000,0x00000000e3d5d958,0x00000000e6040000)
Event: 279.512 GC heap after
Heap after GC invocations=31 (full 1):
 PSYoungGen      total 81408K, used 11269K [0x00000000fa000000, 0x0000000100000000, 0x0000000100000000)
  eden space 65664K, 0% used [0x00000000fa000000,0x00000000fa000000,0x00000000fe020000)
  from space 15744K, 71% used [0x00000000ff0a0000,0x00000000ffba1570,0x0000000100000000)
  to   space 16320K, 0% used [0x00000000fe020000,0x00000000fe020000,0x00000000ff010000)
 ParOldGen       total 69952K, used 50422K [0x00000000e8000000, 0x00000000ec450000, 0x00000000fa000000)
  object space 69952K, 72% used [0x00000000e8000000,0x00000000eb13d938,0x00000000ec450000)
 PSPermGen       total 98560K, used 62838K [0x00000000e0000000, 0x00000000e6040000, 0x00000000e8000000)
  object space 98560K, 63% used [0x00000000e0000000,0x00000000e3d5d958,0x00000000e6040000)
}
Event: 307.102 GC heap before
{Heap before GC invocations=32 (full 1):
 PSYoungGen      total 81408K, used 76933K [0x00000000fa000000, 0x0000000100000000, 0x0000000100000000)
  eden space 65664K, 100% used [0x00000000fa000000,0x00000000fe020000,0x00000000fe020000)
  from space 15744K, 71% used [0x00000000ff0a0000,0x00000000ffba1570,0x0000000100000000)
  to   space 16320K, 0% used [0x00000000fe020000,0x00000000fe020000,0x00000000ff010000)
 ParOldGen       total 69952K, used 50422K [0x00000000e8000000, 0x00000000ec450000, 0x00000000fa000000)
  object space 69952K, 72% used [0x00000000e8000000,0x00000000eb13d938,0x00000000ec450000)
 PSPermGen       total 98560K, used 62881K [0x00000000e0000000, 0x00000000e6040000, 0x00000000e8000000)
  object space 98560K, 63% used [0x00000000e0000000,0x00000000e3d68470,0x00000000e6040000)
Event: 307.120 GC heap after
Heap after GC invocations=32 (full 1):
 PSYoungGen      total 76864K, used 11156K [0x00000000fa000000, 0x0000000100000000, 0x0000000100000000)
  eden space 65664K, 0% used [0x00000000fa000000,0x00000000fa000000,0x00000000fe020000)
  from space 11200K, 99% used [0x00000000fe020000,0x00000000feb05000,0x00000000feb10000)
  to   space 16640K, 0% used [0x00000000fefc0000,0x00000000fefc0000,0x0000000100000000)
 ParOldGen       total 69952K, used 50422K [0x00000000e8000000, 0x00000000ec450000, 0x00000000fa000000)
  object space 69952K, 72% used [0x00000000e8000000,0x00000000eb13d938,0x00000000ec450000)
 PSPermGen       total 98560K, used 62881K [0x00000000e0000000, 0x00000000e6040000, 0x00000000e8000000)
  object space 98560K, 63% used [0x00000000e0000000,0x00000000e3d68470,0x00000000e6040000)
}

