# JRE version: 7.0_11-b21
# Java VM: Java HotSpot(TM) 64-Bit Server VM (23.6-b04 mixed mode windows-amd64 compressed oops)
Heap
 PSYoungGen      total 63808K, used 9709K [0x00000000fa000000, 0x00000000fedb0000, 0x0000000100000000)
  eden space 54848K, 1% used [0x00000000fa000000,0x00000000fa0bc8e0,0x00000000fd590000)
  from space 8960K, 99% used [0x00000000fd760000,0x00000000fe01ec78,0x00000000fe020000)
  to   space 12352K, 0% used [0x00000000fe1a0000,0x00000000fe1a0000,0x00000000fedb0000)
 ParOldGen       total 101248K, used 92833K [0x00000000e8000000, 0x00000000ee2e0000, 0x00000000fa000000)
  object space 101248K, 91% used [0x00000000e8000000,0x00000000edaa8728,0x00000000ee2e0000)
 PSPermGen       total 116864K, used 78203K [0x00000000e0000000, 0x00000000e7220000, 0x00000000e8000000)
  object space 116864K, 66% used [0x00000000e0000000,0x00000000e4c5ec98,0x00000000e7220000)
GC Heap History (10 events):
Event: 7024.560 GC heap before
{Heap before GC invocations=133 (full 2):
 PSYoungGen      total 72384K, used 71407K [0x00000000fa000000, 0x00000000ff300000, 0x0000000100000000)
  eden space 65024K, 100% used [0x00000000fa000000,0x00000000fdf80000,0x00000000fdf80000)
  from space 7360K, 86% used [0x00000000febd0000,0x00000000ff20be88,0x00000000ff300000)
  to   space 9984K, 0% used [0x00000000fdf80000,0x00000000fdf80000,0x00000000fe940000)
 ParOldGen       total 101248K, used 89789K [0x00000000e8000000, 0x00000000ee2e0000, 0x00000000fa000000)
  object space 101248K, 88% used [0x00000000e8000000,0x00000000ed7af508,0x00000000ee2e0000)
 PSPermGen       total 116864K, used 78042K [0x00000000e0000000, 0x00000000e7220000, 0x00000000e8000000)
  object space 116864K, 66% used [0x00000000e0000000,0x00000000e4c368e0,0x00000000e7220000)
Event: 7024.580 GC heap after
Heap after GC invocations=133 (full 2):
 PSYoungGen      total 72768K, used 9931K [0x00000000fa000000, 0x00000000ff270000, 0x0000000100000000)
  eden space 62784K, 0% used [0x00000000fa000000,0x00000000fa000000,0x00000000fdd50000)
  from space 9984K, 99% used [0x00000000fdf80000,0x00000000fe932cf0,0x00000000fe940000)
  to   space 9408K, 0% used [0x00000000fe940000,0x00000000fe940000,0x00000000ff270000)
 ParOldGen       total 101248K, used 89893K [0x00000000e8000000, 0x00000000ee2e0000, 0x00000000fa000000)
  object space 101248K, 88% used [0x00000000e8000000,0x00000000ed7c9518,0x00000000ee2e0000)
 PSPermGen       total 116864K, used 78042K [0x00000000e0000000, 0x00000000e7220000, 0x00000000e8000000)
  object space 116864K, 66% used [0x00000000e0000000,0x00000000e4c368e0,0x00000000e7220000)
}
Event: 7102.519 GC heap before
{Heap before GC invocations=134 (full 2):
 PSYoungGen      total 72768K, used 72715K [0x00000000fa000000, 0x00000000ff270000, 0x0000000100000000)
  eden space 62784K, 100% used [0x00000000fa000000,0x00000000fdd50000,0x00000000fdd50000)
  from space 9984K, 99% used [0x00000000fdf80000,0x00000000fe932cf0,0x00000000fe940000)
  to   space 9408K, 0% used [0x00000000fe940000,0x00000000fe940000,0x00000000ff270000)
 ParOldGen       total 101248K, used 89893K [0x00000000e8000000, 0x00000000ee2e0000, 0x00000000fa000000)
  object space 101248K, 88% used [0x00000000e8000000,0x00000000ed7c9518,0x00000000ee2e0000)
 PSPermGen       total 116864K, used 78065K [0x00000000e0000000, 0x00000000e7220000, 0x00000000e8000000)
  object space 116864K, 66% used [0x00000000e0000000,0x00000000e4c3c598,0x00000000e7220000)
Event: 7102.539 GC heap after
Heap after GC invocations=134 (full 2):
 PSYoungGen      total 70080K, used 9386K [0x00000000fa000000, 0x00000000ff2c0000, 0x0000000100000000)
  eden space 60672K, 0% used [0x00000000fa000000,0x00000000fa000000,0x00000000fdb40000)
  from space 9408K, 99% used [0x00000000fe940000,0x00000000ff26aa10,0x00000000ff270000)
  to   space 12032K, 0% used [0x00000000fdb40000,0x00000000fdb40000,0x00000000fe700000)
 ParOldGen       total 101248K, used 91713K [0x00000000e8000000, 0x00000000ee2e0000, 0x00000000fa000000)
  object space 101248K, 90% used [0x00000000e8000000,0x00000000ed9906e8,0x00000000ee2e0000)
 PSPermGen       total 116864K, used 78065K [0x00000000e0000000, 0x00000000e7220000, 0x00000000e8000000)
  object space 116864K, 66% used [0x00000000e0000000,0x00000000e4c3c598,0x00000000e7220000)
}
Event: 7307.125 GC heap before
{Heap before GC invocations=135 (full 2):
 PSYoungGen      total 70080K, used 70058K [0x00000000fa000000, 0x00000000ff2c0000, 0x0000000100000000)
  eden space 60672K, 100% used [0x00000000fa000000,0x00000000fdb40000,0x00000000fdb40000)
  from space 9408K, 99% used [0x00000000fe940000,0x00000000ff26aa10,0x00000000ff270000)
  to   space 12032K, 0% used [0x00000000fdb40000,0x00000000fdb40000,0x00000000fe700000)
 ParOldGen       total 101248K, used 91713K [0x00000000e8000000, 0x00000000ee2e0000, 0x00000000fa000000)
  object space 101248K, 90% used [0x00000000e8000000,0x00000000ed9906e8,0x00000000ee2e0000)
 PSPermGen       total 116864K, used 78128K [0x00000000e0000000, 0x00000000e7220000, 0x00000000e8000000)
  object space 116864K, 66% used [0x00000000e0000000,0x00000000e4c4c1f8,0x00000000e7220000)
Event: 7307.147 GC heap after
Heap after GC invocations=135 (full 2):
 PSYoungGen      total 67648K, used 8962K [0x00000000fa000000, 0x00000000ff0e0000, 0x0000000100000000)
  eden space 58624K, 0% used [0x00000000fa000000,0x00000000fa000000,0x00000000fd940000)
  from space 9024K, 99% used [0x00000000fdb40000,0x00000000fe400860,0x00000000fe410000)
  to   space 12096K, 0% used [0x00000000fe510000,0x00000000fe510000,0x00000000ff0e0000)
 ParOldGen       total 101248K, used 92673K [0x00000000e8000000, 0x00000000ee2e0000, 0x00000000fa000000)
  object space 101248K, 91% used [0x00000000e8000000,0x00000000eda80728,0x00000000ee2e0000)
 PSPermGen       total 116864K, used 78128K [0x00000000e0000000, 0x00000000e7220000, 0x00000000e8000000)
  object space 116864K, 66% used [0x00000000e0000000,0x00000000e4c4c1f8,0x00000000e7220000)
}
Event: 7467.974 GC heap before
{Heap before GC invocations=136 (full 2):
 PSYoungGen      total 67648K, used 67586K [0x00000000fa000000, 0x00000000ff0e0000, 0x0000000100000000)
  eden space 58624K, 100% used [0x00000000fa000000,0x00000000fd940000,0x00000000fd940000)
  from space 9024K, 99% used [0x00000000fdb40000,0x00000000fe400860,0x00000000fe410000)
  to   space 12096K, 0% used [0x00000000fe510000,0x00000000fe510000,0x00000000ff0e0000)
 ParOldGen       total 101248K, used 92673K [0x00000000e8000000, 0x00000000ee2e0000, 0x00000000fa000000)
  object space 101248K, 91% used [0x00000000e8000000,0x00000000eda80728,0x00000000ee2e0000)
 PSPermGen       total 116864K, used 78190K [0x00000000e0000000, 0x00000000e7220000, 0x00000000e8000000)
  object space 116864K, 66% used [0x00000000e0000000,0x00000000e4c5b8a8,0x00000000e7220000)
Event: 7467.995 GC heap after
Heap after GC invocations=136 (full 2):
 PSYoungGen      total 67520K, used 9594K [0x00000000fa000000, 0x00000000fefa0000, 0x0000000100000000)
  eden space 56704K, 0% used [0x00000000fa000000,0x00000000fa000000,0x00000000fd760000)
  from space 10816K, 88% used [0x00000000fe510000,0x00000000fee6e9c8,0x00000000fefa0000)
  to   space 12416K, 0% used [0x00000000fd760000,0x00000000fd760000,0x00000000fe380000)
 ParOldGen       total 101248K, used 92673K [0x00000000e8000000, 0x00000000ee2e0000, 0x00000000fa000000)
  object space 101248K, 91% used [0x00000000e8000000,0x00000000eda80728,0x00000000ee2e0000)
 PSPermGen       total 116864K, used 78190K [0x00000000e0000000, 0x00000000e7220000, 0x00000000e8000000)
  object space 116864K, 66% used [0x00000000e0000000,0x00000000e4c5b8a8,0x00000000e7220000)
}
Event: 7580.359 GC heap before
{Heap before GC invocations=137 (full 2):
 PSYoungGen      total 67520K, used 66298K [0x00000000fa000000, 0x00000000fefa0000, 0x0000000100000000)
  eden space 56704K, 100% used [0x00000000fa000000,0x00000000fd760000,0x00000000fd760000)
  from space 10816K, 88% used [0x00000000fe510000,0x00000000fee6e9c8,0x00000000fefa0000)
  to   space 12416K, 0% used [0x00000000fd760000,0x00000000fd760000,0x00000000fe380000)
 ParOldGen       total 101248K, used 92673K [0x00000000e8000000, 0x00000000ee2e0000, 0x00000000fa000000)
  object space 101248K, 91% used [0x00000000e8000000,0x00000000eda80728,0x00000000ee2e0000)
 PSPermGen       total 116864K, used 78203K [0x00000000e0000000, 0x00000000e7220000, 0x00000000e8000000)
  object space 116864K, 66% used [0x00000000e0000000,0x00000000e4c5ec78,0x00000000e7220000)
Event: 7580.378 GC heap after
Heap after GC invocations=137 (full 2):
 PSYoungGen      total 63808K, used 8955K [0x00000000fa000000, 0x00000000fedb0000, 0x0000000100000000)
  eden space 54848K, 0% used [0x00000000fa000000,0x00000000fa000000,0x00000000fd590000)
  from space 8960K, 99% used [0x00000000fd760000,0x00000000fe01ec78,0x00000000fe020000)
  to   space 12352K, 0% used [0x00000000fe1a0000,0x00000000fe1a0000,0x00000000fedb0000)
 ParOldGen       total 101248K, used 92833K [0x00000000e8000000, 0x00000000ee2e0000, 0x00000000fa000000)
  object space 101248K, 91% used [0x00000000e8000000,0x00000000edaa8728,0x00000000ee2e0000)
 PSPermGen       total 116864K, used 78203K [0x00000000e0000000, 0x00000000e7220000, 0x00000000e8000000)
  object space 116864K, 66% used [0x00000000e0000000,0x00000000e4c5ec78,0x00000000e7220000)
}

