# JRE version: 7.0_11-b21
# Java VM: Java HotSpot(TM) 64-Bit Server VM (23.6-b04 mixed mode windows-amd64 compressed oops)
Heap
 PSYoungGen      total 90304K, used 14761K [0x00000000fa000000, 0x0000000100000000, 0x0000000100000000)
  eden space 83456K, 10% used [0x00000000fa000000,0x00000000fa82a978,0x00000000ff180000)
  from space 6848K, 93% used [0x00000000ff950000,0x00000000fff8fb30,0x0000000100000000)
  to   space 7424K, 0% used [0x00000000ff180000,0x00000000ff180000,0x00000000ff8c0000)
 ParOldGen       total 71808K, used 46458K [0x00000000e8000000, 0x00000000ec620000, 0x00000000fa000000)
  object space 71808K, 64% used [0x00000000e8000000,0x00000000ead5e948,0x00000000ec620000)
 PSPermGen       total 110016K, used 62040K [0x00000000e0000000, 0x00000000e6b70000, 0x00000000e8000000)
  object space 110016K, 56% used [0x00000000e0000000,0x00000000e3c96180,0x00000000e6b70000)
GC Heap History (10 events):
Event: 440.842 GC heap before
{Heap before GC invocations=33 (full 1):
 PSYoungGen      total 91328K, used 88924K [0x00000000fa000000, 0x0000000100000000, 0x0000000100000000)
  eden space 84544K, 100% used [0x00000000fa000000,0x00000000ff290000,0x00000000ff290000)
  from space 6784K, 64% used [0x00000000ff290000,0x00000000ff6d73d0,0x00000000ff930000)
  to   space 6720K, 0% used [0x00000000ff970000,0x00000000ff970000,0x0000000100000000)
 ParOldGen       total 71808K, used 46458K [0x00000000e8000000, 0x00000000ec620000, 0x00000000fa000000)
  object space 71808K, 64% used [0x00000000e8000000,0x00000000ead5e948,0x00000000ec620000)
 PSPermGen       total 110016K, used 61442K [0x00000000e0000000, 0x00000000e6b70000, 0x00000000e8000000)
  object space 110016K, 55% used [0x00000000e0000000,0x00000000e3c00b28,0x00000000e6b70000)
Event: 440.854 GC heap after
Heap after GC invocations=33 (full 1):
 PSYoungGen      total 91328K, used 4412K [0x00000000fa000000, 0x00000000fffd0000, 0x0000000100000000)
  eden space 84800K, 0% used [0x00000000fa000000,0x00000000fa000000,0x00000000ff2d0000)
  from space 6528K, 67% used [0x00000000ff970000,0x00000000ffdbf3d0,0x00000000fffd0000)
  to   space 6656K, 0% used [0x00000000ff2d0000,0x00000000ff2d0000,0x00000000ff950000)
 ParOldGen       total 71808K, used 46458K [0x00000000e8000000, 0x00000000ec620000, 0x00000000fa000000)
  object space 71808K, 64% used [0x00000000e8000000,0x00000000ead5e948,0x00000000ec620000)
 PSPermGen       total 110016K, used 61442K [0x00000000e0000000, 0x00000000e6b70000, 0x00000000e8000000)
  object space 110016K, 55% used [0x00000000e0000000,0x00000000e3c00b28,0x00000000e6b70000)
}
Event: 442.128 GC heap before
{Heap before GC invocations=34 (full 1):
 PSYoungGen      total 91328K, used 89212K [0x00000000fa000000, 0x00000000fffd0000, 0x0000000100000000)
  eden space 84800K, 100% used [0x00000000fa000000,0x00000000ff2d0000,0x00000000ff2d0000)
  from space 6528K, 67% used [0x00000000ff970000,0x00000000ffdbf3d0,0x00000000fffd0000)
  to   space 6656K, 0% used [0x00000000ff2d0000,0x00000000ff2d0000,0x00000000ff950000)
 ParOldGen       total 71808K, used 46458K [0x00000000e8000000, 0x00000000ec620000, 0x00000000fa000000)
  object space 71808K, 64% used [0x00000000e8000000,0x00000000ead5e948,0x00000000ec620000)
 PSPermGen       total 110016K, used 61450K [0x00000000e0000000, 0x00000000e6b70000, 0x00000000e8000000)
  object space 110016K, 55% used [0x00000000e0000000,0x00000000e3c02be0,0x00000000e6b70000)
Event: 442.136 GC heap after
Heap after GC invocations=34 (full 1):
 PSYoungGen      total 91456K, used 4380K [0x00000000fa000000, 0x0000000100000000, 0x0000000100000000)
  eden space 84800K, 0% used [0x00000000fa000000,0x00000000fa000000,0x00000000ff2d0000)
  from space 6656K, 65% used [0x00000000ff2d0000,0x00000000ff7173d0,0x00000000ff950000)
  to   space 6592K, 0% used [0x00000000ff990000,0x00000000ff990000,0x0000000100000000)
 ParOldGen       total 71808K, used 46458K [0x00000000e8000000, 0x00000000ec620000, 0x00000000fa000000)
  object space 71808K, 64% used [0x00000000e8000000,0x00000000ead5e948,0x00000000ec620000)
 PSPermGen       total 110016K, used 61450K [0x00000000e0000000, 0x00000000e6b70000, 0x00000000e8000000)
  object space 110016K, 55% used [0x00000000e0000000,0x00000000e3c02be0,0x00000000e6b70000)
}
Event: 443.406 GC heap before
{Heap before GC invocations=35 (full 1):
 PSYoungGen      total 91456K, used 89180K [0x00000000fa000000, 0x0000000100000000, 0x0000000100000000)
  eden space 84800K, 100% used [0x00000000fa000000,0x00000000ff2d0000,0x00000000ff2d0000)
  from space 6656K, 65% used [0x00000000ff2d0000,0x00000000ff7173d0,0x00000000ff950000)
  to   space 6592K, 0% used [0x00000000ff990000,0x00000000ff990000,0x0000000100000000)
 ParOldGen       total 71808K, used 46458K [0x00000000e8000000, 0x00000000ec620000, 0x00000000fa000000)
  object space 71808K, 64% used [0x00000000e8000000,0x00000000ead5e948,0x00000000ec620000)
 PSPermGen       total 110016K, used 61450K [0x00000000e0000000, 0x00000000e6b70000, 0x00000000e8000000)
  object space 110016K, 55% used [0x00000000e0000000,0x00000000e3c02be0,0x00000000e6b70000)
Event: 443.413 GC heap after
Heap after GC invocations=35 (full 1):
 PSYoungGen      total 91328K, used 4396K [0x00000000fa000000, 0x00000000fffb0000, 0x0000000100000000)
  eden space 85056K, 0% used [0x00000000fa000000,0x00000000fa000000,0x00000000ff310000)
  from space 6272K, 70% used [0x00000000ff990000,0x00000000ffddb3c0,0x00000000fffb0000)
  to   space 6464K, 0% used [0x00000000ff310000,0x00000000ff310000,0x00000000ff960000)
 ParOldGen       total 71808K, used 46458K [0x00000000e8000000, 0x00000000ec620000, 0x00000000fa000000)
  object space 71808K, 64% used [0x00000000e8000000,0x00000000ead5e948,0x00000000ec620000)
 PSPermGen       total 110016K, used 61450K [0x00000000e0000000, 0x00000000e6b70000, 0x00000000e8000000)
  object space 110016K, 55% used [0x00000000e0000000,0x00000000e3c02be0,0x00000000e6b70000)
}
Event: 506.078 GC heap before
{Heap before GC invocations=36 (full 1):
 PSYoungGen      total 91328K, used 89452K [0x00000000fa000000, 0x00000000fffb0000, 0x0000000100000000)
  eden space 85056K, 100% used [0x00000000fa000000,0x00000000ff310000,0x00000000ff310000)
  from space 6272K, 70% used [0x00000000ff990000,0x00000000ffddb3c0,0x00000000fffb0000)
  to   space 6464K, 0% used [0x00000000ff310000,0x00000000ff310000,0x00000000ff960000)
 ParOldGen       total 71808K, used 46458K [0x00000000e8000000, 0x00000000ec620000, 0x00000000fa000000)
  object space 71808K, 64% used [0x00000000e8000000,0x00000000ead5e948,0x00000000ec620000)
 PSPermGen       total 110016K, used 61677K [0x00000000e0000000, 0x00000000e6b70000, 0x00000000e8000000)
  object space 110016K, 56% used [0x00000000e0000000,0x00000000e3c3b568,0x00000000e6b70000)
Event: 506.093 GC heap after
Heap after GC invocations=36 (full 1):
 PSYoungGen      total 90752K, used 5635K [0x00000000fa000000, 0x0000000100000000, 0x0000000100000000)
  eden space 85056K, 0% used [0x00000000fa000000,0x00000000fa000000,0x00000000ff310000)
  from space 5696K, 98% used [0x00000000ff310000,0x00000000ff890d68,0x00000000ff8a0000)
  to   space 6848K, 0% used [0x00000000ff950000,0x00000000ff950000,0x0000000100000000)
 ParOldGen       total 71808K, used 46458K [0x00000000e8000000, 0x00000000ec620000, 0x00000000fa000000)
  object space 71808K, 64% used [0x00000000e8000000,0x00000000ead5e948,0x00000000ec620000)
 PSPermGen       total 110016K, used 61677K [0x00000000e0000000, 0x00000000e6b70000, 0x00000000e8000000)
  object space 110016K, 56% used [0x00000000e0000000,0x00000000e3c3b568,0x00000000e6b70000)
}
Event: 540.927 GC heap before
{Heap before GC invocations=37 (full 1):
 PSYoungGen      total 90752K, used 90691K [0x00000000fa000000, 0x0000000100000000, 0x0000000100000000)
  eden space 85056K, 100% used [0x00000000fa000000,0x00000000ff310000,0x00000000ff310000)
  from space 5696K, 98% used [0x00000000ff310000,0x00000000ff890d68,0x00000000ff8a0000)
  to   space 6848K, 0% used [0x00000000ff950000,0x00000000ff950000,0x0000000100000000)
 ParOldGen       total 71808K, used 46458K [0x00000000e8000000, 0x00000000ec620000, 0x00000000fa000000)
  object space 71808K, 64% used [0x00000000e8000000,0x00000000ead5e948,0x00000000ec620000)
 PSPermGen       total 110016K, used 62040K [0x00000000e0000000, 0x00000000e6b70000, 0x00000000e8000000)
  object space 110016K, 56% used [0x00000000e0000000,0x00000000e3c96180,0x00000000e6b70000)
Event: 540.941 GC heap after
Heap after GC invocations=37 (full 1):
 PSYoungGen      total 90304K, used 6398K [0x00000000fa000000, 0x0000000100000000, 0x0000000100000000)
  eden space 83456K, 0% used [0x00000000fa000000,0x00000000fa000000,0x00000000ff180000)
  from space 6848K, 93% used [0x00000000ff950000,0x00000000fff8fb30,0x0000000100000000)
  to   space 7424K, 0% used [0x00000000ff180000,0x00000000ff180000,0x00000000ff8c0000)
 ParOldGen       total 71808K, used 46458K [0x00000000e8000000, 0x00000000ec620000, 0x00000000fa000000)
  object space 71808K, 64% used [0x00000000e8000000,0x00000000ead5e948,0x00000000ec620000)
 PSPermGen       total 110016K, used 62040K [0x00000000e0000000, 0x00000000e6b70000, 0x00000000e8000000)
  object space 110016K, 56% used [0x00000000e0000000,0x00000000e3c96180,0x00000000e6b70000)
}

