# JRE version: 7.0_11-b21
# Java VM: Java HotSpot(TM) 64-Bit Server VM (23.6-b04 mixed mode windows-amd64 compressed oops)
Heap
 PSYoungGen      total 75136K, used 16372K [0x00000000fa000000, 0x0000000100000000, 0x0000000100000000)
  eden space 62208K, 5% used [0x00000000fa000000,0x00000000fa35ff98,0x00000000fdcc0000)
  from space 12928K, 99% used [0x00000000fdcc0000,0x00000000fe95d190,0x00000000fe960000)
  to   space 18880K, 0% used [0x00000000fed90000,0x00000000fed90000,0x0000000100000000)
 ParOldGen       total 71296K, used 41491K [0x00000000e8000000, 0x00000000ec5a0000, 0x00000000fa000000)
  object space 71296K, 58% used [0x00000000e8000000,0x00000000ea884e90,0x00000000ec5a0000)
 PSPermGen       total 98560K, used 62280K [0x00000000e0000000, 0x00000000e6040000, 0x00000000e8000000)
  object space 98560K, 63% used [0x00000000e0000000,0x00000000e3cd2140,0x00000000e6040000)
GC Heap History (10 events):
Event: 33.679 GC heap before
{Heap before GC invocations=24 (full 1):
 PSYoungGen      total 82752K, used 82607K [0x00000000fa000000, 0x0000000100000000, 0x0000000100000000)
  eden space 70784K, 100% used [0x00000000fa000000,0x00000000fe520000,0x00000000fe520000)
  from space 11968K, 98% used [0x00000000ff310000,0x00000000ffe9bd00,0x00000000ffec0000)
  to   space 13760K, 0% used [0x00000000fe520000,0x00000000fe520000,0x00000000ff290000)
 ParOldGen       total 71296K, used 41483K [0x00000000e8000000, 0x00000000ec5a0000, 0x00000000fa000000)
  object space 71296K, 58% used [0x00000000e8000000,0x00000000ea882e90,0x00000000ec5a0000)
 PSPermGen       total 98560K, used 55178K [0x00000000e0000000, 0x00000000e6040000, 0x00000000e8000000)
  object space 98560K, 55% used [0x00000000e0000000,0x00000000e35e2bc0,0x00000000e6040000)
Event: 33.697 GC heap after
Heap after GC invocations=24 (full 1):
 PSYoungGen      total 80960K, used 10140K [0x00000000fa000000, 0x0000000100000000, 0x0000000100000000)
  eden space 70784K, 0% used [0x00000000fa000000,0x00000000fa000000,0x00000000fe520000)
  from space 10176K, 99% used [0x00000000fe520000,0x00000000fef07380,0x00000000fef10000)
  to   space 14528K, 0% used [0x00000000ff1d0000,0x00000000ff1d0000,0x0000000100000000)
 ParOldGen       total 71296K, used 41483K [0x00000000e8000000, 0x00000000ec5a0000, 0x00000000fa000000)
  object space 71296K, 58% used [0x00000000e8000000,0x00000000ea882e90,0x00000000ec5a0000)
 PSPermGen       total 98560K, used 55178K [0x00000000e0000000, 0x00000000e6040000, 0x00000000e8000000)
  object space 98560K, 55% used [0x00000000e0000000,0x00000000e35e2bc0,0x00000000e6040000)
}
Event: 42.791 GC heap before
{Heap before GC invocations=25 (full 1):
 PSYoungGen      total 80960K, used 80924K [0x00000000fa000000, 0x0000000100000000, 0x0000000100000000)
  eden space 70784K, 100% used [0x00000000fa000000,0x00000000fe520000,0x00000000fe520000)
  from space 10176K, 99% used [0x00000000fe520000,0x00000000fef07380,0x00000000fef10000)
  to   space 14528K, 0% used [0x00000000ff1d0000,0x00000000ff1d0000,0x0000000100000000)
 ParOldGen       total 71296K, used 41483K [0x00000000e8000000, 0x00000000ec5a0000, 0x00000000fa000000)
  object space 71296K, 58% used [0x00000000e8000000,0x00000000ea882e90,0x00000000ec5a0000)
 PSPermGen       total 98560K, used 57586K [0x00000000e0000000, 0x00000000e6040000, 0x00000000e8000000)
  object space 98560K, 58% used [0x00000000e0000000,0x00000000e383cab0,0x00000000e6040000)
Event: 42.818 GC heap after
Heap after GC invocations=25 (full 1):
 PSYoungGen      total 81088K, used 12131K [0x00000000fa000000, 0x0000000100000000, 0x0000000100000000)
  eden space 66560K, 0% used [0x00000000fa000000,0x00000000fa000000,0x00000000fe100000)
  from space 14528K, 83% used [0x00000000ff1d0000,0x00000000ffda8f00,0x0000000100000000)
  to   space 15872K, 0% used [0x00000000fe100000,0x00000000fe100000,0x00000000ff080000)
 ParOldGen       total 71296K, used 41483K [0x00000000e8000000, 0x00000000ec5a0000, 0x00000000fa000000)
  object space 71296K, 58% used [0x00000000e8000000,0x00000000ea882e90,0x00000000ec5a0000)
 PSPermGen       total 98560K, used 57586K [0x00000000e0000000, 0x00000000e6040000, 0x00000000e8000000)
  object space 98560K, 58% used [0x00000000e0000000,0x00000000e383cab0,0x00000000e6040000)
}
Event: 48.078 GC heap before
{Heap before GC invocations=26 (full 1):
 PSYoungGen      total 81088K, used 78691K [0x00000000fa000000, 0x0000000100000000, 0x0000000100000000)
  eden space 66560K, 100% used [0x00000000fa000000,0x00000000fe100000,0x00000000fe100000)
  from space 14528K, 83% used [0x00000000ff1d0000,0x00000000ffda8f00,0x0000000100000000)
  to   space 15872K, 0% used [0x00000000fe100000,0x00000000fe100000,0x00000000ff080000)
 ParOldGen       total 71296K, used 41483K [0x00000000e8000000, 0x00000000ec5a0000, 0x00000000fa000000)
  object space 71296K, 58% used [0x00000000e8000000,0x00000000ea882e90,0x00000000ec5a0000)
 PSPermGen       total 98560K, used 61465K [0x00000000e0000000, 0x00000000e6040000, 0x00000000e8000000)
  object space 98560K, 62% used [0x00000000e0000000,0x00000000e3c066d0,0x00000000e6040000)
Event: 48.146 GC heap after
Heap after GC invocations=26 (full 1):
 PSYoungGen      total 78528K, used 11957K [0x00000000fa000000, 0x0000000100000000, 0x0000000100000000)
  eden space 66560K, 0% used [0x00000000fa000000,0x00000000fa000000,0x00000000fe100000)
  from space 11968K, 99% used [0x00000000fe100000,0x00000000fecad780,0x00000000fecb0000)
  to   space 16832K, 0% used [0x00000000fef90000,0x00000000fef90000,0x0000000100000000)
 ParOldGen       total 71296K, used 41483K [0x00000000e8000000, 0x00000000ec5a0000, 0x00000000fa000000)
  object space 71296K, 58% used [0x00000000e8000000,0x00000000ea882e90,0x00000000ec5a0000)
 PSPermGen       total 98560K, used 61465K [0x00000000e0000000, 0x00000000e6040000, 0x00000000e8000000)
  object space 98560K, 62% used [0x00000000e0000000,0x00000000e3c066d0,0x00000000e6040000)
}
Event: 52.386 GC heap before
{Heap before GC invocations=27 (full 1):
 PSYoungGen      total 78528K, used 78517K [0x00000000fa000000, 0x0000000100000000, 0x0000000100000000)
  eden space 66560K, 100% used [0x00000000fa000000,0x00000000fe100000,0x00000000fe100000)
  from space 11968K, 99% used [0x00000000fe100000,0x00000000fecad780,0x00000000fecb0000)
  to   space 16832K, 0% used [0x00000000fef90000,0x00000000fef90000,0x0000000100000000)
 ParOldGen       total 71296K, used 41483K [0x00000000e8000000, 0x00000000ec5a0000, 0x00000000fa000000)
  object space 71296K, 58% used [0x00000000e8000000,0x00000000ea882e90,0x00000000ec5a0000)
 PSPermGen       total 98560K, used 61827K [0x00000000e0000000, 0x00000000e6040000, 0x00000000e8000000)
  object space 98560K, 62% used [0x00000000e0000000,0x00000000e3c60f60,0x00000000e6040000)
Event: 52.411 GC heap after
Heap after GC invocations=27 (full 1):
 PSYoungGen      total 79040K, used 13067K [0x00000000fa000000, 0x0000000100000000, 0x0000000100000000)
  eden space 62208K, 0% used [0x00000000fa000000,0x00000000fa000000,0x00000000fdcc0000)
  from space 16832K, 77% used [0x00000000fef90000,0x00000000ffc52c80,0x0000000100000000)
  to   space 18048K, 0% used [0x00000000fdcc0000,0x00000000fdcc0000,0x00000000fee60000)
 ParOldGen       total 71296K, used 41483K [0x00000000e8000000, 0x00000000ec5a0000, 0x00000000fa000000)
  object space 71296K, 58% used [0x00000000e8000000,0x00000000ea882e90,0x00000000ec5a0000)
 PSPermGen       total 98560K, used 61827K [0x00000000e0000000, 0x00000000e6040000, 0x00000000e8000000)
  object space 98560K, 62% used [0x00000000e0000000,0x00000000e3c60f60,0x00000000e6040000)
}
Event: 86.639 GC heap before
{Heap before GC invocations=28 (full 1):
 PSYoungGen      total 79040K, used 75275K [0x00000000fa000000, 0x0000000100000000, 0x0000000100000000)
  eden space 62208K, 100% used [0x00000000fa000000,0x00000000fdcc0000,0x00000000fdcc0000)
  from space 16832K, 77% used [0x00000000fef90000,0x00000000ffc52c80,0x0000000100000000)
  to   space 18048K, 0% used [0x00000000fdcc0000,0x00000000fdcc0000,0x00000000fee60000)
 ParOldGen       total 71296K, used 41483K [0x00000000e8000000, 0x00000000ec5a0000, 0x00000000fa000000)
  object space 71296K, 58% used [0x00000000e8000000,0x00000000ea882e90,0x00000000ec5a0000)
 PSPermGen       total 98560K, used 62280K [0x00000000e0000000, 0x00000000e6040000, 0x00000000e8000000)
  object space 98560K, 63% used [0x00000000e0000000,0x00000000e3cd2050,0x00000000e6040000)
Event: 86.660 GC heap after
Heap after GC invocations=28 (full 1):
 PSYoungGen      total 75136K, used 12916K [0x00000000fa000000, 0x0000000100000000, 0x0000000100000000)
  eden space 62208K, 0% used [0x00000000fa000000,0x00000000fa000000,0x00000000fdcc0000)
  from space 12928K, 99% used [0x00000000fdcc0000,0x00000000fe95d190,0x00000000fe960000)
  to   space 18880K, 0% used [0x00000000fed90000,0x00000000fed90000,0x0000000100000000)
 ParOldGen       total 71296K, used 41491K [0x00000000e8000000, 0x00000000ec5a0000, 0x00000000fa000000)
  object space 71296K, 58% used [0x00000000e8000000,0x00000000ea884e90,0x00000000ec5a0000)
 PSPermGen       total 98560K, used 62280K [0x00000000e0000000, 0x00000000e6040000, 0x00000000e8000000)
  object space 98560K, 63% used [0x00000000e0000000,0x00000000e3cd2050,0x00000000e6040000)
}

