# JRE version: 7.0_11-b21
# Java VM: Java HotSpot(TM) 64-Bit Server VM (23.6-b04 mixed mode windows-amd64 compressed oops)
Heap
 PSYoungGen      total 77184K, used 29090K [0x00000000fa000000, 0x0000000100000000, 0x0000000100000000)
  eden space 65664K, 26% used [0x00000000fa000000,0x00000000fb134fd0,0x00000000fe020000)
  from space 11520K, 99% used [0x00000000fe020000,0x00000000feb53c20,0x00000000feb60000)
  to   space 17024K, 0% used [0x00000000fef60000,0x00000000fef60000,0x0000000100000000)
 ParOldGen       total 66048K, used 51585K [0x00000000e8000000, 0x00000000ec080000, 0x00000000fa000000)
  object space 66048K, 78% used [0x00000000e8000000,0x00000000eb260778,0x00000000ec080000)
 PSPermGen       total 100160K, used 69942K [0x00000000e0000000, 0x00000000e61d0000, 0x00000000e8000000)
  object space 100160K, 69% used [0x00000000e0000000,0x00000000e444d828,0x00000000e61d0000)
GC Heap History (10 events):
Event: 214.490 GC heap before
{Heap before GC invocations=30 (full 1):
 PSYoungGen      total 86848K, used 82437K [0x00000000fa000000, 0x00000000fff50000, 0x0000000100000000)
  eden space 76992K, 100% used [0x00000000fa000000,0x00000000feb30000,0x00000000feb30000)
  from space 9856K, 55% used [0x00000000ff5b0000,0x00000000ffb017c0,0x00000000fff50000)
  to   space 10304K, 0% used [0x00000000feb30000,0x00000000feb30000,0x00000000ff540000)
 ParOldGen       total 66048K, used 48703K [0x00000000e8000000, 0x00000000ec080000, 0x00000000fa000000)
  object space 66048K, 73% used [0x00000000e8000000,0x00000000eaf8fc90,0x00000000ec080000)
 PSPermGen       total 100160K, used 63206K [0x00000000e0000000, 0x00000000e61d0000, 0x00000000e8000000)
  object space 100160K, 63% used [0x00000000e0000000,0x00000000e3db98f0,0x00000000e61d0000)
Event: 214.511 GC heap after
Heap after GC invocations=30 (full 1):
 PSYoungGen      total 86912K, used 9914K [0x00000000fa000000, 0x0000000100000000, 0x0000000100000000)
  eden space 76992K, 0% used [0x00000000fa000000,0x00000000fa000000,0x00000000feb30000)
  from space 9920K, 99% used [0x00000000feb30000,0x00000000ff4de968,0x00000000ff4e0000)
  to   space 11392K, 0% used [0x00000000ff4e0000,0x00000000ff4e0000,0x0000000100000000)
 ParOldGen       total 66048K, used 48703K [0x00000000e8000000, 0x00000000ec080000, 0x00000000fa000000)
  object space 66048K, 73% used [0x00000000e8000000,0x00000000eaf8fc90,0x00000000ec080000)
 PSPermGen       total 100160K, used 63206K [0x00000000e0000000, 0x00000000e61d0000, 0x00000000e8000000)
  object space 100160K, 63% used [0x00000000e0000000,0x00000000e3db98f0,0x00000000e61d0000)
}
Event: 216.491 GC heap before
{Heap before GC invocations=31 (full 1):
 PSYoungGen      total 86912K, used 86906K [0x00000000fa000000, 0x0000000100000000, 0x0000000100000000)
  eden space 76992K, 100% used [0x00000000fa000000,0x00000000feb30000,0x00000000feb30000)
  from space 9920K, 99% used [0x00000000feb30000,0x00000000ff4de968,0x00000000ff4e0000)
  to   space 11392K, 0% used [0x00000000ff4e0000,0x00000000ff4e0000,0x0000000100000000)
 ParOldGen       total 66048K, used 48703K [0x00000000e8000000, 0x00000000ec080000, 0x00000000fa000000)
  object space 66048K, 73% used [0x00000000e8000000,0x00000000eaf8fc90,0x00000000ec080000)
 PSPermGen       total 100160K, used 67295K [0x00000000e0000000, 0x00000000e61d0000, 0x00000000e8000000)
  object space 100160K, 67% used [0x00000000e0000000,0x00000000e41b7c20,0x00000000e61d0000)
Event: 216.521 GC heap after
Heap after GC invocations=31 (full 1):
 PSYoungGen      total 81664K, used 11381K [0x00000000fa000000, 0x0000000100000000, 0x0000000100000000)
  eden space 70272K, 0% used [0x00000000fa000000,0x00000000fa000000,0x00000000fe4a0000)
  from space 11392K, 99% used [0x00000000ff4e0000,0x00000000ffffd708,0x0000000100000000)
  to   space 14016K, 0% used [0x00000000fe4a0000,0x00000000fe4a0000,0x00000000ff250000)
 ParOldGen       total 66048K, used 50433K [0x00000000e8000000, 0x00000000ec080000, 0x00000000fa000000)
  object space 66048K, 76% used [0x00000000e8000000,0x00000000eb1404c0,0x00000000ec080000)
 PSPermGen       total 100160K, used 67295K [0x00000000e0000000, 0x00000000e61d0000, 0x00000000e8000000)
  object space 100160K, 67% used [0x00000000e0000000,0x00000000e41b7c20,0x00000000e61d0000)
}
Event: 232.766 GC heap before
{Heap before GC invocations=32 (full 1):
 PSYoungGen      total 81664K, used 81653K [0x00000000fa000000, 0x0000000100000000, 0x0000000100000000)
  eden space 70272K, 100% used [0x00000000fa000000,0x00000000fe4a0000,0x00000000fe4a0000)
  from space 11392K, 99% used [0x00000000ff4e0000,0x00000000ffffd708,0x0000000100000000)
  to   space 14016K, 0% used [0x00000000fe4a0000,0x00000000fe4a0000,0x00000000ff250000)
 ParOldGen       total 66048K, used 50433K [0x00000000e8000000, 0x00000000ec080000, 0x00000000fa000000)
  object space 66048K, 76% used [0x00000000e8000000,0x00000000eb1404c0,0x00000000ec080000)
 PSPermGen       total 100160K, used 69204K [0x00000000e0000000, 0x00000000e61d0000, 0x00000000e8000000)
  object space 100160K, 69% used [0x00000000e0000000,0x00000000e43951e0,0x00000000e61d0000)
Event: 232.791 GC heap after
Heap after GC invocations=32 (full 1):
 PSYoungGen      total 82624K, used 12333K [0x00000000fa000000, 0x0000000100000000, 0x0000000100000000)
  eden space 70272K, 0% used [0x00000000fa000000,0x00000000fa000000,0x00000000fe4a0000)
  from space 12352K, 99% used [0x00000000fe4a0000,0x00000000ff0ab4c8,0x00000000ff0b0000)
  to   space 15616K, 0% used [0x00000000ff0c0000,0x00000000ff0c0000,0x0000000100000000)
 ParOldGen       total 66048K, used 51585K [0x00000000e8000000, 0x00000000ec080000, 0x00000000fa000000)
  object space 66048K, 78% used [0x00000000e8000000,0x00000000eb260778,0x00000000ec080000)
 PSPermGen       total 100160K, used 69204K [0x00000000e0000000, 0x00000000e61d0000, 0x00000000e8000000)
  object space 100160K, 69% used [0x00000000e0000000,0x00000000e43951e0,0x00000000e61d0000)
}
Event: 286.567 GC heap before
{Heap before GC invocations=33 (full 1):
 PSYoungGen      total 82624K, used 82605K [0x00000000fa000000, 0x0000000100000000, 0x0000000100000000)
  eden space 70272K, 100% used [0x00000000fa000000,0x00000000fe4a0000,0x00000000fe4a0000)
  from space 12352K, 99% used [0x00000000fe4a0000,0x00000000ff0ab4c8,0x00000000ff0b0000)
  to   space 15616K, 0% used [0x00000000ff0c0000,0x00000000ff0c0000,0x0000000100000000)
 ParOldGen       total 66048K, used 51585K [0x00000000e8000000, 0x00000000ec080000, 0x00000000fa000000)
  object space 66048K, 78% used [0x00000000e8000000,0x00000000eb260778,0x00000000ec080000)
 PSPermGen       total 100160K, used 69387K [0x00000000e0000000, 0x00000000e61d0000, 0x00000000e8000000)
  object space 100160K, 69% used [0x00000000e0000000,0x00000000e43c2d10,0x00000000e61d0000)
Event: 286.591 GC heap after
Heap after GC invocations=33 (full 1):
 PSYoungGen      total 81280K, used 10881K [0x00000000fa000000, 0x0000000100000000, 0x0000000100000000)
  eden space 65664K, 0% used [0x00000000fa000000,0x00000000fa000000,0x00000000fe020000)
  from space 15616K, 69% used [0x00000000ff0c0000,0x00000000ffb60698,0x0000000100000000)
  to   space 16320K, 0% used [0x00000000fe020000,0x00000000fe020000,0x00000000ff010000)
 ParOldGen       total 66048K, used 51585K [0x00000000e8000000, 0x00000000ec080000, 0x00000000fa000000)
  object space 66048K, 78% used [0x00000000e8000000,0x00000000eb260778,0x00000000ec080000)
 PSPermGen       total 100160K, used 69387K [0x00000000e0000000, 0x00000000e61d0000, 0x00000000e8000000)
  object space 100160K, 69% used [0x00000000e0000000,0x00000000e43c2d10,0x00000000e61d0000)
}
Event: 335.462 GC heap before
{Heap before GC invocations=34 (full 1):
 PSYoungGen      total 81280K, used 76545K [0x00000000fa000000, 0x0000000100000000, 0x0000000100000000)
  eden space 65664K, 100% used [0x00000000fa000000,0x00000000fe020000,0x00000000fe020000)
  from space 15616K, 69% used [0x00000000ff0c0000,0x00000000ffb60698,0x0000000100000000)
  to   space 16320K, 0% used [0x00000000fe020000,0x00000000fe020000,0x00000000ff010000)
 ParOldGen       total 66048K, used 51585K [0x00000000e8000000, 0x00000000ec080000, 0x00000000fa000000)
  object space 66048K, 78% used [0x00000000e8000000,0x00000000eb260778,0x00000000ec080000)
 PSPermGen       total 100160K, used 69939K [0x00000000e0000000, 0x00000000e61d0000, 0x00000000e8000000)
  object space 100160K, 69% used [0x00000000e0000000,0x00000000e444cc48,0x00000000e61d0000)
Event: 335.484 GC heap after
Heap after GC invocations=34 (full 1):
 PSYoungGen      total 77184K, used 11471K [0x00000000fa000000, 0x0000000100000000, 0x0000000100000000)
  eden space 65664K, 0% used [0x00000000fa000000,0x00000000fa000000,0x00000000fe020000)
  from space 11520K, 99% used [0x00000000fe020000,0x00000000feb53c20,0x00000000feb60000)
  to   space 17024K, 0% used [0x00000000fef60000,0x00000000fef60000,0x0000000100000000)
 ParOldGen       total 66048K, used 51585K [0x00000000e8000000, 0x00000000ec080000, 0x00000000fa000000)
  object space 66048K, 78% used [0x00000000e8000000,0x00000000eb260778,0x00000000ec080000)
 PSPermGen       total 100160K, used 69939K [0x00000000e0000000, 0x00000000e61d0000, 0x00000000e8000000)
  object space 100160K, 69% used [0x00000000e0000000,0x00000000e444cc48,0x00000000e61d0000)
}

