# JRE version: 7.0_11-b21
# Java VM: Java HotSpot(TM) 64-Bit Server VM (23.6-b04 mixed mode windows-amd64 compressed oops)
Heap
 PSYoungGen      total 40576K, used 31014K [0x00000000fa000000, 0x00000000fd020000, 0x0000000100000000)
  eden space 40448K, 76% used [0x00000000fa000000,0x00000000fbe499c0,0x00000000fc780000)
  from space 128K, 0% used [0x00000000fd000000,0x00000000fd000000,0x00000000fd020000)
  to   space 256K, 0% used [0x00000000fcfa0000,0x00000000fcfa0000,0x00000000fcfe0000)
 ParOldGen       total 78784K, used 46266K [0x00000000e8000000, 0x00000000eccf0000, 0x00000000fa000000)
  object space 78784K, 58% used [0x00000000e8000000,0x00000000ead2ea80,0x00000000eccf0000)
 PSPermGen       total 119488K, used 63034K [0x00000000e0000000, 0x00000000e74b0000, 0x00000000e8000000)
  object space 119488K, 52% used [0x00000000e0000000,0x00000000e3d8e898,0x00000000e74b0000)
GC Heap History (10 events):
Event: 1406.620 GC heap before
{Heap before GC invocations=1070 (full 1):
 PSYoungGen      total 33792K, used 33760K [0x00000000fa000000, 0x00000000fd040000, 0x0000000100000000)
  eden space 33664K, 100% used [0x00000000fa000000,0x00000000fc0e0000,0x00000000fc0e0000)
  from space 128K, 75% used [0x00000000fd020000,0x00000000fd038000,0x00000000fd040000)
  to   space 192K, 0% used [0x00000000fcfe0000,0x00000000fcfe0000,0x00000000fd010000)
 ParOldGen       total 69376K, used 69261K [0x00000000e8000000, 0x00000000ec3c0000, 0x00000000fa000000)
  object space 69376K, 99% used [0x00000000e8000000,0x00000000ec3a36b8,0x00000000ec3c0000)
 PSPermGen       total 96256K, used 63134K [0x00000000e0000000, 0x00000000e5e00000, 0x00000000e8000000)
  object space 96256K, 65% used [0x00000000e0000000,0x00000000e3da7ad8,0x00000000e5e00000)
Event: 1406.623 GC heap after
Heap after GC invocations=1070 (full 1):
 PSYoungGen      total 35456K, used 160K [0x00000000fa000000, 0x00000000fd030000, 0x0000000100000000)
  eden space 35264K, 0% used [0x00000000fa000000,0x00000000fa000000,0x00000000fc270000)
  from space 192K, 83% used [0x00000000fcfe0000,0x00000000fd008000,0x00000000fd010000)
  to   space 128K, 0% used [0x00000000fd010000,0x00000000fd010000,0x00000000fd030000)
 ParOldGen       total 69376K, used 69261K [0x00000000e8000000, 0x00000000ec3c0000, 0x00000000fa000000)
  object space 69376K, 99% used [0x00000000e8000000,0x00000000ec3a36b8,0x00000000ec3c0000)
 PSPermGen       total 96256K, used 63134K [0x00000000e0000000, 0x00000000e5e00000, 0x00000000e8000000)
  object space 96256K, 65% used [0x00000000e0000000,0x00000000e3da7ad8,0x00000000e5e00000)
}
Event: 1407.102 GC heap before
{Heap before GC invocations=1071 (full 1):
 PSYoungGen      total 35456K, used 35424K [0x00000000fa000000, 0x00000000fd030000, 0x0000000100000000)
  eden space 35264K, 100% used [0x00000000fa000000,0x00000000fc270000,0x00000000fc270000)
  from space 192K, 83% used [0x00000000fcfe0000,0x00000000fd008000,0x00000000fd010000)
  to   space 128K, 0% used [0x00000000fd010000,0x00000000fd010000,0x00000000fd030000)
 ParOldGen       total 69376K, used 69261K [0x00000000e8000000, 0x00000000ec3c0000, 0x00000000fa000000)
  object space 69376K, 99% used [0x00000000e8000000,0x00000000ec3a36b8,0x00000000ec3c0000)
 PSPermGen       total 96256K, used 63134K [0x00000000e0000000, 0x00000000e5e00000, 0x00000000e8000000)
  object space 96256K, 65% used [0x00000000e0000000,0x00000000e3da7ad8,0x00000000e5e00000)
Event: 1407.107 GC heap after
Heap after GC invocations=1071 (full 1):
 PSYoungGen      total 37120K, used 128K [0x00000000fa000000, 0x00000000fd030000, 0x0000000100000000)
  eden space 36992K, 0% used [0x00000000fa000000,0x00000000fa000000,0x00000000fc420000)
  from space 128K, 100% used [0x00000000fd010000,0x00000000fd030000,0x00000000fd030000)
  to   space 192K, 0% used [0x00000000fcfd0000,0x00000000fcfd0000,0x00000000fd000000)
 ParOldGen       total 69376K, used 69293K [0x00000000e8000000, 0x00000000ec3c0000, 0x00000000fa000000)
  object space 69376K, 99% used [0x00000000e8000000,0x00000000ec3ab6b8,0x00000000ec3c0000)
 PSPermGen       total 96256K, used 63134K [0x00000000e0000000, 0x00000000e5e00000, 0x00000000e8000000)
  object space 96256K, 65% used [0x00000000e0000000,0x00000000e3da7ad8,0x00000000e5e00000)
}
Event: 1407.666 GC heap before
{Heap before GC invocations=1072 (full 1):
 PSYoungGen      total 37120K, used 37120K [0x00000000fa000000, 0x00000000fd030000, 0x0000000100000000)
  eden space 36992K, 100% used [0x00000000fa000000,0x00000000fc420000,0x00000000fc420000)
  from space 128K, 100% used [0x00000000fd010000,0x00000000fd030000,0x00000000fd030000)
  to   space 192K, 0% used [0x00000000fcfd0000,0x00000000fcfd0000,0x00000000fd000000)
 ParOldGen       total 69376K, used 69293K [0x00000000e8000000, 0x00000000ec3c0000, 0x00000000fa000000)
  object space 69376K, 99% used [0x00000000e8000000,0x00000000ec3ab6b8,0x00000000ec3c0000)
 PSPermGen       total 96256K, used 63138K [0x00000000e0000000, 0x00000000e5e00000, 0x00000000e8000000)
  object space 96256K, 65% used [0x00000000e0000000,0x00000000e3da8b30,0x00000000e5e00000)
Event: 1407.670 GC heap after
Heap after GC invocations=1072 (full 1):
 PSYoungGen      total 38912K, used 160K [0x00000000fa000000, 0x00000000fd020000, 0x0000000100000000)
  eden space 38720K, 0% used [0x00000000fa000000,0x00000000fa000000,0x00000000fc5d0000)
  from space 192K, 83% used [0x00000000fcfd0000,0x00000000fcff8000,0x00000000fd000000)
  to   space 128K, 0% used [0x00000000fd000000,0x00000000fd000000,0x00000000fd020000)
 ParOldGen       total 69376K, used 69293K [0x00000000e8000000, 0x00000000ec3c0000, 0x00000000fa000000)
  object space 69376K, 99% used [0x00000000e8000000,0x00000000ec3ab6b8,0x00000000ec3c0000)
 PSPermGen       total 96256K, used 63138K [0x00000000e0000000, 0x00000000e5e00000, 0x00000000e8000000)
  object space 96256K, 65% used [0x00000000e0000000,0x00000000e3da8b30,0x00000000e5e00000)
}
Event: 1408.275 GC heap before
{Heap before GC invocations=1073 (full 1):
 PSYoungGen      total 38912K, used 38880K [0x00000000fa000000, 0x00000000fd020000, 0x0000000100000000)
  eden space 38720K, 100% used [0x00000000fa000000,0x00000000fc5d0000,0x00000000fc5d0000)
  from space 192K, 83% used [0x00000000fcfd0000,0x00000000fcff8000,0x00000000fd000000)
  to   space 128K, 0% used [0x00000000fd000000,0x00000000fd000000,0x00000000fd020000)
 ParOldGen       total 69376K, used 69293K [0x00000000e8000000, 0x00000000ec3c0000, 0x00000000fa000000)
  object space 69376K, 99% used [0x00000000e8000000,0x00000000ec3ab6b8,0x00000000ec3c0000)
 PSPermGen       total 96256K, used 63138K [0x00000000e0000000, 0x00000000e5e00000, 0x00000000e8000000)
  object space 96256K, 65% used [0x00000000e0000000,0x00000000e3da8b30,0x00000000e5e00000)
Event: 1408.279 GC heap after
Heap after GC invocations=1073 (full 1):
 PSYoungGen      total 40576K, used 128K [0x00000000fa000000, 0x00000000fd020000, 0x0000000100000000)
  eden space 40448K, 0% used [0x00000000fa000000,0x00000000fa000000,0x00000000fc780000)
  from space 128K, 100% used [0x00000000fd000000,0x00000000fd020000,0x00000000fd020000)
  to   space 256K, 0% used [0x00000000fcfa0000,0x00000000fcfa0000,0x00000000fcfe0000)
 ParOldGen       total 69376K, used 69325K [0x00000000e8000000, 0x00000000ec3c0000, 0x00000000fa000000)
  object space 69376K, 99% used [0x00000000e8000000,0x00000000ec3b36b8,0x00000000ec3c0000)
 PSPermGen       total 96256K, used 63138K [0x00000000e0000000, 0x00000000e5e00000, 0x00000000e8000000)
  object space 96256K, 65% used [0x00000000e0000000,0x00000000e3da8b30,0x00000000e5e00000)
}
Event: 1408.279 GC heap before
{Heap before GC invocations=1074 (full 2):
 PSYoungGen      total 40576K, used 128K [0x00000000fa000000, 0x00000000fd020000, 0x0000000100000000)
  eden space 40448K, 0% used [0x00000000fa000000,0x00000000fa000000,0x00000000fc780000)
  from space 128K, 100% used [0x00000000fd000000,0x00000000fd020000,0x00000000fd020000)
  to   space 256K, 0% used [0x00000000fcfa0000,0x00000000fcfa0000,0x00000000fcfe0000)
 ParOldGen       total 69376K, used 69325K [0x00000000e8000000, 0x00000000ec3c0000, 0x00000000fa000000)
  object space 69376K, 99% used [0x00000000e8000000,0x00000000ec3b36b8,0x00000000ec3c0000)
 PSPermGen       total 96256K, used 63138K [0x00000000e0000000, 0x00000000e5e00000, 0x00000000e8000000)
  object space 96256K, 65% used [0x00000000e0000000,0x00000000e3da8b30,0x00000000e5e00000)
Event: 1408.718 GC heap after
Heap after GC invocations=1074 (full 2):
 PSYoungGen      total 40576K, used 0K [0x00000000fa000000, 0x00000000fd020000, 0x0000000100000000)
  eden space 40448K, 0% used [0x00000000fa000000,0x00000000fa000000,0x00000000fc780000)
  from space 128K, 0% used [0x00000000fd000000,0x00000000fd000000,0x00000000fd020000)
  to   space 256K, 0% used [0x00000000fcfa0000,0x00000000fcfa0000,0x00000000fcfe0000)
 ParOldGen       total 78784K, used 46266K [0x00000000e8000000, 0x00000000eccf0000, 0x00000000fa000000)
  object space 78784K, 58% used [0x00000000e8000000,0x00000000ead2ea80,0x00000000eccf0000)
 PSPermGen       total 119488K, used 63031K [0x00000000e0000000, 0x00000000e74b0000, 0x00000000e8000000)
  object space 119488K, 52% used [0x00000000e0000000,0x00000000e3d8dc70,0x00000000e74b0000)
}

