# JRE version: 7.0_11-b21
# Java VM: Java HotSpot(TM) 64-Bit Server VM (23.6-b04 mixed mode windows-amd64 compressed oops)
Heap
 PSYoungGen      total 83072K, used 13842K [0x00000000fa000000, 0x0000000100000000, 0x0000000100000000)
  eden space 68096K, 13% used [0x00000000fa000000,0x00000000fa928078,0x00000000fe280000)
  from space 14976K, 29% used [0x00000000ff150000,0x00000000ff5ac8a0,0x00000000ffff0000)
  to   space 15104K, 0% used [0x00000000fe280000,0x00000000fe280000,0x00000000ff140000)
 ParOldGen       total 66240K, used 48344K [0x00000000e8000000, 0x00000000ec0b0000, 0x00000000fa000000)
  object space 66240K, 72% used [0x00000000e8000000,0x00000000eaf36230,0x00000000ec0b0000)
 PSPermGen       total 97408K, used 62465K [0x00000000e0000000, 0x00000000e5f20000, 0x00000000e8000000)
  object space 97408K, 64% used [0x00000000e0000000,0x00000000e3d00508,0x00000000e5f20000)
GC Heap History (10 events):
Event: 119.291 GC heap before
{Heap before GC invocations=33 (full 1):
 PSYoungGen      total 82880K, used 77371K [0x00000000fa000000, 0x00000000ffff0000, 0x0000000100000000)
  eden space 67456K, 100% used [0x00000000fa000000,0x00000000fe1e0000,0x00000000fe1e0000)
  from space 15424K, 64% used [0x00000000fe1e0000,0x00000000feb8ee58,0x00000000ff0f0000)
  to   space 15360K, 0% used [0x00000000ff0f0000,0x00000000ff0f0000,0x00000000ffff0000)
 ParOldGen       total 66240K, used 42500K [0x00000000e8000000, 0x00000000ec0b0000, 0x00000000fa000000)
  object space 66240K, 64% used [0x00000000e8000000,0x00000000ea9811a0,0x00000000ec0b0000)
 PSPermGen       total 97408K, used 62246K [0x00000000e0000000, 0x00000000e5f20000, 0x00000000e8000000)
  object space 97408K, 63% used [0x00000000e0000000,0x00000000e3cc9908,0x00000000e5f20000)
Event: 119.306 GC heap after
Heap after GC invocations=33 (full 1):
 PSYoungGen      total 82752K, used 9926K [0x00000000fa000000, 0x00000000fffd0000, 0x0000000100000000)
  eden space 67520K, 0% used [0x00000000fa000000,0x00000000fa000000,0x00000000fe1f0000)
  from space 15232K, 65% used [0x00000000ff0f0000,0x00000000ffaa1b88,0x00000000fffd0000)
  to   space 15296K, 0% used [0x00000000fe1f0000,0x00000000fe1f0000,0x00000000ff0e0000)
 ParOldGen       total 66240K, used 42500K [0x00000000e8000000, 0x00000000ec0b0000, 0x00000000fa000000)
  object space 66240K, 64% used [0x00000000e8000000,0x00000000ea9811a0,0x00000000ec0b0000)
 PSPermGen       total 97408K, used 62246K [0x00000000e0000000, 0x00000000e5f20000, 0x00000000e8000000)
  object space 97408K, 63% used [0x00000000e0000000,0x00000000e3cc9908,0x00000000e5f20000)
}
Event: 120.409 GC heap before
{Heap before GC invocations=34 (full 1):
 PSYoungGen      total 82752K, used 77446K [0x00000000fa000000, 0x00000000fffd0000, 0x0000000100000000)
  eden space 67520K, 100% used [0x00000000fa000000,0x00000000fe1f0000,0x00000000fe1f0000)
  from space 15232K, 65% used [0x00000000ff0f0000,0x00000000ffaa1b88,0x00000000fffd0000)
  to   space 15296K, 0% used [0x00000000fe1f0000,0x00000000fe1f0000,0x00000000ff0e0000)
 ParOldGen       total 66240K, used 42500K [0x00000000e8000000, 0x00000000ec0b0000, 0x00000000fa000000)
  object space 66240K, 64% used [0x00000000e8000000,0x00000000ea9811a0,0x00000000ec0b0000)
 PSPermGen       total 97408K, used 62246K [0x00000000e0000000, 0x00000000e5f20000, 0x00000000e8000000)
  object space 97408K, 63% used [0x00000000e0000000,0x00000000e3cc99f0,0x00000000e5f20000)
Event: 120.424 GC heap after
Heap after GC invocations=34 (full 1):
 PSYoungGen      total 82816K, used 9910K [0x00000000fa000000, 0x00000000fffd0000, 0x0000000100000000)
  eden space 67520K, 0% used [0x00000000fa000000,0x00000000fa000000,0x00000000fe1f0000)
  from space 15296K, 64% used [0x00000000fe1f0000,0x00000000feb9db98,0x00000000ff0e0000)
  to   space 15168K, 0% used [0x00000000ff100000,0x00000000ff100000,0x00000000fffd0000)
 ParOldGen       total 66240K, used 42500K [0x00000000e8000000, 0x00000000ec0b0000, 0x00000000fa000000)
  object space 66240K, 64% used [0x00000000e8000000,0x00000000ea9811a0,0x00000000ec0b0000)
 PSPermGen       total 97408K, used 62246K [0x00000000e0000000, 0x00000000e5f20000, 0x00000000e8000000)
  object space 97408K, 63% used [0x00000000e0000000,0x00000000e3cc99f0,0x00000000e5f20000)
}
Event: 121.603 GC heap before
{Heap before GC invocations=35 (full 1):
 PSYoungGen      total 82816K, used 77430K [0x00000000fa000000, 0x00000000fffd0000, 0x0000000100000000)
  eden space 67520K, 100% used [0x00000000fa000000,0x00000000fe1f0000,0x00000000fe1f0000)
  from space 15296K, 64% used [0x00000000fe1f0000,0x00000000feb9db98,0x00000000ff0e0000)
  to   space 15168K, 0% used [0x00000000ff100000,0x00000000ff100000,0x00000000fffd0000)
 ParOldGen       total 66240K, used 42500K [0x00000000e8000000, 0x00000000ec0b0000, 0x00000000fa000000)
  object space 66240K, 64% used [0x00000000e8000000,0x00000000ea9811a0,0x00000000ec0b0000)
 PSPermGen       total 97408K, used 62246K [0x00000000e0000000, 0x00000000e5f20000, 0x00000000e8000000)
  object space 97408K, 63% used [0x00000000e0000000,0x00000000e3cc99f0,0x00000000e5f20000)
Event: 121.632 GC heap after
Heap after GC invocations=35 (full 1):
 PSYoungGen      total 82816K, used 9931K [0x00000000fa000000, 0x00000000fffa0000, 0x0000000100000000)
  eden space 67840K, 0% used [0x00000000fa000000,0x00000000fa000000,0x00000000fe240000)
  from space 14976K, 66% used [0x00000000ff100000,0x00000000ffab2e48,0x00000000fffa0000)
  to   space 15040K, 0% used [0x00000000fe240000,0x00000000fe240000,0x00000000ff0f0000)
 ParOldGen       total 66240K, used 42500K [0x00000000e8000000, 0x00000000ec0b0000, 0x00000000fa000000)
  object space 66240K, 64% used [0x00000000e8000000,0x00000000ea9811a0,0x00000000ec0b0000)
 PSPermGen       total 97408K, used 62246K [0x00000000e0000000, 0x00000000e5f20000, 0x00000000e8000000)
  object space 97408K, 63% used [0x00000000e0000000,0x00000000e3cc99f0,0x00000000e5f20000)
}
Event: 1002.111 GC heap before
{Heap before GC invocations=36 (full 1):
 PSYoungGen      total 82816K, used 77771K [0x00000000fa000000, 0x00000000fffa0000, 0x0000000100000000)
  eden space 67840K, 100% used [0x00000000fa000000,0x00000000fe240000,0x00000000fe240000)
  from space 14976K, 66% used [0x00000000ff100000,0x00000000ffab2e48,0x00000000fffa0000)
  to   space 15040K, 0% used [0x00000000fe240000,0x00000000fe240000,0x00000000ff0f0000)
 ParOldGen       total 66240K, used 42500K [0x00000000e8000000, 0x00000000ec0b0000, 0x00000000fa000000)
  object space 66240K, 64% used [0x00000000e8000000,0x00000000ea9811a0,0x00000000ec0b0000)
 PSPermGen       total 97408K, used 62303K [0x00000000e0000000, 0x00000000e5f20000, 0x00000000e8000000)
  object space 97408K, 63% used [0x00000000e0000000,0x00000000e3cd7cf8,0x00000000e5f20000)
Event: 1002.128 GC heap after
Heap after GC invocations=36 (full 1):
 PSYoungGen      total 82880K, used 10136K [0x00000000fa000000, 0x00000000ffff0000, 0x0000000100000000)
  eden space 67840K, 0% used [0x00000000fa000000,0x00000000fa000000,0x00000000fe240000)
  from space 15040K, 67% used [0x00000000fe240000,0x00000000fec262b0,0x00000000ff0f0000)
  to   space 14976K, 0% used [0x00000000ff150000,0x00000000ff150000,0x00000000ffff0000)
 ParOldGen       total 66240K, used 42500K [0x00000000e8000000, 0x00000000ec0b0000, 0x00000000fa000000)
  object space 66240K, 64% used [0x00000000e8000000,0x00000000ea9811a0,0x00000000ec0b0000)
 PSPermGen       total 97408K, used 62303K [0x00000000e0000000, 0x00000000e5f20000, 0x00000000e8000000)
  object space 97408K, 63% used [0x00000000e0000000,0x00000000e3cd7cf8,0x00000000e5f20000)
}
Event: 1102.826 GC heap before
{Heap before GC invocations=37 (full 1):
 PSYoungGen      total 82880K, used 77976K [0x00000000fa000000, 0x00000000ffff0000, 0x0000000100000000)
  eden space 67840K, 100% used [0x00000000fa000000,0x00000000fe240000,0x00000000fe240000)
  from space 15040K, 67% used [0x00000000fe240000,0x00000000fec262b0,0x00000000ff0f0000)
  to   space 14976K, 0% used [0x00000000ff150000,0x00000000ff150000,0x00000000ffff0000)
 ParOldGen       total 66240K, used 42500K [0x00000000e8000000, 0x00000000ec0b0000, 0x00000000fa000000)
  object space 66240K, 64% used [0x00000000e8000000,0x00000000ea9811a0,0x00000000ec0b0000)
 PSPermGen       total 97408K, used 62462K [0x00000000e0000000, 0x00000000e5f20000, 0x00000000e8000000)
  object space 97408K, 64% used [0x00000000e0000000,0x00000000e3cffb58,0x00000000e5f20000)
Event: 1102.841 GC heap after
Heap after GC invocations=37 (full 1):
 PSYoungGen      total 83072K, used 4466K [0x00000000fa000000, 0x0000000100000000, 0x0000000100000000)
  eden space 68096K, 0% used [0x00000000fa000000,0x00000000fa000000,0x00000000fe280000)
  from space 14976K, 29% used [0x00000000ff150000,0x00000000ff5ac8a0,0x00000000ffff0000)
  to   space 15104K, 0% used [0x00000000fe280000,0x00000000fe280000,0x00000000ff140000)
 ParOldGen       total 66240K, used 48344K [0x00000000e8000000, 0x00000000ec0b0000, 0x00000000fa000000)
  object space 66240K, 72% used [0x00000000e8000000,0x00000000eaf36230,0x00000000ec0b0000)
 PSPermGen       total 97408K, used 62462K [0x00000000e0000000, 0x00000000e5f20000, 0x00000000e8000000)
  object space 97408K, 64% used [0x00000000e0000000,0x00000000e3cffb58,0x00000000e5f20000)
}

