# JRE version: 7.0_11-b21
# Java VM: Java HotSpot(TM) 64-Bit Server VM (23.6-b04 mixed mode windows-amd64 compressed oops)
Heap
 PSYoungGen      total 74560K, used 16323K [0x00000000fa000000, 0x0000000100000000, 0x0000000100000000)
  eden space 61696K, 5% used [0x00000000fa000000,0x00000000fa367dc0,0x00000000fdc40000)
  from space 12864K, 99% used [0x00000000fdc40000,0x00000000fe8c8f18,0x00000000fe8d0000)
  to   space 19008K, 0% used [0x00000000fed70000,0x00000000fed70000,0x0000000100000000)
 ParOldGen       total 71872K, used 42347K [0x00000000e8000000, 0x00000000ec630000, 0x00000000fa000000)
  object space 71872K, 58% used [0x00000000e8000000,0x00000000ea95ae18,0x00000000ec630000)
 PSPermGen       total 98560K, used 62579K [0x00000000e0000000, 0x00000000e6040000, 0x00000000e8000000)
  object space 98560K, 63% used [0x00000000e0000000,0x00000000e3d1ce40,0x00000000e6040000)
GC Heap History (10 events):
Event: 29.929 GC heap before
{Heap before GC invocations=24 (full 1):
 PSYoungGen      total 81856K, used 80852K [0x00000000fa000000, 0x0000000100000000, 0x0000000100000000)
  eden space 68736K, 100% used [0x00000000fa000000,0x00000000fe320000,0x00000000fe320000)
  from space 13120K, 92% used [0x00000000ff330000,0x00000000fff05230,0x0000000100000000)
  to   space 14784K, 0% used [0x00000000fe320000,0x00000000fe320000,0x00000000ff190000)
 ParOldGen       total 71872K, used 42347K [0x00000000e8000000, 0x00000000ec630000, 0x00000000fa000000)
  object space 71872K, 58% used [0x00000000e8000000,0x00000000ea95ae18,0x00000000ec630000)
 PSPermGen       total 98560K, used 55309K [0x00000000e0000000, 0x00000000e6040000, 0x00000000e8000000)
  object space 98560K, 56% used [0x00000000e0000000,0x00000000e3603718,0x00000000e6040000)
Event: 29.948 GC heap after
Heap after GC invocations=24 (full 1):
 PSYoungGen      total 78912K, used 10119K [0x00000000fa000000, 0x0000000100000000, 0x0000000100000000)
  eden space 68736K, 0% used [0x00000000fa000000,0x00000000fa000000,0x00000000fe320000)
  from space 10176K, 99% used [0x00000000fe320000,0x00000000fed01cb8,0x00000000fed10000)
  to   space 15296K, 0% used [0x00000000ff110000,0x00000000ff110000,0x0000000100000000)
 ParOldGen       total 71872K, used 42347K [0x00000000e8000000, 0x00000000ec630000, 0x00000000fa000000)
  object space 71872K, 58% used [0x00000000e8000000,0x00000000ea95ae18,0x00000000ec630000)
 PSPermGen       total 98560K, used 55309K [0x00000000e0000000, 0x00000000e6040000, 0x00000000e8000000)
  object space 98560K, 56% used [0x00000000e0000000,0x00000000e3603718,0x00000000e6040000)
}
Event: 40.852 GC heap before
{Heap before GC invocations=25 (full 1):
 PSYoungGen      total 78912K, used 78855K [0x00000000fa000000, 0x0000000100000000, 0x0000000100000000)
  eden space 68736K, 100% used [0x00000000fa000000,0x00000000fe320000,0x00000000fe320000)
  from space 10176K, 99% used [0x00000000fe320000,0x00000000fed01cb8,0x00000000fed10000)
  to   space 15296K, 0% used [0x00000000ff110000,0x00000000ff110000,0x0000000100000000)
 ParOldGen       total 71872K, used 42347K [0x00000000e8000000, 0x00000000ec630000, 0x00000000fa000000)
  object space 71872K, 58% used [0x00000000e8000000,0x00000000ea95ae18,0x00000000ec630000)
 PSPermGen       total 98560K, used 57691K [0x00000000e0000000, 0x00000000e6040000, 0x00000000e8000000)
  object space 98560K, 58% used [0x00000000e0000000,0x00000000e3856d70,0x00000000e6040000)
Event: 40.902 GC heap after
Heap after GC invocations=25 (full 1):
 PSYoungGen      total 80576K, used 12242K [0x00000000fa000000, 0x0000000100000000, 0x0000000100000000)
  eden space 65280K, 0% used [0x00000000fa000000,0x00000000fa000000,0x00000000fdfc0000)
  from space 15296K, 80% used [0x00000000ff110000,0x00000000ffd04950,0x0000000100000000)
  to   space 16512K, 0% used [0x00000000fdfc0000,0x00000000fdfc0000,0x00000000fefe0000)
 ParOldGen       total 71872K, used 42347K [0x00000000e8000000, 0x00000000ec630000, 0x00000000fa000000)
  object space 71872K, 58% used [0x00000000e8000000,0x00000000ea95ae18,0x00000000ec630000)
 PSPermGen       total 98560K, used 57691K [0x00000000e0000000, 0x00000000e6040000, 0x00000000e8000000)
  object space 98560K, 58% used [0x00000000e0000000,0x00000000e3856d70,0x00000000e6040000)
}
Event: 45.731 GC heap before
{Heap before GC invocations=26 (full 1):
 PSYoungGen      total 80576K, used 77522K [0x00000000fa000000, 0x0000000100000000, 0x0000000100000000)
  eden space 65280K, 100% used [0x00000000fa000000,0x00000000fdfc0000,0x00000000fdfc0000)
  from space 15296K, 80% used [0x00000000ff110000,0x00000000ffd04950,0x0000000100000000)
  to   space 16512K, 0% used [0x00000000fdfc0000,0x00000000fdfc0000,0x00000000fefe0000)
 ParOldGen       total 71872K, used 42347K [0x00000000e8000000, 0x00000000ec630000, 0x00000000fa000000)
  object space 71872K, 58% used [0x00000000e8000000,0x00000000ea95ae18,0x00000000ec630000)
 PSPermGen       total 98560K, used 61551K [0x00000000e0000000, 0x00000000e6040000, 0x00000000e8000000)
  object space 98560K, 62% used [0x00000000e0000000,0x00000000e3c1bfe8,0x00000000e6040000)
Event: 45.761 GC heap after
Heap after GC invocations=26 (full 1):
 PSYoungGen      total 77312K, used 11980K [0x00000000fa000000, 0x0000000100000000, 0x0000000100000000)
  eden space 65280K, 0% used [0x00000000fa000000,0x00000000fa000000,0x00000000fdfc0000)
  from space 12032K, 99% used [0x00000000fdfc0000,0x00000000feb731b8,0x00000000feb80000)
  to   space 17344K, 0% used [0x00000000fef10000,0x00000000fef10000,0x0000000100000000)
 ParOldGen       total 71872K, used 42347K [0x00000000e8000000, 0x00000000ec630000, 0x00000000fa000000)
  object space 71872K, 58% used [0x00000000e8000000,0x00000000ea95ae18,0x00000000ec630000)
 PSPermGen       total 98560K, used 61551K [0x00000000e0000000, 0x00000000e6040000, 0x00000000e8000000)
  object space 98560K, 62% used [0x00000000e0000000,0x00000000e3c1bfe8,0x00000000e6040000)
}
Event: 48.894 GC heap before
{Heap before GC invocations=27 (full 1):
 PSYoungGen      total 77312K, used 77260K [0x00000000fa000000, 0x0000000100000000, 0x0000000100000000)
  eden space 65280K, 100% used [0x00000000fa000000,0x00000000fdfc0000,0x00000000fdfc0000)
  from space 12032K, 99% used [0x00000000fdfc0000,0x00000000feb731b8,0x00000000feb80000)
  to   space 17344K, 0% used [0x00000000fef10000,0x00000000fef10000,0x0000000100000000)
 ParOldGen       total 71872K, used 42347K [0x00000000e8000000, 0x00000000ec630000, 0x00000000fa000000)
  object space 71872K, 58% used [0x00000000e8000000,0x00000000ea95ae18,0x00000000ec630000)
 PSPermGen       total 98560K, used 61840K [0x00000000e0000000, 0x00000000e6040000, 0x00000000e8000000)
  object space 98560K, 62% used [0x00000000e0000000,0x00000000e3c64308,0x00000000e6040000)
Event: 48.919 GC heap after
Heap after GC invocations=27 (full 1):
 PSYoungGen      total 79040K, used 12955K [0x00000000fa000000, 0x0000000100000000, 0x0000000100000000)
  eden space 61696K, 0% used [0x00000000fa000000,0x00000000fa000000,0x00000000fdc40000)
  from space 17344K, 74% used [0x00000000fef10000,0x00000000ffbb6e28,0x0000000100000000)
  to   space 18304K, 0% used [0x00000000fdc40000,0x00000000fdc40000,0x00000000fee20000)
 ParOldGen       total 71872K, used 42347K [0x00000000e8000000, 0x00000000ec630000, 0x00000000fa000000)
  object space 71872K, 58% used [0x00000000e8000000,0x00000000ea95ae18,0x00000000ec630000)
 PSPermGen       total 98560K, used 61840K [0x00000000e0000000, 0x00000000e6040000, 0x00000000e8000000)
  object space 98560K, 62% used [0x00000000e0000000,0x00000000e3c64308,0x00000000e6040000)
}
Event: 90.511 GC heap before
{Heap before GC invocations=28 (full 1):
 PSYoungGen      total 79040K, used 74651K [0x00000000fa000000, 0x0000000100000000, 0x0000000100000000)
  eden space 61696K, 100% used [0x00000000fa000000,0x00000000fdc40000,0x00000000fdc40000)
  from space 17344K, 74% used [0x00000000fef10000,0x00000000ffbb6e28,0x0000000100000000)
  to   space 18304K, 0% used [0x00000000fdc40000,0x00000000fdc40000,0x00000000fee20000)
 ParOldGen       total 71872K, used 42347K [0x00000000e8000000, 0x00000000ec630000, 0x00000000fa000000)
  object space 71872K, 58% used [0x00000000e8000000,0x00000000ea95ae18,0x00000000ec630000)
 PSPermGen       total 98560K, used 62548K [0x00000000e0000000, 0x00000000e6040000, 0x00000000e8000000)
  object space 98560K, 63% used [0x00000000e0000000,0x00000000e3d151e0,0x00000000e6040000)
Event: 90.531 GC heap after
Heap after GC invocations=28 (full 1):
 PSYoungGen      total 74560K, used 12835K [0x00000000fa000000, 0x0000000100000000, 0x0000000100000000)
  eden space 61696K, 0% used [0x00000000fa000000,0x00000000fa000000,0x00000000fdc40000)
  from space 12864K, 99% used [0x00000000fdc40000,0x00000000fe8c8f18,0x00000000fe8d0000)
  to   space 19008K, 0% used [0x00000000fed70000,0x00000000fed70000,0x0000000100000000)
 ParOldGen       total 71872K, used 42347K [0x00000000e8000000, 0x00000000ec630000, 0x00000000fa000000)
  object space 71872K, 58% used [0x00000000e8000000,0x00000000ea95ae18,0x00000000ec630000)
 PSPermGen       total 98560K, used 62548K [0x00000000e0000000, 0x00000000e6040000, 0x00000000e8000000)
  object space 98560K, 63% used [0x00000000e0000000,0x00000000e3d151e0,0x00000000e6040000)
}

