# JRE version: 7.0_11-b21
# Java VM: Java HotSpot(TM) 64-Bit Server VM (23.6-b04 mixed mode windows-amd64 compressed oops)
Heap
 PSYoungGen      total 97280K, used 16068K [0x00000000fa000000, 0x0000000100000000, 0x0000000100000000)
  eden space 96256K, 16% used [0x00000000fa000000,0x00000000fafb1298,0x00000000ffe00000)
  from space 1024K, 0% used [0x00000000fff00000,0x00000000fff00000,0x0000000100000000)
  to   space 1024K, 0% used [0x00000000ffe00000,0x00000000ffe00000,0x00000000fff00000)
 ParOldGen       total 86848K, used 56930K [0x00000000e8000000, 0x00000000ed4d0000, 0x00000000fa000000)
  object space 86848K, 65% used [0x00000000e8000000,0x00000000eb798af8,0x00000000ed4d0000)
 PSPermGen       total 119360K, used 63963K [0x00000000e0000000, 0x00000000e7490000, 0x00000000e8000000)
  object space 119360K, 53% used [0x00000000e0000000,0x00000000e3e76ea8,0x00000000e7490000)
GC Heap History (10 events):
Event: 51081.118 GC heap before
{Heap before GC invocations=32314 (full 3):
 PSYoungGen      total 97280K, used 96928K [0x00000000fa000000, 0x0000000100000000, 0x0000000100000000)
  eden space 96256K, 100% used [0x00000000fa000000,0x00000000ffe00000,0x00000000ffe00000)
  from space 1024K, 65% used [0x00000000fff00000,0x00000000fffa8000,0x0000000100000000)
  to   space 1024K, 0% used [0x00000000ffe00000,0x00000000ffe00000,0x00000000fff00000)
 ParOldGen       total 80768K, used 80280K [0x00000000e8000000, 0x00000000ecee0000, 0x00000000fa000000)
  object space 80768K, 99% used [0x00000000e8000000,0x00000000ece66328,0x00000000ecee0000)
 PSPermGen       total 121088K, used 64002K [0x00000000e0000000, 0x00000000e7640000, 0x00000000e8000000)
  object space 121088K, 52% used [0x00000000e0000000,0x00000000e3e80af8,0x00000000e7640000)
Event: 51081.127 GC heap after
Heap after GC invocations=32314 (full 3):
 PSYoungGen      total 97280K, used 640K [0x00000000fa000000, 0x0000000100000000, 0x0000000100000000)
  eden space 96256K, 0% used [0x00000000fa000000,0x00000000fa000000,0x00000000ffe00000)
  from space 1024K, 62% used [0x00000000ffe00000,0x00000000ffea0000,0x00000000fff00000)
  to   space 1024K, 0% used [0x00000000fff00000,0x00000000fff00000,0x0000000100000000)
 ParOldGen       total 80768K, used 80280K [0x00000000e8000000, 0x00000000ecee0000, 0x00000000fa000000)
  object space 80768K, 99% used [0x00000000e8000000,0x00000000ece66328,0x00000000ecee0000)
 PSPermGen       total 121088K, used 64002K [0x00000000e0000000, 0x00000000e7640000, 0x00000000e8000000)
  object space 121088K, 52% used [0x00000000e0000000,0x00000000e3e80af8,0x00000000e7640000)
}
Event: 51083.379 GC heap before
{Heap before GC invocations=32315 (full 3):
 PSYoungGen      total 97280K, used 96896K [0x00000000fa000000, 0x0000000100000000, 0x0000000100000000)
  eden space 96256K, 100% used [0x00000000fa000000,0x00000000ffe00000,0x00000000ffe00000)
  from space 1024K, 62% used [0x00000000ffe00000,0x00000000ffea0000,0x00000000fff00000)
  to   space 1024K, 0% used [0x00000000fff00000,0x00000000fff00000,0x0000000100000000)
 ParOldGen       total 80768K, used 80280K [0x00000000e8000000, 0x00000000ecee0000, 0x00000000fa000000)
  object space 80768K, 99% used [0x00000000e8000000,0x00000000ece66328,0x00000000ecee0000)
 PSPermGen       total 121088K, used 64002K [0x00000000e0000000, 0x00000000e7640000, 0x00000000e8000000)
  object space 121088K, 52% used [0x00000000e0000000,0x00000000e3e80af8,0x00000000e7640000)
Event: 51083.385 GC heap after
Heap after GC invocations=32315 (full 3):
 PSYoungGen      total 97280K, used 672K [0x00000000fa000000, 0x0000000100000000, 0x0000000100000000)
  eden space 96256K, 0% used [0x00000000fa000000,0x00000000fa000000,0x00000000ffe00000)
  from space 1024K, 65% used [0x00000000fff00000,0x00000000fffa8000,0x0000000100000000)
  to   space 1024K, 0% used [0x00000000ffe00000,0x00000000ffe00000,0x00000000fff00000)
 ParOldGen       total 80768K, used 80280K [0x00000000e8000000, 0x00000000ecee0000, 0x00000000fa000000)
  object space 80768K, 99% used [0x00000000e8000000,0x00000000ece66328,0x00000000ecee0000)
 PSPermGen       total 121088K, used 64002K [0x00000000e0000000, 0x00000000e7640000, 0x00000000e8000000)
  object space 121088K, 52% used [0x00000000e0000000,0x00000000e3e80af8,0x00000000e7640000)
}
Event: 51085.351 GC heap before
{Heap before GC invocations=32316 (full 3):
 PSYoungGen      total 97280K, used 96928K [0x00000000fa000000, 0x0000000100000000, 0x0000000100000000)
  eden space 96256K, 100% used [0x00000000fa000000,0x00000000ffe00000,0x00000000ffe00000)
  from space 1024K, 65% used [0x00000000fff00000,0x00000000fffa8000,0x0000000100000000)
  to   space 1024K, 0% used [0x00000000ffe00000,0x00000000ffe00000,0x00000000fff00000)
 ParOldGen       total 80768K, used 80280K [0x00000000e8000000, 0x00000000ecee0000, 0x00000000fa000000)
  object space 80768K, 99% used [0x00000000e8000000,0x00000000ece66328,0x00000000ecee0000)
 PSPermGen       total 121088K, used 64002K [0x00000000e0000000, 0x00000000e7640000, 0x00000000e8000000)
  object space 121088K, 52% used [0x00000000e0000000,0x00000000e3e80af8,0x00000000e7640000)
Event: 51085.357 GC heap after
Heap after GC invocations=32316 (full 3):
 PSYoungGen      total 97280K, used 672K [0x00000000fa000000, 0x0000000100000000, 0x0000000100000000)
  eden space 96256K, 0% used [0x00000000fa000000,0x00000000fa000000,0x00000000ffe00000)
  from space 1024K, 65% used [0x00000000ffe00000,0x00000000ffea8000,0x00000000fff00000)
  to   space 1024K, 0% used [0x00000000fff00000,0x00000000fff00000,0x0000000100000000)
 ParOldGen       total 80768K, used 80280K [0x00000000e8000000, 0x00000000ecee0000, 0x00000000fa000000)
  object space 80768K, 99% used [0x00000000e8000000,0x00000000ece66328,0x00000000ecee0000)
 PSPermGen       total 121088K, used 64002K [0x00000000e0000000, 0x00000000e7640000, 0x00000000e8000000)
  object space 121088K, 52% used [0x00000000e0000000,0x00000000e3e80af8,0x00000000e7640000)
}
Event: 51087.480 GC heap before
{Heap before GC invocations=32317 (full 3):
 PSYoungGen      total 97280K, used 96928K [0x00000000fa000000, 0x0000000100000000, 0x0000000100000000)
  eden space 96256K, 100% used [0x00000000fa000000,0x00000000ffe00000,0x00000000ffe00000)
  from space 1024K, 65% used [0x00000000ffe00000,0x00000000ffea8000,0x00000000fff00000)
  to   space 1024K, 0% used [0x00000000fff00000,0x00000000fff00000,0x0000000100000000)
 ParOldGen       total 80768K, used 80280K [0x00000000e8000000, 0x00000000ecee0000, 0x00000000fa000000)
  object space 80768K, 99% used [0x00000000e8000000,0x00000000ece66328,0x00000000ecee0000)
 PSPermGen       total 121088K, used 64002K [0x00000000e0000000, 0x00000000e7640000, 0x00000000e8000000)
  object space 121088K, 52% used [0x00000000e0000000,0x00000000e3e80af8,0x00000000e7640000)
Event: 51087.489 GC heap after
Heap after GC invocations=32317 (full 3):
 PSYoungGen      total 97280K, used 288K [0x00000000fa000000, 0x0000000100000000, 0x0000000100000000)
  eden space 96256K, 0% used [0x00000000fa000000,0x00000000fa000000,0x00000000ffe00000)
  from space 1024K, 28% used [0x00000000fff00000,0x00000000fff48000,0x0000000100000000)
  to   space 1024K, 0% used [0x00000000ffe00000,0x00000000ffe00000,0x00000000fff00000)
 ParOldGen       total 80768K, used 80672K [0x00000000e8000000, 0x00000000ecee0000, 0x00000000fa000000)
  object space 80768K, 99% used [0x00000000e8000000,0x00000000ecec8328,0x00000000ecee0000)
 PSPermGen       total 121088K, used 64002K [0x00000000e0000000, 0x00000000e7640000, 0x00000000e8000000)
  object space 121088K, 52% used [0x00000000e0000000,0x00000000e3e80af8,0x00000000e7640000)
}
Event: 51087.489 GC heap before
{Heap before GC invocations=32318 (full 4):
 PSYoungGen      total 97280K, used 288K [0x00000000fa000000, 0x0000000100000000, 0x0000000100000000)
  eden space 96256K, 0% used [0x00000000fa000000,0x00000000fa000000,0x00000000ffe00000)
  from space 1024K, 28% used [0x00000000fff00000,0x00000000fff48000,0x0000000100000000)
  to   space 1024K, 0% used [0x00000000ffe00000,0x00000000ffe00000,0x00000000fff00000)
 ParOldGen       total 80768K, used 80672K [0x00000000e8000000, 0x00000000ecee0000, 0x00000000fa000000)
  object space 80768K, 99% used [0x00000000e8000000,0x00000000ecec8328,0x00000000ecee0000)
 PSPermGen       total 121088K, used 64002K [0x00000000e0000000, 0x00000000e7640000, 0x00000000e8000000)
  object space 121088K, 52% used [0x00000000e0000000,0x00000000e3e80af8,0x00000000e7640000)
Event: 51087.902 GC heap after
Heap after GC invocations=32318 (full 4):
 PSYoungGen      total 97280K, used 0K [0x00000000fa000000, 0x0000000100000000, 0x0000000100000000)
  eden space 96256K, 0% used [0x00000000fa000000,0x00000000fa000000,0x00000000ffe00000)
  from space 1024K, 0% used [0x00000000fff00000,0x00000000fff00000,0x0000000100000000)
  to   space 1024K, 0% used [0x00000000ffe00000,0x00000000ffe00000,0x00000000fff00000)
 ParOldGen       total 86848K, used 56930K [0x00000000e8000000, 0x00000000ed4d0000, 0x00000000fa000000)
  object space 86848K, 65% used [0x00000000e8000000,0x00000000eb798af8,0x00000000ed4d0000)
 PSPermGen       total 119360K, used 63963K [0x00000000e0000000, 0x00000000e7490000, 0x00000000e8000000)
  object space 119360K, 53% used [0x00000000e0000000,0x00000000e3e76ea8,0x00000000e7490000)
}

