# JRE version: 7.0_11-b21
# Java VM: Java HotSpot(TM) 64-Bit Server VM (23.6-b04 mixed mode windows-amd64 compressed oops)
Heap
 PSYoungGen      total 78208K, used 26319K [0x00000000fa000000, 0x0000000100000000, 0x0000000100000000)
  eden space 60288K, 20% used [0x00000000fa000000,0x00000000fabfcff0,0x00000000fdae0000)
  from space 17920K, 78% used [0x00000000fee80000,0x00000000ffc36e30,0x0000000100000000)
  to   space 19008K, 0% used [0x00000000fdae0000,0x00000000fdae0000,0x00000000fed70000)
 ParOldGen       total 73408K, used 50575K [0x00000000e8000000, 0x00000000ec7b0000, 0x00000000fa000000)
  object space 73408K, 68% used [0x00000000e8000000,0x00000000eb163c80,0x00000000ec7b0000)
 PSPermGen       total 96448K, used 62363K [0x00000000e0000000, 0x00000000e5e30000, 0x00000000e8000000)
  object space 96448K, 64% used [0x00000000e0000000,0x00000000e3ce6d10,0x00000000e5e30000)
GC Heap History (10 events):
Event: 34.397 GC heap before
{Heap before GC invocations=25 (full 1):
 PSYoungGen      total 80128K, used 80113K [0x00000000fa000000, 0x0000000100000000, 0x0000000100000000)
  eden space 69632K, 100% used [0x00000000fa000000,0x00000000fe400000,0x00000000fe400000)
  from space 10496K, 99% used [0x00000000fe400000,0x00000000fee3c6c8,0x00000000fee40000)
  to   space 15040K, 0% used [0x00000000ff150000,0x00000000ff150000,0x0000000100000000)
 ParOldGen       total 73408K, used 50567K [0x00000000e8000000, 0x00000000ec7b0000, 0x00000000fa000000)
  object space 73408K, 68% used [0x00000000e8000000,0x00000000eb161c80,0x00000000ec7b0000)
 PSPermGen       total 96448K, used 57032K [0x00000000e0000000, 0x00000000e5e30000, 0x00000000e8000000)
  object space 96448K, 59% used [0x00000000e0000000,0x00000000e37b23a8,0x00000000e5e30000)
Event: 34.414 GC heap after
Heap after GC invocations=25 (full 1):
 PSYoungGen      total 81984K, used 10887K [0x00000000fa000000, 0x0000000100000000, 0x0000000100000000)
  eden space 66944K, 0% used [0x00000000fa000000,0x00000000fa000000,0x00000000fe160000)
  from space 15040K, 72% used [0x00000000ff150000,0x00000000ffbf1e28,0x0000000100000000)
  to   space 15680K, 0% used [0x00000000fe160000,0x00000000fe160000,0x00000000ff0b0000)
 ParOldGen       total 73408K, used 50567K [0x00000000e8000000, 0x00000000ec7b0000, 0x00000000fa000000)
  object space 73408K, 68% used [0x00000000e8000000,0x00000000eb161c80,0x00000000ec7b0000)
 PSPermGen       total 96448K, used 57032K [0x00000000e0000000, 0x00000000e5e30000, 0x00000000e8000000)
  object space 96448K, 59% used [0x00000000e0000000,0x00000000e37b23a8,0x00000000e5e30000)
}
Event: 40.862 GC heap before
{Heap before GC invocations=26 (full 1):
 PSYoungGen      total 81984K, used 77831K [0x00000000fa000000, 0x0000000100000000, 0x0000000100000000)
  eden space 66944K, 100% used [0x00000000fa000000,0x00000000fe160000,0x00000000fe160000)
  from space 15040K, 72% used [0x00000000ff150000,0x00000000ffbf1e28,0x0000000100000000)
  to   space 15680K, 0% used [0x00000000fe160000,0x00000000fe160000,0x00000000ff0b0000)
 ParOldGen       total 73408K, used 50567K [0x00000000e8000000, 0x00000000ec7b0000, 0x00000000fa000000)
  object space 73408K, 68% used [0x00000000e8000000,0x00000000eb161c80,0x00000000ec7b0000)
 PSPermGen       total 96448K, used 61420K [0x00000000e0000000, 0x00000000e5e30000, 0x00000000e8000000)
  object space 96448K, 63% used [0x00000000e0000000,0x00000000e3bfb040,0x00000000e5e30000)
Event: 40.895 GC heap after
Heap after GC invocations=26 (full 1):
 PSYoungGen      total 78208K, used 11231K [0x00000000fa000000, 0x0000000100000000, 0x0000000100000000)
  eden space 66944K, 0% used [0x00000000fa000000,0x00000000fa000000,0x00000000fe160000)
  from space 11264K, 99% used [0x00000000fe160000,0x00000000fec57e90,0x00000000fec60000)
  to   space 16320K, 0% used [0x00000000ff010000,0x00000000ff010000,0x0000000100000000)
 ParOldGen       total 73408K, used 50567K [0x00000000e8000000, 0x00000000ec7b0000, 0x00000000fa000000)
  object space 73408K, 68% used [0x00000000e8000000,0x00000000eb161c80,0x00000000ec7b0000)
 PSPermGen       total 96448K, used 61420K [0x00000000e0000000, 0x00000000e5e30000, 0x00000000e8000000)
  object space 96448K, 63% used [0x00000000e0000000,0x00000000e3bfb040,0x00000000e5e30000)
}
Event: 45.687 GC heap before
{Heap before GC invocations=27 (full 1):
 PSYoungGen      total 78208K, used 78175K [0x00000000fa000000, 0x0000000100000000, 0x0000000100000000)
  eden space 66944K, 100% used [0x00000000fa000000,0x00000000fe160000,0x00000000fe160000)
  from space 11264K, 99% used [0x00000000fe160000,0x00000000fec57e90,0x00000000fec60000)
  to   space 16320K, 0% used [0x00000000ff010000,0x00000000ff010000,0x0000000100000000)
 ParOldGen       total 73408K, used 50567K [0x00000000e8000000, 0x00000000ec7b0000, 0x00000000fa000000)
  object space 73408K, 68% used [0x00000000e8000000,0x00000000eb161c80,0x00000000ec7b0000)
 PSPermGen       total 96448K, used 61770K [0x00000000e0000000, 0x00000000e5e30000, 0x00000000e8000000)
  object space 96448K, 64% used [0x00000000e0000000,0x00000000e3c52b70,0x00000000e5e30000)
Event: 45.704 GC heap after
Heap after GC invocations=27 (full 1):
 PSYoungGen      total 80320K, used 12296K [0x00000000fa000000, 0x0000000100000000, 0x0000000100000000)
  eden space 64000K, 0% used [0x00000000fa000000,0x00000000fa000000,0x00000000fde80000)
  from space 16320K, 75% used [0x00000000ff010000,0x00000000ffc12200,0x0000000100000000)
  to   space 17152K, 0% used [0x00000000fde80000,0x00000000fde80000,0x00000000fef40000)
 ParOldGen       total 73408K, used 50567K [0x00000000e8000000, 0x00000000ec7b0000, 0x00000000fa000000)
  object space 73408K, 68% used [0x00000000e8000000,0x00000000eb161c80,0x00000000ec7b0000)
 PSPermGen       total 96448K, used 61770K [0x00000000e0000000, 0x00000000e5e30000, 0x00000000e8000000)
  object space 96448K, 64% used [0x00000000e0000000,0x00000000e3c52b70,0x00000000e5e30000)
}
Event: 77.617 GC heap before
{Heap before GC invocations=28 (full 1):
 PSYoungGen      total 80320K, used 76296K [0x00000000fa000000, 0x0000000100000000, 0x0000000100000000)
  eden space 64000K, 100% used [0x00000000fa000000,0x00000000fde80000,0x00000000fde80000)
  from space 16320K, 75% used [0x00000000ff010000,0x00000000ffc12200,0x0000000100000000)
  to   space 17152K, 0% used [0x00000000fde80000,0x00000000fde80000,0x00000000fef40000)
 ParOldGen       total 73408K, used 50567K [0x00000000e8000000, 0x00000000ec7b0000, 0x00000000fa000000)
  object space 73408K, 68% used [0x00000000e8000000,0x00000000eb161c80,0x00000000ec7b0000)
 PSPermGen       total 96448K, used 62121K [0x00000000e0000000, 0x00000000e5e30000, 0x00000000e8000000)
  object space 96448K, 64% used [0x00000000e0000000,0x00000000e3caa758,0x00000000e5e30000)
Event: 77.640 GC heap after
Heap after GC invocations=28 (full 1):
 PSYoungGen      total 76864K, used 12820K [0x00000000fa000000, 0x0000000100000000, 0x0000000100000000)
  eden space 64000K, 0% used [0x00000000fa000000,0x00000000fa000000,0x00000000fde80000)
  from space 12864K, 99% used [0x00000000fde80000,0x00000000feb050f0,0x00000000feb10000)
  to   space 17920K, 0% used [0x00000000fee80000,0x00000000fee80000,0x0000000100000000)
 ParOldGen       total 73408K, used 50567K [0x00000000e8000000, 0x00000000ec7b0000, 0x00000000fa000000)
  object space 73408K, 68% used [0x00000000e8000000,0x00000000eb161c80,0x00000000ec7b0000)
 PSPermGen       total 96448K, used 62121K [0x00000000e0000000, 0x00000000e5e30000, 0x00000000e8000000)
  object space 96448K, 64% used [0x00000000e0000000,0x00000000e3caa758,0x00000000e5e30000)
}
Event: 119.116 GC heap before
{Heap before GC invocations=29 (full 1):
 PSYoungGen      total 76864K, used 76820K [0x00000000fa000000, 0x0000000100000000, 0x0000000100000000)
  eden space 64000K, 100% used [0x00000000fa000000,0x00000000fde80000,0x00000000fde80000)
  from space 12864K, 99% used [0x00000000fde80000,0x00000000feb050f0,0x00000000feb10000)
  to   space 17920K, 0% used [0x00000000fee80000,0x00000000fee80000,0x0000000100000000)
 ParOldGen       total 73408K, used 50567K [0x00000000e8000000, 0x00000000ec7b0000, 0x00000000fa000000)
  object space 73408K, 68% used [0x00000000e8000000,0x00000000eb161c80,0x00000000ec7b0000)
 PSPermGen       total 96448K, used 62348K [0x00000000e0000000, 0x00000000e5e30000, 0x00000000e8000000)
  object space 96448K, 64% used [0x00000000e0000000,0x00000000e3ce3390,0x00000000e5e30000)
Event: 119.136 GC heap after
Heap after GC invocations=29 (full 1):
 PSYoungGen      total 78208K, used 14043K [0x00000000fa000000, 0x0000000100000000, 0x0000000100000000)
  eden space 60288K, 0% used [0x00000000fa000000,0x00000000fa000000,0x00000000fdae0000)
  from space 17920K, 78% used [0x00000000fee80000,0x00000000ffc36e30,0x0000000100000000)
  to   space 19008K, 0% used [0x00000000fdae0000,0x00000000fdae0000,0x00000000fed70000)
 ParOldGen       total 73408K, used 50575K [0x00000000e8000000, 0x00000000ec7b0000, 0x00000000fa000000)
  object space 73408K, 68% used [0x00000000e8000000,0x00000000eb163c80,0x00000000ec7b0000)
 PSPermGen       total 96448K, used 62348K [0x00000000e0000000, 0x00000000e5e30000, 0x00000000e8000000)
  object space 96448K, 64% used [0x00000000e0000000,0x00000000e3ce3390,0x00000000e5e30000)
}

