# JRE version: 7.0_11-b21
# Java VM: Java HotSpot(TM) 64-Bit Server VM (23.6-b04 mixed mode windows-amd64 compressed oops)
Heap
 PSYoungGen      total 27904K, used 512K [0x00000000fa000000, 0x00000000fc5e0000, 0x0000000100000000)
  eden space 17536K, 2% used [0x00000000fa000000,0x00000000fa080250,0x00000000fb120000)
  from space 10368K, 0% used [0x00000000fbbc0000,0x00000000fbbc0000,0x00000000fc5e0000)
  to   space 10624K, 0% used [0x00000000fb120000,0x00000000fb120000,0x00000000fbb80000)
 ParOldGen       total 89536K, used 51488K [0x00000000e8000000, 0x00000000ed770000, 0x00000000fa000000)
  object space 89536K, 57% used [0x00000000e8000000,0x00000000eb2482c0,0x00000000ed770000)
 PSPermGen       total 123456K, used 64466K [0x00000000e0000000, 0x00000000e7890000, 0x00000000e8000000)
  object space 123456K, 52% used [0x00000000e0000000,0x00000000e3ef4938,0x00000000e7890000)
GC Heap History (10 events):
Event: 4210.647 GC heap before
{Heap before GC invocations=98 (full 1):
 PSYoungGen      total 29760K, used 26316K [0x00000000fa000000, 0x00000000fc8d0000, 0x0000000100000000)
  eden space 19264K, 100% used [0x00000000fa000000,0x00000000fb2d0000,0x00000000fb2d0000)
  from space 10496K, 67% used [0x00000000fbe90000,0x00000000fc5731a8,0x00000000fc8d0000)
  to   space 11264K, 0% used [0x00000000fb2d0000,0x00000000fb2d0000,0x00000000fbdd0000)
 ParOldGen       total 65920K, used 60348K [0x00000000e8000000, 0x00000000ec060000, 0x00000000fa000000)
  object space 65920K, 91% used [0x00000000e8000000,0x00000000ebaef350,0x00000000ec060000)
 PSPermGen       total 99840K, used 64515K [0x00000000e0000000, 0x00000000e6180000, 0x00000000e8000000)
  object space 99840K, 64% used [0x00000000e0000000,0x00000000e3f00ec8,0x00000000e6180000)
Event: 4210.661 GC heap after
Heap after GC invocations=98 (full 1):
 PSYoungGen      total 25152K, used 6321K [0x00000000fa000000, 0x00000000fc780000, 0x0000000100000000)
  eden space 18816K, 0% used [0x00000000fa000000,0x00000000fa000000,0x00000000fb260000)
  from space 6336K, 99% used [0x00000000fb2d0000,0x00000000fb8fc490,0x00000000fb900000)
  to   space 10816K, 0% used [0x00000000fbcf0000,0x00000000fbcf0000,0x00000000fc780000)
 ParOldGen       total 65920K, used 60356K [0x00000000e8000000, 0x00000000ec060000, 0x00000000fa000000)
  object space 65920K, 91% used [0x00000000e8000000,0x00000000ebaf1350,0x00000000ec060000)
 PSPermGen       total 99840K, used 64515K [0x00000000e0000000, 0x00000000e6180000, 0x00000000e8000000)
  object space 99840K, 64% used [0x00000000e0000000,0x00000000e3f00ec8,0x00000000e6180000)
}
Event: 4345.520 GC heap before
{Heap before GC invocations=99 (full 1):
 PSYoungGen      total 25152K, used 25137K [0x00000000fa000000, 0x00000000fc780000, 0x0000000100000000)
  eden space 18816K, 100% used [0x00000000fa000000,0x00000000fb260000,0x00000000fb260000)
  from space 6336K, 99% used [0x00000000fb2d0000,0x00000000fb8fc490,0x00000000fb900000)
  to   space 10816K, 0% used [0x00000000fbcf0000,0x00000000fbcf0000,0x00000000fc780000)
 ParOldGen       total 65920K, used 60356K [0x00000000e8000000, 0x00000000ec060000, 0x00000000fa000000)
  object space 65920K, 91% used [0x00000000e8000000,0x00000000ebaf1350,0x00000000ec060000)
 PSPermGen       total 99840K, used 64516K [0x00000000e0000000, 0x00000000e6180000, 0x00000000e8000000)
  object space 99840K, 64% used [0x00000000e0000000,0x00000000e3f01008,0x00000000e6180000)
Event: 4345.531 GC heap after
Heap after GC invocations=99 (full 1):
 PSYoungGen      total 28480K, used 4996K [0x00000000fa000000, 0x00000000fc6d0000, 0x0000000100000000)
  eden space 18368K, 0% used [0x00000000fa000000,0x00000000fa000000,0x00000000fb1f0000)
  from space 10112K, 49% used [0x00000000fbcf0000,0x00000000fc1d1100,0x00000000fc6d0000)
  to   space 10688K, 0% used [0x00000000fb1f0000,0x00000000fb1f0000,0x00000000fbc60000)
 ParOldGen       total 65920K, used 61569K [0x00000000e8000000, 0x00000000ec060000, 0x00000000fa000000)
  object space 65920K, 93% used [0x00000000e8000000,0x00000000ebc206e0,0x00000000ec060000)
 PSPermGen       total 99840K, used 64516K [0x00000000e0000000, 0x00000000e6180000, 0x00000000e8000000)
  object space 99840K, 64% used [0x00000000e0000000,0x00000000e3f01008,0x00000000e6180000)
}
Event: 4474.711 GC heap before
{Heap before GC invocations=100 (full 1):
 PSYoungGen      total 28480K, used 23364K [0x00000000fa000000, 0x00000000fc6d0000, 0x0000000100000000)
  eden space 18368K, 100% used [0x00000000fa000000,0x00000000fb1f0000,0x00000000fb1f0000)
  from space 10112K, 49% used [0x00000000fbcf0000,0x00000000fc1d1100,0x00000000fc6d0000)
  to   space 10688K, 0% used [0x00000000fb1f0000,0x00000000fb1f0000,0x00000000fbc60000)
 ParOldGen       total 65920K, used 61569K [0x00000000e8000000, 0x00000000ec060000, 0x00000000fa000000)
  object space 65920K, 93% used [0x00000000e8000000,0x00000000ebc206e0,0x00000000ec060000)
 PSPermGen       total 99840K, used 64516K [0x00000000e0000000, 0x00000000e6180000, 0x00000000e8000000)
  object space 99840K, 64% used [0x00000000e0000000,0x00000000e3f01008,0x00000000e6180000)
Event: 4474.724 GC heap after
Heap after GC invocations=100 (full 1):
 PSYoungGen      total 22784K, used 4852K [0x00000000fa000000, 0x00000000fc600000, 0x0000000100000000)
  eden space 17920K, 0% used [0x00000000fa000000,0x00000000fa000000,0x00000000fb180000)
  from space 4864K, 99% used [0x00000000fb1f0000,0x00000000fb6ad0f0,0x00000000fb6b0000)
  to   space 10496K, 0% used [0x00000000fbbc0000,0x00000000fbbc0000,0x00000000fc600000)
 ParOldGen       total 65920K, used 61713K [0x00000000e8000000, 0x00000000ec060000, 0x00000000fa000000)
  object space 65920K, 93% used [0x00000000e8000000,0x00000000ebc446e0,0x00000000ec060000)
 PSPermGen       total 99840K, used 64516K [0x00000000e0000000, 0x00000000e6180000, 0x00000000e8000000)
  object space 99840K, 64% used [0x00000000e0000000,0x00000000e3f01008,0x00000000e6180000)
}
Event: 4551.900 GC heap before
{Heap before GC invocations=101 (full 1):
 PSYoungGen      total 22784K, used 22772K [0x00000000fa000000, 0x00000000fc600000, 0x0000000100000000)
  eden space 17920K, 100% used [0x00000000fa000000,0x00000000fb180000,0x00000000fb180000)
  from space 4864K, 99% used [0x00000000fb1f0000,0x00000000fb6ad0f0,0x00000000fb6b0000)
  to   space 10496K, 0% used [0x00000000fbbc0000,0x00000000fbbc0000,0x00000000fc600000)
 ParOldGen       total 65920K, used 61713K [0x00000000e8000000, 0x00000000ec060000, 0x00000000fa000000)
  object space 65920K, 93% used [0x00000000e8000000,0x00000000ebc446e0,0x00000000ec060000)
 PSPermGen       total 99840K, used 64555K [0x00000000e0000000, 0x00000000e6180000, 0x00000000e8000000)
  object space 99840K, 64% used [0x00000000e0000000,0x00000000e3f0ae40,0x00000000e6180000)
Event: 4551.910 GC heap after
Heap after GC invocations=101 (full 1):
 PSYoungGen      total 27904K, used 2886K [0x00000000fa000000, 0x00000000fc5e0000, 0x0000000100000000)
  eden space 17536K, 0% used [0x00000000fa000000,0x00000000fa000000,0x00000000fb120000)
  from space 10368K, 27% used [0x00000000fbbc0000,0x00000000fbe91830,0x00000000fc5e0000)
  to   space 10624K, 0% used [0x00000000fb120000,0x00000000fb120000,0x00000000fbb80000)
 ParOldGen       total 65920K, used 64030K [0x00000000e8000000, 0x00000000ec060000, 0x00000000fa000000)
  object space 65920K, 97% used [0x00000000e8000000,0x00000000ebe87b18,0x00000000ec060000)
 PSPermGen       total 99840K, used 64555K [0x00000000e0000000, 0x00000000e6180000, 0x00000000e8000000)
  object space 99840K, 64% used [0x00000000e0000000,0x00000000e3f0ae40,0x00000000e6180000)
}
Event: 4551.910 GC heap before
{Heap before GC invocations=102 (full 2):
 PSYoungGen      total 27904K, used 2886K [0x00000000fa000000, 0x00000000fc5e0000, 0x0000000100000000)
  eden space 17536K, 0% used [0x00000000fa000000,0x00000000fa000000,0x00000000fb120000)
  from space 10368K, 27% used [0x00000000fbbc0000,0x00000000fbe91830,0x00000000fc5e0000)
  to   space 10624K, 0% used [0x00000000fb120000,0x00000000fb120000,0x00000000fbb80000)
 ParOldGen       total 65920K, used 64030K [0x00000000e8000000, 0x00000000ec060000, 0x00000000fa000000)
  object space 65920K, 97% used [0x00000000e8000000,0x00000000ebe87b18,0x00000000ec060000)
 PSPermGen       total 99840K, used 64555K [0x00000000e0000000, 0x00000000e6180000, 0x00000000e8000000)
  object space 99840K, 64% used [0x00000000e0000000,0x00000000e3f0ae40,0x00000000e6180000)
Event: 4552.330 GC heap after
Heap after GC invocations=102 (full 2):
 PSYoungGen      total 27904K, used 0K [0x00000000fa000000, 0x00000000fc5e0000, 0x0000000100000000)
  eden space 17536K, 0% used [0x00000000fa000000,0x00000000fa000000,0x00000000fb120000)
  from space 10368K, 0% used [0x00000000fbbc0000,0x00000000fbbc0000,0x00000000fc5e0000)
  to   space 10624K, 0% used [0x00000000fb120000,0x00000000fb120000,0x00000000fbb80000)
 ParOldGen       total 89536K, used 51488K [0x00000000e8000000, 0x00000000ed770000, 0x00000000fa000000)
  object space 89536K, 57% used [0x00000000e8000000,0x00000000eb2482c0,0x00000000ed770000)
 PSPermGen       total 123456K, used 64466K [0x00000000e0000000, 0x00000000e7890000, 0x00000000e8000000)
  object space 123456K, 52% used [0x00000000e0000000,0x00000000e3ef4938,0x00000000e7890000)
}

