# JRE version: 7.0_11-b21
# Java VM: Java HotSpot(TM) 64-Bit Server VM (23.6-b04 mixed mode windows-amd64 compressed oops)
Heap
 PSYoungGen      total 81792K, used 37012K [0x00000000fa000000, 0x00000000ffb10000, 0x0000000100000000)
  eden space 77632K, 42% used [0x00000000fa000000,0x00000000fc0203b0,0x00000000febd0000)
  from space 4160K, 98% used [0x00000000ff700000,0x00000000ffb04fa0,0x00000000ffb10000)
  to   space 6656K, 0% used [0x00000000fee10000,0x00000000fee10000,0x00000000ff490000)
 ParOldGen       total 65280K, used 47229K [0x00000000e8000000, 0x00000000ebfc0000, 0x00000000fa000000)
  object space 65280K, 72% used [0x00000000e8000000,0x00000000eae1f420,0x00000000ebfc0000)
 PSPermGen       total 100416K, used 61738K [0x00000000e0000000, 0x00000000e6210000, 0x00000000e8000000)
  object space 100416K, 61% used [0x00000000e0000000,0x00000000e3c4aae8,0x00000000e6210000)
GC Heap History (10 events):
Event: 130.771 GC heap before
{Heap before GC invocations=35 (full 1):
 PSYoungGen      total 89600K, used 86462K [0x00000000fa000000, 0x0000000100000000, 0x0000000100000000)
  eden space 81856K, 100% used [0x00000000fa000000,0x00000000feff0000,0x00000000feff0000)
  from space 7744K, 59% used [0x00000000feff0000,0x00000000ff46fba8,0x00000000ff780000)
  to   space 7488K, 0% used [0x00000000ff8b0000,0x00000000ff8b0000,0x0000000100000000)
 ParOldGen       total 65280K, used 46190K [0x00000000e8000000, 0x00000000ebfc0000, 0x00000000fa000000)
  object space 65280K, 70% used [0x00000000e8000000,0x00000000ead1b9c0,0x00000000ebfc0000)
 PSPermGen       total 100416K, used 61335K [0x00000000e0000000, 0x00000000e6210000, 0x00000000e8000000)
  object space 100416K, 61% used [0x00000000e0000000,0x00000000e3be5d48,0x00000000e6210000)
Event: 130.780 GC heap after
Heap after GC invocations=35 (full 1):
 PSYoungGen      total 89792K, used 4606K [0x00000000fa000000, 0x00000000fff40000, 0x0000000100000000)
  eden space 83072K, 0% used [0x00000000fa000000,0x00000000fa000000,0x00000000ff120000)
  from space 6720K, 68% used [0x00000000ff8b0000,0x00000000ffd2fba8,0x00000000fff40000)
  to   space 7232K, 0% used [0x00000000ff120000,0x00000000ff120000,0x00000000ff830000)
 ParOldGen       total 65280K, used 46190K [0x00000000e8000000, 0x00000000ebfc0000, 0x00000000fa000000)
  object space 65280K, 70% used [0x00000000e8000000,0x00000000ead1b9c0,0x00000000ebfc0000)
 PSPermGen       total 100416K, used 61335K [0x00000000e0000000, 0x00000000e6210000, 0x00000000e8000000)
  object space 100416K, 61% used [0x00000000e0000000,0x00000000e3be5d48,0x00000000e6210000)
}
Event: 132.468 GC heap before
{Heap before GC invocations=36 (full 1):
 PSYoungGen      total 89792K, used 87678K [0x00000000fa000000, 0x00000000fff40000, 0x0000000100000000)
  eden space 83072K, 100% used [0x00000000fa000000,0x00000000ff120000,0x00000000ff120000)
  from space 6720K, 68% used [0x00000000ff8b0000,0x00000000ffd2fba8,0x00000000fff40000)
  to   space 7232K, 0% used [0x00000000ff120000,0x00000000ff120000,0x00000000ff830000)
 ParOldGen       total 65280K, used 46190K [0x00000000e8000000, 0x00000000ebfc0000, 0x00000000fa000000)
  object space 65280K, 70% used [0x00000000e8000000,0x00000000ead1b9c0,0x00000000ebfc0000)
 PSPermGen       total 100416K, used 61336K [0x00000000e0000000, 0x00000000e6210000, 0x00000000e8000000)
  object space 100416K, 61% used [0x00000000e0000000,0x00000000e3be6208,0x00000000e6210000)
Event: 132.481 GC heap after
Heap after GC invocations=36 (full 1):
 PSYoungGen      total 90304K, used 4638K [0x00000000fa000000, 0x0000000100000000, 0x0000000100000000)
  eden space 83072K, 0% used [0x00000000fa000000,0x00000000fa000000,0x00000000ff120000)
  from space 7232K, 64% used [0x00000000ff120000,0x00000000ff5a7ba8,0x00000000ff830000)
  to   space 6976K, 0% used [0x00000000ff930000,0x00000000ff930000,0x0000000100000000)
 ParOldGen       total 65280K, used 46190K [0x00000000e8000000, 0x00000000ebfc0000, 0x00000000fa000000)
  object space 65280K, 70% used [0x00000000e8000000,0x00000000ead1b9c0,0x00000000ebfc0000)
 PSPermGen       total 100416K, used 61336K [0x00000000e0000000, 0x00000000e6210000, 0x00000000e8000000)
  object space 100416K, 61% used [0x00000000e0000000,0x00000000e3be6208,0x00000000e6210000)
}
Event: 451.191 GC heap before
{Heap before GC invocations=37 (full 1):
 PSYoungGen      total 90304K, used 87710K [0x00000000fa000000, 0x0000000100000000, 0x0000000100000000)
  eden space 83072K, 99% used [0x00000000fa000000,0x00000000ff11ffe8,0x00000000ff120000)
  from space 7232K, 64% used [0x00000000ff120000,0x00000000ff5a7ba8,0x00000000ff830000)
  to   space 6976K, 0% used [0x00000000ff930000,0x00000000ff930000,0x0000000100000000)
 ParOldGen       total 65280K, used 46190K [0x00000000e8000000, 0x00000000ebfc0000, 0x00000000fa000000)
  object space 65280K, 70% used [0x00000000e8000000,0x00000000ead1b9c0,0x00000000ebfc0000)
 PSPermGen       total 100416K, used 61514K [0x00000000e0000000, 0x00000000e6210000, 0x00000000e8000000)
  object space 100416K, 61% used [0x00000000e0000000,0x00000000e3c12800,0x00000000e6210000)
Event: 451.204 GC heap after
Heap after GC invocations=37 (full 1):
 PSYoungGen      total 90688K, used 5082K [0x00000000fa000000, 0x00000000fffa0000, 0x0000000100000000)
  eden space 84096K, 0% used [0x00000000fa000000,0x00000000fa000000,0x00000000ff220000)
  from space 6592K, 77% used [0x00000000ff930000,0x00000000ffe26850,0x00000000fffa0000)
  to   space 6912K, 0% used [0x00000000ff220000,0x00000000ff220000,0x00000000ff8e0000)
 ParOldGen       total 65280K, used 46190K [0x00000000e8000000, 0x00000000ebfc0000, 0x00000000fa000000)
  object space 65280K, 70% used [0x00000000e8000000,0x00000000ead1b9c0,0x00000000ebfc0000)
 PSPermGen       total 100416K, used 61514K [0x00000000e0000000, 0x00000000e6210000, 0x00000000e8000000)
  object space 100416K, 61% used [0x00000000e0000000,0x00000000e3c12800,0x00000000e6210000)
}
Event: 1075.026 GC heap before
{Heap before GC invocations=38 (full 1):
 PSYoungGen      total 90688K, used 89178K [0x00000000fa000000, 0x00000000fffa0000, 0x0000000100000000)
  eden space 84096K, 100% used [0x00000000fa000000,0x00000000ff220000,0x00000000ff220000)
  from space 6592K, 77% used [0x00000000ff930000,0x00000000ffe26850,0x00000000fffa0000)
  to   space 6912K, 0% used [0x00000000ff220000,0x00000000ff220000,0x00000000ff8e0000)
 ParOldGen       total 65280K, used 46190K [0x00000000e8000000, 0x00000000ebfc0000, 0x00000000fa000000)
  object space 65280K, 70% used [0x00000000e8000000,0x00000000ead1b9c0,0x00000000ebfc0000)
 PSPermGen       total 100416K, used 61608K [0x00000000e0000000, 0x00000000e6210000, 0x00000000e8000000)
  object space 100416K, 61% used [0x00000000e0000000,0x00000000e3c2a3c0,0x00000000e6210000)
Event: 1075.042 GC heap after
Heap after GC invocations=38 (full 1):
 PSYoungGen      total 85760K, used 4987K [0x00000000fa000000, 0x00000000ffc20000, 0x0000000100000000)
  eden space 80768K, 0% used [0x00000000fa000000,0x00000000fa000000,0x00000000feee0000)
  from space 4992K, 99% used [0x00000000ff220000,0x00000000ff6fec28,0x00000000ff700000)
  to   space 5248K, 0% used [0x00000000ff700000,0x00000000ff700000,0x00000000ffc20000)
 ParOldGen       total 65280K, used 46190K [0x00000000e8000000, 0x00000000ebfc0000, 0x00000000fa000000)
  object space 65280K, 70% used [0x00000000e8000000,0x00000000ead1b9c0,0x00000000ebfc0000)
 PSPermGen       total 100416K, used 61608K [0x00000000e0000000, 0x00000000e6210000, 0x00000000e8000000)
  object space 100416K, 61% used [0x00000000e0000000,0x00000000e3c2a3c0,0x00000000e6210000)
}
Event: 1398.916 GC heap before
{Heap before GC invocations=39 (full 1):
 PSYoungGen      total 85760K, used 85755K [0x00000000fa000000, 0x00000000ffc20000, 0x0000000100000000)
  eden space 80768K, 100% used [0x00000000fa000000,0x00000000feee0000,0x00000000feee0000)
  from space 4992K, 99% used [0x00000000ff220000,0x00000000ff6fec28,0x00000000ff700000)
  to   space 5248K, 0% used [0x00000000ff700000,0x00000000ff700000,0x00000000ffc20000)
 ParOldGen       total 65280K, used 46190K [0x00000000e8000000, 0x00000000ebfc0000, 0x00000000fa000000)
  object space 65280K, 70% used [0x00000000e8000000,0x00000000ead1b9c0,0x00000000ebfc0000)
 PSPermGen       total 100416K, used 61735K [0x00000000e0000000, 0x00000000e6210000, 0x00000000e8000000)
  object space 100416K, 61% used [0x00000000e0000000,0x00000000e3c49f48,0x00000000e6210000)
Event: 1398.930 GC heap after
Heap after GC invocations=39 (full 1):
 PSYoungGen      total 81792K, used 4115K [0x00000000fa000000, 0x00000000ffb10000, 0x0000000100000000)
  eden space 77632K, 0% used [0x00000000fa000000,0x00000000fa000000,0x00000000febd0000)
  from space 4160K, 98% used [0x00000000ff700000,0x00000000ffb04fa0,0x00000000ffb10000)
  to   space 6656K, 0% used [0x00000000fee10000,0x00000000fee10000,0x00000000ff490000)
 ParOldGen       total 65280K, used 47229K [0x00000000e8000000, 0x00000000ebfc0000, 0x00000000fa000000)
  object space 65280K, 72% used [0x00000000e8000000,0x00000000eae1f420,0x00000000ebfc0000)
 PSPermGen       total 100416K, used 61735K [0x00000000e0000000, 0x00000000e6210000, 0x00000000e8000000)
  object space 100416K, 61% used [0x00000000e0000000,0x00000000e3c49f48,0x00000000e6210000)
}

