# JRE version: 7.0_11-b21
# Java VM: Java HotSpot(TM) 64-Bit Server VM (23.6-b04 mixed mode windows-amd64 compressed oops)
Heap
 PSYoungGen      total 65728K, used 17010K [0x00000000fa000000, 0x00000000fe9c0000, 0x0000000100000000)
  eden space 61056K, 20% used [0x00000000fa000000,0x00000000fac67638,0x00000000fdba0000)
  from space 4672K, 98% used [0x00000000fde50000,0x00000000fe2d32d0,0x00000000fe2e0000)
  to   space 7040K, 0% used [0x00000000fe2e0000,0x00000000fe2e0000,0x00000000fe9c0000)
 ParOldGen       total 63232K, used 55165K [0x00000000e8000000, 0x00000000ebdc0000, 0x00000000fa000000)
  object space 63232K, 87% used [0x00000000e8000000,0x00000000eb5df4d8,0x00000000ebdc0000)
 PSPermGen       total 103488K, used 70392K [0x00000000e0000000, 0x00000000e6510000, 0x00000000e8000000)
  object space 103488K, 68% used [0x00000000e0000000,0x00000000e44be3a0,0x00000000e6510000)
GC Heap History (10 events):
Event: 1358.884 GC heap before
{Heap before GC invocations=34 (full 1):
 PSYoungGen      total 78912K, used 78719K [0x00000000fa000000, 0x00000000ff7d0000, 0x0000000100000000)
  eden space 74560K, 100% used [0x00000000fa000000,0x00000000fe8d0000,0x00000000fe8d0000)
  from space 4352K, 95% used [0x00000000ff390000,0x00000000ff79fdd8,0x00000000ff7d0000)
  to   space 7680K, 0% used [0x00000000fe8d0000,0x00000000fe8d0000,0x00000000ff050000)
 ParOldGen       total 63232K, used 55165K [0x00000000e8000000, 0x00000000ebdc0000, 0x00000000fa000000)
  object space 63232K, 87% used [0x00000000e8000000,0x00000000eb5df4d8,0x00000000ebdc0000)
 PSPermGen       total 103488K, used 69772K [0x00000000e0000000, 0x00000000e6510000, 0x00000000e8000000)
  object space 103488K, 67% used [0x00000000e0000000,0x00000000e44233e8,0x00000000e6510000)
Event: 1358.898 GC heap after
Heap after GC invocations=34 (full 1):
 PSYoungGen      total 75840K, used 4254K [0x00000000fa000000, 0x00000000ff480000, 0x0000000100000000)
  eden space 71552K, 0% used [0x00000000fa000000,0x00000000fa000000,0x00000000fe5e0000)
  from space 4288K, 99% used [0x00000000fe8d0000,0x00000000fecf7980,0x00000000fed00000)
  to   space 7488K, 0% used [0x00000000fed30000,0x00000000fed30000,0x00000000ff480000)
 ParOldGen       total 63232K, used 55165K [0x00000000e8000000, 0x00000000ebdc0000, 0x00000000fa000000)
  object space 63232K, 87% used [0x00000000e8000000,0x00000000eb5df4d8,0x00000000ebdc0000)
 PSPermGen       total 103488K, used 69772K [0x00000000e0000000, 0x00000000e6510000, 0x00000000e8000000)
  object space 103488K, 67% used [0x00000000e0000000,0x00000000e44233e8,0x00000000e6510000)
}
Event: 1383.225 GC heap before
{Heap before GC invocations=35 (full 1):
 PSYoungGen      total 75840K, used 75806K [0x00000000fa000000, 0x00000000ff480000, 0x0000000100000000)
  eden space 71552K, 100% used [0x00000000fa000000,0x00000000fe5e0000,0x00000000fe5e0000)
  from space 4288K, 99% used [0x00000000fe8d0000,0x00000000fecf7980,0x00000000fed00000)
  to   space 7488K, 0% used [0x00000000fed30000,0x00000000fed30000,0x00000000ff480000)
 ParOldGen       total 63232K, used 55165K [0x00000000e8000000, 0x00000000ebdc0000, 0x00000000fa000000)
  object space 63232K, 87% used [0x00000000e8000000,0x00000000eb5df4d8,0x00000000ebdc0000)
 PSPermGen       total 103488K, used 69987K [0x00000000e0000000, 0x00000000e6510000, 0x00000000e8000000)
  object space 103488K, 67% used [0x00000000e0000000,0x00000000e4458d30,0x00000000e6510000)
Event: 1383.240 GC heap after
Heap after GC invocations=35 (full 1):
 PSYoungGen      total 72896K, used 4132K [0x00000000fa000000, 0x00000000ff140000, 0x0000000100000000)
  eden space 68736K, 0% used [0x00000000fa000000,0x00000000fa000000,0x00000000fe320000)
  from space 4160K, 99% used [0x00000000fed30000,0x00000000ff139140,0x00000000ff140000)
  to   space 7232K, 0% used [0x00000000fe320000,0x00000000fe320000,0x00000000fea30000)
 ParOldGen       total 63232K, used 55165K [0x00000000e8000000, 0x00000000ebdc0000, 0x00000000fa000000)
  object space 63232K, 87% used [0x00000000e8000000,0x00000000eb5df4d8,0x00000000ebdc0000)
 PSPermGen       total 103488K, used 69987K [0x00000000e0000000, 0x00000000e6510000, 0x00000000e8000000)
  object space 103488K, 67% used [0x00000000e0000000,0x00000000e4458d30,0x00000000e6510000)
}
Event: 1397.663 GC heap before
{Heap before GC invocations=36 (full 1):
 PSYoungGen      total 72896K, used 72868K [0x00000000fa000000, 0x00000000ff140000, 0x0000000100000000)
  eden space 68736K, 100% used [0x00000000fa000000,0x00000000fe320000,0x00000000fe320000)
  from space 4160K, 99% used [0x00000000fed30000,0x00000000ff139140,0x00000000ff140000)
  to   space 7232K, 0% used [0x00000000fe320000,0x00000000fe320000,0x00000000fea30000)
 ParOldGen       total 63232K, used 55165K [0x00000000e8000000, 0x00000000ebdc0000, 0x00000000fa000000)
  object space 63232K, 87% used [0x00000000e8000000,0x00000000eb5df4d8,0x00000000ebdc0000)
 PSPermGen       total 103488K, used 70149K [0x00000000e0000000, 0x00000000e6510000, 0x00000000e8000000)
  object space 103488K, 67% used [0x00000000e0000000,0x00000000e4481740,0x00000000e6510000)
Event: 1397.674 GC heap after
Heap after GC invocations=36 (full 1):
 PSYoungGen      total 70528K, used 4461K [0x00000000fa000000, 0x00000000fee80000, 0x0000000100000000)
  eden space 66048K, 0% used [0x00000000fa000000,0x00000000fa000000,0x00000000fe080000)
  from space 4480K, 99% used [0x00000000fe320000,0x00000000fe77b7c0,0x00000000fe780000)
  to   space 7168K, 0% used [0x00000000fe780000,0x00000000fe780000,0x00000000fee80000)
 ParOldGen       total 63232K, used 55165K [0x00000000e8000000, 0x00000000ebdc0000, 0x00000000fa000000)
  object space 63232K, 87% used [0x00000000e8000000,0x00000000eb5df4d8,0x00000000ebdc0000)
 PSPermGen       total 103488K, used 70149K [0x00000000e0000000, 0x00000000e6510000, 0x00000000e8000000)
  object space 103488K, 67% used [0x00000000e0000000,0x00000000e4481740,0x00000000e6510000)
}
Event: 1408.516 GC heap before
{Heap before GC invocations=37 (full 1):
 PSYoungGen      total 70528K, used 70509K [0x00000000fa000000, 0x00000000fee80000, 0x0000000100000000)
  eden space 66048K, 100% used [0x00000000fa000000,0x00000000fe080000,0x00000000fe080000)
  from space 4480K, 99% used [0x00000000fe320000,0x00000000fe77b7c0,0x00000000fe780000)
  to   space 7168K, 0% used [0x00000000fe780000,0x00000000fe780000,0x00000000fee80000)
 ParOldGen       total 63232K, used 55165K [0x00000000e8000000, 0x00000000ebdc0000, 0x00000000fa000000)
  object space 63232K, 87% used [0x00000000e8000000,0x00000000eb5df4d8,0x00000000ebdc0000)
 PSPermGen       total 103488K, used 70365K [0x00000000e0000000, 0x00000000e6510000, 0x00000000e8000000)
  object space 103488K, 67% used [0x00000000e0000000,0x00000000e44b7608,0x00000000e6510000)
Event: 1408.557 GC heap after
Heap after GC invocations=37 (full 1):
 PSYoungGen      total 68672K, used 5176K [0x00000000fa000000, 0x00000000fec90000, 0x0000000100000000)
  eden space 63488K, 0% used [0x00000000fa000000,0x00000000fa000000,0x00000000fde00000)
  from space 5184K, 99% used [0x00000000fe780000,0x00000000fec8e288,0x00000000fec90000)
  to   space 7296K, 0% used [0x00000000fde50000,0x00000000fde50000,0x00000000fe570000)
 ParOldGen       total 63232K, used 55165K [0x00000000e8000000, 0x00000000ebdc0000, 0x00000000fa000000)
  object space 63232K, 87% used [0x00000000e8000000,0x00000000eb5df4d8,0x00000000ebdc0000)
 PSPermGen       total 103488K, used 70365K [0x00000000e0000000, 0x00000000e6510000, 0x00000000e8000000)
  object space 103488K, 67% used [0x00000000e0000000,0x00000000e44b7608,0x00000000e6510000)
}
Event: 1415.678 GC heap before
{Heap before GC invocations=38 (full 1):
 PSYoungGen      total 68672K, used 68664K [0x00000000fa000000, 0x00000000fec90000, 0x0000000100000000)
  eden space 63488K, 100% used [0x00000000fa000000,0x00000000fde00000,0x00000000fde00000)
  from space 5184K, 99% used [0x00000000fe780000,0x00000000fec8e288,0x00000000fec90000)
  to   space 7296K, 0% used [0x00000000fde50000,0x00000000fde50000,0x00000000fe570000)
 ParOldGen       total 63232K, used 55165K [0x00000000e8000000, 0x00000000ebdc0000, 0x00000000fa000000)
  object space 63232K, 87% used [0x00000000e8000000,0x00000000eb5df4d8,0x00000000ebdc0000)
 PSPermGen       total 103488K, used 70392K [0x00000000e0000000, 0x00000000e6510000, 0x00000000e8000000)
  object space 103488K, 68% used [0x00000000e0000000,0x00000000e44be3a0,0x00000000e6510000)
Event: 1415.688 GC heap after
Heap after GC invocations=38 (full 1):
 PSYoungGen      total 65728K, used 4620K [0x00000000fa000000, 0x00000000fe9c0000, 0x0000000100000000)
  eden space 61056K, 0% used [0x00000000fa000000,0x00000000fa000000,0x00000000fdba0000)
  from space 4672K, 98% used [0x00000000fde50000,0x00000000fe2d32d0,0x00000000fe2e0000)
  to   space 7040K, 0% used [0x00000000fe2e0000,0x00000000fe2e0000,0x00000000fe9c0000)
 ParOldGen       total 63232K, used 55165K [0x00000000e8000000, 0x00000000ebdc0000, 0x00000000fa000000)
  object space 63232K, 87% used [0x00000000e8000000,0x00000000eb5df4d8,0x00000000ebdc0000)
 PSPermGen       total 103488K, used 70392K [0x00000000e0000000, 0x00000000e6510000, 0x00000000e8000000)
  object space 103488K, 68% used [0x00000000e0000000,0x00000000e44be3a0,0x00000000e6510000)
}

